mode: atomic
github.com/unionj-cloud/go-doudou/ddl/query/query.go:25.36,30.2 1 19
github.com/unionj-cloud/go-doudou/ddl/query/query.go:32.28,37.2 1 4
github.com/unionj-cloud/go-doudou/ddl/query/query.go:39.17,44.2 1 4
github.com/unionj-cloud/go-doudou/ddl/query/query.go:52.32,53.30 1 27
github.com/unionj-cloud/go-doudou/ddl/query/query.go:53.30,58.44 4 3
github.com/unionj-cloud/go-doudou/ddl/query/query.go:76.3,79.21 3 3
github.com/unionj-cloud/go-doudou/ddl/query/query.go:59.22,61.36 2 2
github.com/unionj-cloud/go-doudou/ddl/query/query.go:68.11,69.41 1 1
github.com/unionj-cloud/go-doudou/ddl/query/query.go:61.36,62.42 1 4
github.com/unionj-cloud/go-doudou/ddl/query/query.go:62.42,64.6 1 0
github.com/unionj-cloud/go-doudou/ddl/query/query.go:64.11,66.6 1 4
github.com/unionj-cloud/go-doudou/ddl/query/query.go:69.41,71.5 1 0
github.com/unionj-cloud/go-doudou/ddl/query/query.go:71.10,73.5 1 1
github.com/unionj-cloud/go-doudou/ddl/query/query.go:80.8,81.40 1 24
github.com/unionj-cloud/go-doudou/ddl/query/query.go:84.3,84.86 1 16
github.com/unionj-cloud/go-doudou/ddl/query/query.go:81.40,83.4 1 8
github.com/unionj-cloud/go-doudou/ddl/query/query.go:88.19,90.2 1 27
github.com/unionj-cloud/go-doudou/ddl/query/query.go:92.44,95.2 2 27
github.com/unionj-cloud/go-doudou/ddl/query/query.go:97.40,101.2 3 11
github.com/unionj-cloud/go-doudou/ddl/query/query.go:103.40,107.2 3 4
github.com/unionj-cloud/go-doudou/ddl/query/query.go:109.40,113.2 3 1
github.com/unionj-cloud/go-doudou/ddl/query/query.go:115.40,119.2 3 1
github.com/unionj-cloud/go-doudou/ddl/query/query.go:121.41,125.2 3 2
github.com/unionj-cloud/go-doudou/ddl/query/query.go:127.41,131.2 3 1
github.com/unionj-cloud/go-doudou/ddl/query/query.go:133.37,137.2 3 0
github.com/unionj-cloud/go-doudou/ddl/query/query.go:139.40,143.2 3 4
github.com/unionj-cloud/go-doudou/ddl/query/query.go:145.40,149.2 3 3
github.com/unionj-cloud/go-doudou/ddl/query/query.go:151.32,158.2 4 0
github.com/unionj-cloud/go-doudou/ddl/query/query.go:160.31,167.2 4 10
github.com/unionj-cloud/go-doudou/ddl/query/query.go:174.29,176.2 1 17
github.com/unionj-cloud/go-doudou/ddl/query/query.go:178.29,185.2 4 6
github.com/unionj-cloud/go-doudou/ddl/query/query.go:187.28,194.2 4 1
github.com/unionj-cloud/go-doudou/ddl/query/query.go:207.15,211.2 1 1
github.com/unionj-cloud/go-doudou/ddl/query/query.go:213.35,216.2 2 2
github.com/unionj-cloud/go-doudou/ddl/query/query.go:218.44,222.2 3 2
github.com/unionj-cloud/go-doudou/ddl/query/query.go:225.28,228.23 2 2
github.com/unionj-cloud/go-doudou/ddl/query/query.go:239.2,241.16 2 2
github.com/unionj-cloud/go-doudou/ddl/query/query.go:245.2,245.39 1 2
github.com/unionj-cloud/go-doudou/ddl/query/query.go:228.23,231.34 2 2
github.com/unionj-cloud/go-doudou/ddl/query/query.go:231.34,232.13 1 3
github.com/unionj-cloud/go-doudou/ddl/query/query.go:235.4,235.63 1 3
github.com/unionj-cloud/go-doudou/ddl/query/query.go:232.13,234.5 1 1
github.com/unionj-cloud/go-doudou/ddl/query/query.go:241.16,243.3 1 2
github.com/unionj-cloud/go-doudou/ddl/query/query.go:256.36,262.2 2 1
github.com/unionj-cloud/go-doudou/copier/copier.go:9.46,11.16 2 2
github.com/unionj-cloud/go-doudou/copier/copier.go:14.2,14.51 1 2
github.com/unionj-cloud/go-doudou/copier/copier.go:17.2,17.34 1 2
github.com/unionj-cloud/go-doudou/copier/copier.go:11.16,13.3 1 0
github.com/unionj-cloud/go-doudou/copier/copier.go:14.51,16.3 1 0
github.com/unionj-cloud/go-doudou/hashutils/hashutils.go:9.32,10.17 1 4
github.com/unionj-cloud/go-doudou/hashutils/hashutils.go:13.2,13.51 1 4
github.com/unionj-cloud/go-doudou/hashutils/hashutils.go:10.17,12.3 1 0
github.com/unionj-cloud/go-doudou/hashutils/hashutils.go:16.54,18.2 1 1
github.com/unionj-cloud/go-doudou/hashutils/hashutils.go:20.34,22.2 1 1
github.com/unionj-cloud/go-doudou/fileutils/fileutils.go:6.46,7.39 1 1
github.com/unionj-cloud/go-doudou/fileutils/fileutils.go:14.2,14.8 1 1
github.com/unionj-cloud/go-doudou/fileutils/fileutils.go:7.39,8.25 1 1
github.com/unionj-cloud/go-doudou/fileutils/fileutils.go:8.25,9.48 1 1
github.com/unionj-cloud/go-doudou/fileutils/fileutils.go:9.48,11.5 1 0
github.com/unionj-cloud/go-doudou/sliceutils/sliceutils.go:8.66,10.29 2 0
github.com/unionj-cloud/go-doudou/sliceutils/sliceutils.go:13.2,13.12 1 0
github.com/unionj-cloud/go-doudou/sliceutils/sliceutils.go:10.29,12.3 1 0
github.com/unionj-cloud/go-doudou/sliceutils/sliceutils.go:16.66,18.29 2 1
github.com/unionj-cloud/go-doudou/sliceutils/sliceutils.go:21.2,21.12 1 1
github.com/unionj-cloud/go-doudou/sliceutils/sliceutils.go:18.29,20.3 1 2
github.com/unionj-cloud/go-doudou/sliceutils/sliceutils.go:24.57,25.27 1 1
github.com/unionj-cloud/go-doudou/sliceutils/sliceutils.go:30.2,30.14 1 0
github.com/unionj-cloud/go-doudou/sliceutils/sliceutils.go:25.27,26.19 1 2
github.com/unionj-cloud/go-doudou/sliceutils/sliceutils.go:26.19,28.4 1 1
github.com/unionj-cloud/go-doudou/sliceutils/sliceutils.go:33.61,34.27 1 0
github.com/unionj-cloud/go-doudou/sliceutils/sliceutils.go:39.2,39.14 1 0
github.com/unionj-cloud/go-doudou/sliceutils/sliceutils.go:34.27,35.36 1 0
github.com/unionj-cloud/go-doudou/sliceutils/sliceutils.go:35.36,37.4 1 0
github.com/unionj-cloud/go-doudou/sliceutils/sliceutils.go:42.53,43.27 1 0
github.com/unionj-cloud/go-doudou/sliceutils/sliceutils.go:48.2,48.14 1 0
github.com/unionj-cloud/go-doudou/sliceutils/sliceutils.go:43.27,44.19 1 0
github.com/unionj-cloud/go-doudou/sliceutils/sliceutils.go:44.19,46.4 1 0
github.com/unionj-cloud/go-doudou/sliceutils/sliceutils.go:51.49,52.25 1 0
github.com/unionj-cloud/go-doudou/sliceutils/sliceutils.go:57.2,57.11 1 0
github.com/unionj-cloud/go-doudou/sliceutils/sliceutils.go:52.25,53.19 1 0
github.com/unionj-cloud/go-doudou/sliceutils/sliceutils.go:53.19,55.4 1 0
github.com/unionj-cloud/go-doudou/sliceutils/sliceutils.go:60.72,61.54 1 3
github.com/unionj-cloud/go-doudou/sliceutils/sliceutils.go:64.2,65.34 2 3
github.com/unionj-cloud/go-doudou/sliceutils/sliceutils.go:71.2,71.16 1 1
github.com/unionj-cloud/go-doudou/sliceutils/sliceutils.go:61.54,63.3 1 0
github.com/unionj-cloud/go-doudou/sliceutils/sliceutils.go:65.34,67.33 2 15
github.com/unionj-cloud/go-doudou/sliceutils/sliceutils.go:67.33,69.4 1 2
github.com/unionj-cloud/go-doudou/sliceutils/sliceutils.go:74.36,75.40 1 0
github.com/unionj-cloud/go-doudou/sliceutils/sliceutils.go:78.2,78.20 1 0
github.com/unionj-cloud/go-doudou/sliceutils/sliceutils.go:75.40,77.3 1 0
github.com/unionj-cloud/go-doudou/sliceutils/sliceutils.go:82.65,84.14 2 0
github.com/unionj-cloud/go-doudou/sliceutils/sliceutils.go:88.2,90.25 3 0
github.com/unionj-cloud/go-doudou/sliceutils/sliceutils.go:93.2,93.18 1 0
github.com/unionj-cloud/go-doudou/sliceutils/sliceutils.go:84.14,87.3 2 0
github.com/unionj-cloud/go-doudou/sliceutils/sliceutils.go:90.25,92.3 1 0
github.com/unionj-cloud/go-doudou/sliceutils/sliceutils.go:96.79,98.24 2 0
github.com/unionj-cloud/go-doudou/sliceutils/sliceutils.go:101.2,101.8 1 0
github.com/unionj-cloud/go-doudou/sliceutils/sliceutils.go:98.24,100.3 1 0
github.com/unionj-cloud/go-doudou/sliceutils/sliceutils.go:104.67,105.49 1 1
github.com/unionj-cloud/go-doudou/sliceutils/sliceutils.go:108.2,110.34 3 1
github.com/unionj-cloud/go-doudou/sliceutils/sliceutils.go:113.2,113.17 1 1
github.com/unionj-cloud/go-doudou/sliceutils/sliceutils.go:105.49,107.3 1 0
github.com/unionj-cloud/go-doudou/sliceutils/sliceutils.go:110.34,112.3 1 3
github.com/unionj-cloud/go-doudou/ip/ip.go:8.29,10.16 2 1
github.com/unionj-cloud/go-doudou/ip/ip.go:13.2,17.21 3 1
github.com/unionj-cloud/go-doudou/ip/ip.go:10.16,12.3 1 0
github.com/unionj-cloud/go-doudou/stringutils/stringutils.go:8.29,10.2 1 0
github.com/unionj-cloud/go-doudou/stringutils/stringutils.go:12.32,14.2 1 0
github.com/unionj-cloud/go-doudou/stringutils/stringutils.go:17.46,20.2 2 1
github.com/unionj-cloud/go-doudou/stringutils/stringutils.go:22.45,24.2 1 0
github.com/unionj-cloud/go-doudou/stringutils/stringutils.go:26.40,29.2 2 3
github.com/unionj-cloud/go-doudou/pathutils/pathutils.go:12.29,15.2 2 1
github.com/unionj-cloud/go-doudou/pathutils/pathutils.go:17.59,23.30 2 2
github.com/unionj-cloud/go-doudou/pathutils/pathutils.go:30.2,30.26 1 1
github.com/unionj-cloud/go-doudou/pathutils/pathutils.go:37.2,37.17 1 0
github.com/unionj-cloud/go-doudou/pathutils/pathutils.go:23.30,24.39 1 1
github.com/unionj-cloud/go-doudou/pathutils/pathutils.go:27.3,28.18 2 1
github.com/unionj-cloud/go-doudou/pathutils/pathutils.go:24.39,26.4 1 0
github.com/unionj-cloud/go-doudou/pathutils/pathutils.go:30.26,31.39 1 1
github.com/unionj-cloud/go-doudou/pathutils/pathutils.go:34.3,35.18 2 1
github.com/unionj-cloud/go-doudou/pathutils/pathutils.go:31.39,33.4 1 0
github.com/unionj-cloud/go-doudou/astutils/fiximport.go:11.41,21.17 2 1
github.com/unionj-cloud/go-doudou/astutils/fiximport.go:25.2,25.28 1 1
github.com/unionj-cloud/go-doudou/astutils/fiximport.go:21.17,22.13 1 0
github.com/unionj-cloud/go-doudou/astutils/fiximport.go:25.28,29.42 3 1
github.com/unionj-cloud/go-doudou/astutils/fiximport.go:32.3,33.17 2 1
github.com/unionj-cloud/go-doudou/astutils/fiximport.go:29.42,31.4 1 1
github.com/unionj-cloud/go-doudou/astutils/fiximport.go:33.17,34.14 1 0
github.com/unionj-cloud/go-doudou/astutils/fiximport.go:39.51,43.39 4 1
github.com/unionj-cloud/go-doudou/astutils/fiximport.go:62.2,62.23 1 1
github.com/unionj-cloud/go-doudou/astutils/fiximport.go:83.2,88.3 1 1
github.com/unionj-cloud/go-doudou/astutils/fiximport.go:43.39,45.27 2 1
github.com/unionj-cloud/go-doudou/astutils/fiximport.go:48.3,50.27 3 1
github.com/unionj-cloud/go-doudou/astutils/fiximport.go:55.3,60.5 1 1
github.com/unionj-cloud/go-doudou/astutils/fiximport.go:45.27,47.4 1 1
github.com/unionj-cloud/go-doudou/astutils/fiximport.go:50.27,51.47 1 0
github.com/unionj-cloud/go-doudou/astutils/fiximport.go:51.47,53.5 1 0
github.com/unionj-cloud/go-doudou/astutils/fiximport.go:62.23,63.42 1 1
github.com/unionj-cloud/go-doudou/astutils/fiximport.go:63.42,65.29 2 1
github.com/unionj-cloud/go-doudou/astutils/fiximport.go:68.4,70.29 3 1
github.com/unionj-cloud/go-doudou/astutils/fiximport.go:75.4,80.6 1 1
github.com/unionj-cloud/go-doudou/astutils/fiximport.go:65.29,67.5 1 0
github.com/unionj-cloud/go-doudou/astutils/fiximport.go:70.29,71.49 1 0
github.com/unionj-cloud/go-doudou/astutils/fiximport.go:71.49,73.6 1 0
github.com/unionj-cloud/go-doudou/astutils/interfacecollector.go:30.61,32.2 1 5
github.com/unionj-cloud/go-doudou/astutils/interfacecollector.go:34.63,35.26 1 5
github.com/unionj-cloud/go-doudou/astutils/interfacecollector.go:171.2,171.12 1 4
github.com/unionj-cloud/go-doudou/astutils/interfacecollector.go:36.20,37.12 1 0
github.com/unionj-cloud/go-doudou/astutils/interfacecollector.go:38.17,42.12 2 1
github.com/unionj-cloud/go-doudou/astutils/interfacecollector.go:43.20,44.29 1 2
github.com/unionj-cloud/go-doudou/astutils/interfacecollector.go:44.29,46.23 2 1
github.com/unionj-cloud/go-doudou/astutils/interfacecollector.go:51.4,51.36 1 1
github.com/unionj-cloud/go-doudou/astutils/interfacecollector.go:46.23,47.43 1 1
github.com/unionj-cloud/go-doudou/astutils/interfacecollector.go:47.43,49.6 1 2
github.com/unionj-cloud/go-doudou/astutils/interfacecollector.go:51.36,54.45 3 1
github.com/unionj-cloud/go-doudou/astutils/interfacecollector.go:55.29,57.51 2 1
github.com/unionj-cloud/go-doudou/astutils/interfacecollector.go:162.6,166.8 1 1
github.com/unionj-cloud/go-doudou/astutils/interfacecollector.go:57.51,58.33 1 5
github.com/unionj-cloud/go-doudou/astutils/interfacecollector.go:61.7,64.28 3 5
github.com/unionj-cloud/go-doudou/astutils/interfacecollector.go:70.7,72.52 3 5
github.com/unionj-cloud/go-doudou/astutils/interfacecollector.go:75.7,77.44 3 5
github.com/unionj-cloud/go-doudou/astutils/interfacecollector.go:114.7,114.28 1 5
github.com/unionj-cloud/go-doudou/astutils/interfacecollector.go:154.7,159.9 1 5
github.com/unionj-cloud/go-doudou/astutils/interfacecollector.go:58.33,59.31 1 0
github.com/unionj-cloud/go-doudou/astutils/interfacecollector.go:64.28,65.48 1 5
github.com/unionj-cloud/go-doudou/astutils/interfacecollector.go:65.48,67.9 1 6
github.com/unionj-cloud/go-doudou/astutils/interfacecollector.go:72.52,73.29 1 0
github.com/unionj-cloud/go-doudou/astutils/interfacecollector.go:77.44,79.32 2 15
github.com/unionj-cloud/go-doudou/astutils/interfacecollector.go:82.8,83.35 2 15
github.com/unionj-cloud/go-doudou/astutils/interfacecollector.go:101.8,102.28 2 15
github.com/unionj-cloud/go-doudou/astutils/interfacecollector.go:107.8,112.10 1 15
github.com/unionj-cloud/go-doudou/astutils/interfacecollector.go:79.32,81.9 1 12
github.com/unionj-cloud/go-doudou/astutils/interfacecollector.go:83.35,85.42 2 3
github.com/unionj-cloud/go-doudou/astutils/interfacecollector.go:85.42,86.42 1 3
github.com/unionj-cloud/go-doudou/astutils/interfacecollector.go:90.10,92.48 3 3
github.com/unionj-cloud/go-doudou/astutils/interfacecollector.go:86.42,89.11 2 1
github.com/unionj-cloud/go-doudou/astutils/interfacecollector.go:92.48,95.11 2 0
github.com/unionj-cloud/go-doudou/astutils/interfacecollector.go:95.16,98.11 2 3
github.com/unionj-cloud/go-doudou/astutils/interfacecollector.go:102.28,103.48 1 0
github.com/unionj-cloud/go-doudou/astutils/interfacecollector.go:103.48,105.10 1 0
github.com/unionj-cloud/go-doudou/astutils/interfacecollector.go:114.28,116.47 2 5
github.com/unionj-cloud/go-doudou/astutils/interfacecollector.go:116.47,118.34 2 14
github.com/unionj-cloud/go-doudou/astutils/interfacecollector.go:121.9,122.36 2 14
github.com/unionj-cloud/go-doudou/astutils/interfacecollector.go:140.9,141.30 2 14
github.com/unionj-cloud/go-doudou/astutils/interfacecollector.go:146.9,151.11 1 14
github.com/unionj-cloud/go-doudou/astutils/interfacecollector.go:118.34,120.10 1 9
github.com/unionj-cloud/go-doudou/astutils/interfacecollector.go:122.36,124.43 2 5
github.com/unionj-cloud/go-doudou/astutils/interfacecollector.go:124.43,125.43 1 5
github.com/unionj-cloud/go-doudou/astutils/interfacecollector.go:129.11,131.49 3 5
github.com/unionj-cloud/go-doudou/astutils/interfacecollector.go:125.43,128.12 2 0
github.com/unionj-cloud/go-doudou/astutils/interfacecollector.go:131.49,134.12 2 0
github.com/unionj-cloud/go-doudou/astutils/interfacecollector.go:134.17,137.12 2 5
github.com/unionj-cloud/go-doudou/astutils/interfacecollector.go:141.30,142.50 1 0
github.com/unionj-cloud/go-doudou/astutils/interfacecollector.go:142.50,144.11 1 0
github.com/unionj-cloud/go-doudou/astutils/structcollector.go:40.58,42.2 1 22
github.com/unionj-cloud/go-doudou/astutils/structcollector.go:44.39,45.30 1 77
github.com/unionj-cloud/go-doudou/astutils/structcollector.go:69.2,69.11 1 0
github.com/unionj-cloud/go-doudou/astutils/structcollector.go:46.18,47.20 1 55
github.com/unionj-cloud/go-doudou/astutils/structcollector.go:48.21,49.35 1 6
github.com/unionj-cloud/go-doudou/astutils/structcollector.go:50.25,51.52 1 10
github.com/unionj-cloud/go-doudou/astutils/structcollector.go:52.26,53.23 1 2
github.com/unionj-cloud/go-doudou/astutils/structcollector.go:54.22,55.23 1 1
github.com/unionj-cloud/go-doudou/astutils/structcollector.go:60.21,61.21 1 0
github.com/unionj-cloud/go-doudou/astutils/structcollector.go:62.20,63.72 1 1
github.com/unionj-cloud/go-doudou/astutils/structcollector.go:64.21,65.16 1 1
github.com/unionj-cloud/go-doudou/astutils/structcollector.go:66.21,67.16 1 1
github.com/unionj-cloud/go-doudou/astutils/structcollector.go:55.23,57.4 1 1
github.com/unionj-cloud/go-doudou/astutils/structcollector.go:57.9,59.4 1 0
github.com/unionj-cloud/go-doudou/astutils/structcollector.go:72.60,73.26 1 22
github.com/unionj-cloud/go-doudou/astutils/structcollector.go:150.2,150.12 1 18
github.com/unionj-cloud/go-doudou/astutils/structcollector.go:74.20,75.12 1 0
github.com/unionj-cloud/go-doudou/astutils/structcollector.go:76.17,81.12 3 4
github.com/unionj-cloud/go-doudou/astutils/structcollector.go:82.21,83.23 1 1
github.com/unionj-cloud/go-doudou/astutils/structcollector.go:89.20,90.29 1 9
github.com/unionj-cloud/go-doudou/astutils/structcollector.go:83.23,88.4 4 1
github.com/unionj-cloud/go-doudou/astutils/structcollector.go:90.29,92.23 2 7
github.com/unionj-cloud/go-doudou/astutils/structcollector.go:97.4,97.36 1 7
github.com/unionj-cloud/go-doudou/astutils/structcollector.go:92.23,93.43 1 4
github.com/unionj-cloud/go-doudou/astutils/structcollector.go:93.43,95.6 1 4
github.com/unionj-cloud/go-doudou/astutils/structcollector.go:97.36,101.45 4 7
github.com/unionj-cloud/go-doudou/astutils/structcollector.go:102.26,104.49 2 7
github.com/unionj-cloud/go-doudou/astutils/structcollector.go:141.6,145.8 1 7
github.com/unionj-cloud/go-doudou/astutils/structcollector.go:104.49,106.27 2 25
github.com/unionj-cloud/go-doudou/astutils/structcollector.go:110.7,111.27 2 25
github.com/unionj-cloud/go-doudou/astutils/structcollector.go:117.7,120.29 3 25
github.com/unionj-cloud/go-doudou/astutils/structcollector.go:130.7,130.34 1 25
github.com/unionj-cloud/go-doudou/astutils/structcollector.go:106.27,108.8 1 8
github.com/unionj-cloud/go-doudou/astutils/structcollector.go:111.27,112.47 1 2
github.com/unionj-cloud/go-doudou/astutils/structcollector.go:112.47,114.9 1 2
github.com/unionj-cloud/go-doudou/astutils/structcollector.go:120.29,121.41 1 24
github.com/unionj-cloud/go-doudou/astutils/structcollector.go:121.41,123.9 1 24
github.com/unionj-cloud/go-doudou/astutils/structcollector.go:124.13,128.8 3 1
github.com/unionj-cloud/go-doudou/astutils/structcollector.go:130.34,138.8 2 25
github.com/unionj-cloud/go-doudou/astutils/structcollector.go:154.53,156.40 2 1
github.com/unionj-cloud/go-doudou/astutils/structcollector.go:161.2,162.40 2 1
github.com/unionj-cloud/go-doudou/astutils/structcollector.go:199.2,199.15 1 1
github.com/unionj-cloud/go-doudou/astutils/structcollector.go:156.40,157.55 1 2
github.com/unionj-cloud/go-doudou/astutils/structcollector.go:157.55,159.4 1 2
github.com/unionj-cloud/go-doudou/astutils/structcollector.go:162.40,163.46 1 2
github.com/unionj-cloud/go-doudou/astutils/structcollector.go:166.3,166.64 1 1
github.com/unionj-cloud/go-doudou/astutils/structcollector.go:169.3,178.47 5 1
github.com/unionj-cloud/go-doudou/astutils/structcollector.go:191.3,191.41 1 1
github.com/unionj-cloud/go-doudou/astutils/structcollector.go:196.3,196.39 1 1
github.com/unionj-cloud/go-doudou/astutils/structcollector.go:163.46,164.12 1 1
github.com/unionj-cloud/go-doudou/astutils/structcollector.go:166.64,167.12 1 0
github.com/unionj-cloud/go-doudou/astutils/structcollector.go:178.47,179.50 1 8
github.com/unionj-cloud/go-doudou/astutils/structcollector.go:179.50,180.61 1 1
github.com/unionj-cloud/go-doudou/astutils/structcollector.go:180.61,181.43 1 1
github.com/unionj-cloud/go-doudou/astutils/structcollector.go:181.43,183.7 1 3
github.com/unionj-cloud/go-doudou/astutils/structcollector.go:185.10,188.5 2 7
github.com/unionj-cloud/go-doudou/astutils/structcollector.go:191.41,192.43 1 3
github.com/unionj-cloud/go-doudou/astutils/structcollector.go:192.43,194.5 1 3
github.com/unionj-cloud/go-doudou/astutils/structcollector.go:202.47,203.62 1 1
github.com/unionj-cloud/go-doudou/astutils/structcollector.go:203.62,204.17 1 3
github.com/unionj-cloud/go-doudou/astutils/structcollector.go:207.3,207.20 1 3
github.com/unionj-cloud/go-doudou/astutils/structcollector.go:210.3,210.13 1 3
github.com/unionj-cloud/go-doudou/astutils/structcollector.go:204.17,206.4 1 0
github.com/unionj-cloud/go-doudou/astutils/structcollector.go:207.20,209.4 1 2
github.com/unionj-cloud/go-doudou/astutils/structcollector.go:214.22,222.39 4 0
github.com/unionj-cloud/go-doudou/astutils/structcollector.go:225.2,226.58 2 0
github.com/unionj-cloud/go-doudou/astutils/structcollector.go:229.2,229.67 1 0
github.com/unionj-cloud/go-doudou/astutils/structcollector.go:222.39,223.13 1 0
github.com/unionj-cloud/go-doudou/astutils/structcollector.go:226.58,227.13 1 0
github.com/unionj-cloud/go-doudou/astutils/structcollector.go:232.40,235.2 2 0
github.com/unionj-cloud/go-doudou/astutils/structcollector.go:237.44,243.2 1 2
github.com/unionj-cloud/go-doudou/cast/cast.go:12.33,15.2 2 24
github.com/unionj-cloud/go-doudou/cast/cast.go:18.38,21.2 2 32
github.com/unionj-cloud/go-doudou/cast/cast.go:24.46,27.2 2 21
github.com/unionj-cloud/go-doudou/cast/cast.go:30.39,33.2 2 19
github.com/unionj-cloud/go-doudou/cast/cast.go:36.39,39.2 2 15
github.com/unionj-cloud/go-doudou/cast/cast.go:42.35,45.2 2 52
github.com/unionj-cloud/go-doudou/cast/cast.go:48.35,51.2 2 16
github.com/unionj-cloud/go-doudou/cast/cast.go:54.35,57.2 2 16
github.com/unionj-cloud/go-doudou/cast/cast.go:60.33,63.2 2 16
github.com/unionj-cloud/go-doudou/cast/cast.go:66.31,69.2 2 26
github.com/unionj-cloud/go-doudou/cast/cast.go:72.33,75.2 2 16
github.com/unionj-cloud/go-doudou/cast/cast.go:78.37,81.2 2 16
github.com/unionj-cloud/go-doudou/cast/cast.go:84.37,87.2 2 16
github.com/unionj-cloud/go-doudou/cast/cast.go:90.37,93.2 2 16
github.com/unionj-cloud/go-doudou/cast/cast.go:96.35,99.2 2 16
github.com/unionj-cloud/go-doudou/cast/cast.go:102.37,105.2 2 214
github.com/unionj-cloud/go-doudou/cast/cast.go:108.57,111.2 2 5
github.com/unionj-cloud/go-doudou/cast/cast.go:114.64,117.2 2 13
github.com/unionj-cloud/go-doudou/cast/cast.go:120.53,123.2 2 4
github.com/unionj-cloud/go-doudou/cast/cast.go:126.51,129.2 2 7
github.com/unionj-cloud/go-doudou/cast/cast.go:132.55,135.2 2 8
github.com/unionj-cloud/go-doudou/cast/cast.go:138.56,141.2 2 4
github.com/unionj-cloud/go-doudou/cast/cast.go:144.43,147.2 2 2
github.com/unionj-cloud/go-doudou/cast/cast.go:150.40,153.2 2 4
github.com/unionj-cloud/go-doudou/cast/cast.go:156.44,159.2 2 40
github.com/unionj-cloud/go-doudou/cast/cast.go:162.38,165.2 2 4
github.com/unionj-cloud/go-doudou/cast/cast.go:168.53,171.2 2 4
github.com/unionj-cloud/go-doudou/cast/caste.go:22.56,25.23 2 66
github.com/unionj-cloud/go-doudou/cast/caste.go:26.17,27.16 1 2
github.com/unionj-cloud/go-doudou/cast/caste.go:28.14,29.25 1 49
github.com/unionj-cloud/go-doudou/cast/caste.go:30.11,31.37 1 4
github.com/unionj-cloud/go-doudou/cast/caste.go:32.13,33.30 1 2
github.com/unionj-cloud/go-doudou/cast/caste.go:34.13,35.37 1 2
github.com/unionj-cloud/go-doudou/cast/caste.go:36.12,37.37 1 2
github.com/unionj-cloud/go-doudou/cast/caste.go:38.14,39.37 1 2
github.com/unionj-cloud/go-doudou/cast/caste.go:40.14,41.37 1 2
github.com/unionj-cloud/go-doudou/cast/caste.go:42.10,43.80 1 1
github.com/unionj-cloud/go-doudou/cast/caste.go:48.62,51.23 2 57
github.com/unionj-cloud/go-doudou/cast/caste.go:52.21,53.16 1 2
github.com/unionj-cloud/go-doudou/cast/caste.go:54.75,56.9 2 28
github.com/unionj-cloud/go-doudou/cast/caste.go:57.24,59.9 2 4
github.com/unionj-cloud/go-doudou/cast/caste.go:60.14,61.40 1 22
github.com/unionj-cloud/go-doudou/cast/caste.go:66.3,66.9 1 22
github.com/unionj-cloud/go-doudou/cast/caste.go:67.10,69.9 2 1
github.com/unionj-cloud/go-doudou/cast/caste.go:61.40,63.4 1 20
github.com/unionj-cloud/go-doudou/cast/caste.go:63.9,65.4 1 2
github.com/unionj-cloud/go-doudou/cast/caste.go:74.43,77.23 2 61
github.com/unionj-cloud/go-doudou/cast/caste.go:78.12,79.16 1 18
github.com/unionj-cloud/go-doudou/cast/caste.go:80.11,81.20 1 2
github.com/unionj-cloud/go-doudou/cast/caste.go:82.11,83.19 1 12
github.com/unionj-cloud/go-doudou/cast/caste.go:86.3,86.20 1 4
github.com/unionj-cloud/go-doudou/cast/caste.go:87.14,88.39 1 28
github.com/unionj-cloud/go-doudou/cast/caste.go:89.10,90.74 1 1
github.com/unionj-cloud/go-doudou/cast/caste.go:83.19,85.4 1 8
github.com/unionj-cloud/go-doudou/cast/caste.go:95.49,98.23 2 36
github.com/unionj-cloud/go-doudou/cast/caste.go:99.15,100.16 1 4
github.com/unionj-cloud/go-doudou/cast/caste.go:101.15,102.25 1 4
github.com/unionj-cloud/go-doudou/cast/caste.go:103.11,104.25 1 2
github.com/unionj-cloud/go-doudou/cast/caste.go:105.13,106.25 1 2
github.com/unionj-cloud/go-doudou/cast/caste.go:107.13,108.25 1 2
github.com/unionj-cloud/go-doudou/cast/caste.go:109.13,110.25 1 2
github.com/unionj-cloud/go-doudou/cast/caste.go:111.12,112.25 1 2
github.com/unionj-cloud/go-doudou/cast/caste.go:113.12,114.25 1 2
github.com/unionj-cloud/go-doudou/cast/caste.go:115.14,116.25 1 2
github.com/unionj-cloud/go-doudou/cast/caste.go:117.14,118.25 1 2
github.com/unionj-cloud/go-doudou/cast/caste.go:119.14,120.25 1 2
github.com/unionj-cloud/go-doudou/cast/caste.go:121.13,122.25 1 2
github.com/unionj-cloud/go-doudou/cast/caste.go:123.14,125.17 2 3
github.com/unionj-cloud/go-doudou/cast/caste.go:128.3,128.73 1 1
github.com/unionj-cloud/go-doudou/cast/caste.go:129.12,130.8 1 4
github.com/unionj-cloud/go-doudou/cast/caste.go:133.3,133.16 1 2
github.com/unionj-cloud/go-doudou/cast/caste.go:134.10,135.73 1 1
github.com/unionj-cloud/go-doudou/cast/caste.go:125.17,127.4 1 2
github.com/unionj-cloud/go-doudou/cast/caste.go:130.8,132.4 1 2
github.com/unionj-cloud/go-doudou/cast/caste.go:140.49,143.23 2 32
github.com/unionj-cloud/go-doudou/cast/caste.go:144.15,145.25 1 2
github.com/unionj-cloud/go-doudou/cast/caste.go:146.15,147.16 1 2
github.com/unionj-cloud/go-doudou/cast/caste.go:148.11,149.25 1 2
github.com/unionj-cloud/go-doudou/cast/caste.go:150.13,151.25 1 2
github.com/unionj-cloud/go-doudou/cast/caste.go:152.13,153.25 1 2
github.com/unionj-cloud/go-doudou/cast/caste.go:154.13,155.25 1 2
github.com/unionj-cloud/go-doudou/cast/caste.go:156.12,157.25 1 2
github.com/unionj-cloud/go-doudou/cast/caste.go:158.12,159.25 1 2
github.com/unionj-cloud/go-doudou/cast/caste.go:160.14,161.25 1 2
github.com/unionj-cloud/go-doudou/cast/caste.go:162.14,163.25 1 2
github.com/unionj-cloud/go-doudou/cast/caste.go:164.14,165.25 1 2
github.com/unionj-cloud/go-doudou/cast/caste.go:166.13,167.25 1 2
github.com/unionj-cloud/go-doudou/cast/caste.go:168.14,170.17 2 3
github.com/unionj-cloud/go-doudou/cast/caste.go:173.3,173.73 1 1
github.com/unionj-cloud/go-doudou/cast/caste.go:174.12,175.8 1 4
github.com/unionj-cloud/go-doudou/cast/caste.go:178.3,178.16 1 2
github.com/unionj-cloud/go-doudou/cast/caste.go:179.10,180.73 1 1
github.com/unionj-cloud/go-doudou/cast/caste.go:170.17,172.4 1 2
github.com/unionj-cloud/go-doudou/cast/caste.go:175.8,177.4 1 2
github.com/unionj-cloud/go-doudou/cast/caste.go:185.45,188.23 2 86
github.com/unionj-cloud/go-doudou/cast/caste.go:189.11,190.23 1 16
github.com/unionj-cloud/go-doudou/cast/caste.go:191.13,192.16 1 8
github.com/unionj-cloud/go-doudou/cast/caste.go:193.13,194.23 1 12
github.com/unionj-cloud/go-doudou/cast/caste.go:195.13,196.23 1 4
github.com/unionj-cloud/go-doudou/cast/caste.go:197.12,198.23 1 4
github.com/unionj-cloud/go-doudou/cast/caste.go:199.12,200.23 1 4
github.com/unionj-cloud/go-doudou/cast/caste.go:201.14,202.23 1 4
github.com/unionj-cloud/go-doudou/cast/caste.go:203.14,204.23 1 4
github.com/unionj-cloud/go-doudou/cast/caste.go:205.14,206.23 1 8
github.com/unionj-cloud/go-doudou/cast/caste.go:207.13,208.23 1 4
github.com/unionj-cloud/go-doudou/cast/caste.go:209.15,210.23 1 6
github.com/unionj-cloud/go-doudou/cast/caste.go:211.15,212.23 1 2
github.com/unionj-cloud/go-doudou/cast/caste.go:213.14,215.17 2 3
github.com/unionj-cloud/go-doudou/cast/caste.go:218.3,218.71 1 1
github.com/unionj-cloud/go-doudou/cast/caste.go:219.12,220.8 1 4
github.com/unionj-cloud/go-doudou/cast/caste.go:223.3,223.16 1 2
github.com/unionj-cloud/go-doudou/cast/caste.go:224.11,225.16 1 2
github.com/unionj-cloud/go-doudou/cast/caste.go:226.10,227.71 1 1
github.com/unionj-cloud/go-doudou/cast/caste.go:215.17,217.4 1 2
github.com/unionj-cloud/go-doudou/cast/caste.go:220.8,222.4 1 2
github.com/unionj-cloud/go-doudou/cast/caste.go:232.45,235.23 2 34
github.com/unionj-cloud/go-doudou/cast/caste.go:236.11,237.23 1 2
github.com/unionj-cloud/go-doudou/cast/caste.go:238.13,239.23 1 2
github.com/unionj-cloud/go-doudou/cast/caste.go:240.13,241.16 1 2
github.com/unionj-cloud/go-doudou/cast/caste.go:242.13,243.23 1 2
github.com/unionj-cloud/go-doudou/cast/caste.go:244.12,245.23 1 2
github.com/unionj-cloud/go-doudou/cast/caste.go:246.12,247.23 1 2
github.com/unionj-cloud/go-doudou/cast/caste.go:248.14,249.23 1 2
github.com/unionj-cloud/go-doudou/cast/caste.go:250.14,251.23 1 2
github.com/unionj-cloud/go-doudou/cast/caste.go:252.14,253.23 1 2
github.com/unionj-cloud/go-doudou/cast/caste.go:254.13,255.23 1 2
github.com/unionj-cloud/go-doudou/cast/caste.go:256.15,257.23 1 2
github.com/unionj-cloud/go-doudou/cast/caste.go:258.15,259.23 1 2
github.com/unionj-cloud/go-doudou/cast/caste.go:260.14,262.17 2 3
github.com/unionj-cloud/go-doudou/cast/caste.go:265.3,265.71 1 1
github.com/unionj-cloud/go-doudou/cast/caste.go:266.12,267.8 1 4
github.com/unionj-cloud/go-doudou/cast/caste.go:270.3,270.16 1 2
github.com/unionj-cloud/go-doudou/cast/caste.go:271.11,272.16 1 2
github.com/unionj-cloud/go-doudou/cast/caste.go:273.10,274.71 1 1
github.com/unionj-cloud/go-doudou/cast/caste.go:262.17,264.4 1 2
github.com/unionj-cloud/go-doudou/cast/caste.go:267.8,269.4 1 2
github.com/unionj-cloud/go-doudou/cast/caste.go:279.45,282.23 2 34
github.com/unionj-cloud/go-doudou/cast/caste.go:283.11,284.23 1 2
github.com/unionj-cloud/go-doudou/cast/caste.go:285.13,286.23 1 2
github.com/unionj-cloud/go-doudou/cast/caste.go:287.13,288.23 1 2
github.com/unionj-cloud/go-doudou/cast/caste.go:289.13,290.16 1 2
github.com/unionj-cloud/go-doudou/cast/caste.go:291.12,292.23 1 2
github.com/unionj-cloud/go-doudou/cast/caste.go:293.12,294.23 1 2
github.com/unionj-cloud/go-doudou/cast/caste.go:295.14,296.23 1 2
github.com/unionj-cloud/go-doudou/cast/caste.go:297.14,298.23 1 2
github.com/unionj-cloud/go-doudou/cast/caste.go:299.14,300.23 1 2
github.com/unionj-cloud/go-doudou/cast/caste.go:301.13,302.23 1 2
github.com/unionj-cloud/go-doudou/cast/caste.go:303.15,304.23 1 2
github.com/unionj-cloud/go-doudou/cast/caste.go:305.15,306.23 1 2
github.com/unionj-cloud/go-doudou/cast/caste.go:307.14,309.17 2 3
github.com/unionj-cloud/go-doudou/cast/caste.go:312.3,312.71 1 1
github.com/unionj-cloud/go-doudou/cast/caste.go:313.12,314.8 1 4
github.com/unionj-cloud/go-doudou/cast/caste.go:317.3,317.16 1 2
github.com/unionj-cloud/go-doudou/cast/caste.go:318.11,319.16 1 2
github.com/unionj-cloud/go-doudou/cast/caste.go:320.10,321.71 1 1
github.com/unionj-cloud/go-doudou/cast/caste.go:309.17,311.4 1 2
github.com/unionj-cloud/go-doudou/cast/caste.go:314.8,316.4 1 2
github.com/unionj-cloud/go-doudou/cast/caste.go:326.43,329.23 2 34
github.com/unionj-cloud/go-doudou/cast/caste.go:330.11,331.22 1 2
github.com/unionj-cloud/go-doudou/cast/caste.go:332.13,333.22 1 2
github.com/unionj-cloud/go-doudou/cast/caste.go:334.13,335.22 1 2
github.com/unionj-cloud/go-doudou/cast/caste.go:336.13,337.22 1 2
github.com/unionj-cloud/go-doudou/cast/caste.go:338.12,339.16 1 2
github.com/unionj-cloud/go-doudou/cast/caste.go:340.12,341.22 1 2
github.com/unionj-cloud/go-doudou/cast/caste.go:342.14,343.22 1 2
github.com/unionj-cloud/go-doudou/cast/caste.go:344.14,345.22 1 2
github.com/unionj-cloud/go-doudou/cast/caste.go:346.14,347.22 1 2
github.com/unionj-cloud/go-doudou/cast/caste.go:348.13,349.22 1 2
github.com/unionj-cloud/go-doudou/cast/caste.go:350.15,351.22 1 2
github.com/unionj-cloud/go-doudou/cast/caste.go:352.15,353.22 1 2
github.com/unionj-cloud/go-doudou/cast/caste.go:354.14,356.17 2 3
github.com/unionj-cloud/go-doudou/cast/caste.go:359.3,359.70 1 1
github.com/unionj-cloud/go-doudou/cast/caste.go:360.12,361.8 1 4
github.com/unionj-cloud/go-doudou/cast/caste.go:364.3,364.16 1 2
github.com/unionj-cloud/go-doudou/cast/caste.go:365.11,366.16 1 2
github.com/unionj-cloud/go-doudou/cast/caste.go:367.10,368.70 1 1
github.com/unionj-cloud/go-doudou/cast/caste.go:356.17,358.4 1 2
github.com/unionj-cloud/go-doudou/cast/caste.go:361.8,363.4 1 2
github.com/unionj-cloud/go-doudou/cast/caste.go:373.41,376.23 2 69
github.com/unionj-cloud/go-doudou/cast/caste.go:377.11,378.16 1 12
github.com/unionj-cloud/go-doudou/cast/caste.go:379.13,380.21 1 2
github.com/unionj-cloud/go-doudou/cast/caste.go:381.13,382.21 1 6
github.com/unionj-cloud/go-doudou/cast/caste.go:383.13,384.21 1 2
github.com/unionj-cloud/go-doudou/cast/caste.go:385.12,386.21 1 2
github.com/unionj-cloud/go-doudou/cast/caste.go:387.12,388.21 1 2
github.com/unionj-cloud/go-doudou/cast/caste.go:389.14,390.21 1 2
github.com/unionj-cloud/go-doudou/cast/caste.go:391.14,392.21 1 2
github.com/unionj-cloud/go-doudou/cast/caste.go:393.14,394.21 1 6
github.com/unionj-cloud/go-doudou/cast/caste.go:395.13,396.21 1 2
github.com/unionj-cloud/go-doudou/cast/caste.go:397.15,398.21 1 10
github.com/unionj-cloud/go-doudou/cast/caste.go:399.15,400.21 1 2
github.com/unionj-cloud/go-doudou/cast/caste.go:401.14,403.17 2 12
github.com/unionj-cloud/go-doudou/cast/caste.go:406.3,406.69 1 2
github.com/unionj-cloud/go-doudou/cast/caste.go:407.12,408.8 1 4
github.com/unionj-cloud/go-doudou/cast/caste.go:411.3,411.16 1 2
github.com/unionj-cloud/go-doudou/cast/caste.go:412.11,413.16 1 2
github.com/unionj-cloud/go-doudou/cast/caste.go:414.10,415.69 1 1
github.com/unionj-cloud/go-doudou/cast/caste.go:403.17,405.4 1 10
github.com/unionj-cloud/go-doudou/cast/caste.go:408.8,410.4 1 2
github.com/unionj-cloud/go-doudou/cast/caste.go:420.43,423.23 2 42
github.com/unionj-cloud/go-doudou/cast/caste.go:424.14,426.17 2 4
github.com/unionj-cloud/go-doudou/cast/caste.go:429.3,429.65 1 2
github.com/unionj-cloud/go-doudou/cast/caste.go:430.11,431.12 1 3
github.com/unionj-cloud/go-doudou/cast/caste.go:434.3,434.22 1 2
github.com/unionj-cloud/go-doudou/cast/caste.go:435.13,436.12 1 3
github.com/unionj-cloud/go-doudou/cast/caste.go:439.3,439.22 1 2
github.com/unionj-cloud/go-doudou/cast/caste.go:440.13,441.12 1 3
github.com/unionj-cloud/go-doudou/cast/caste.go:444.3,444.22 1 2
github.com/unionj-cloud/go-doudou/cast/caste.go:445.13,446.12 1 3
github.com/unionj-cloud/go-doudou/cast/caste.go:449.3,449.22 1 2
github.com/unionj-cloud/go-doudou/cast/caste.go:450.12,451.12 1 3
github.com/unionj-cloud/go-doudou/cast/caste.go:454.3,454.22 1 2
github.com/unionj-cloud/go-doudou/cast/caste.go:455.12,456.16 1 2
github.com/unionj-cloud/go-doudou/cast/caste.go:457.14,458.22 1 2
github.com/unionj-cloud/go-doudou/cast/caste.go:459.14,460.22 1 2
github.com/unionj-cloud/go-doudou/cast/caste.go:461.14,462.22 1 2
github.com/unionj-cloud/go-doudou/cast/caste.go:463.13,464.22 1 2
github.com/unionj-cloud/go-doudou/cast/caste.go:465.15,466.12 1 3
github.com/unionj-cloud/go-doudou/cast/caste.go:469.3,469.22 1 2
github.com/unionj-cloud/go-doudou/cast/caste.go:470.15,471.12 1 3
github.com/unionj-cloud/go-doudou/cast/caste.go:474.3,474.22 1 2
github.com/unionj-cloud/go-doudou/cast/caste.go:475.12,476.8 1 4
github.com/unionj-cloud/go-doudou/cast/caste.go:479.3,479.16 1 2
github.com/unionj-cloud/go-doudou/cast/caste.go:480.11,481.16 1 2
github.com/unionj-cloud/go-doudou/cast/caste.go:482.10,483.70 1 1
github.com/unionj-cloud/go-doudou/cast/caste.go:426.17,428.4 1 2
github.com/unionj-cloud/go-doudou/cast/caste.go:431.12,433.4 1 1
github.com/unionj-cloud/go-doudou/cast/caste.go:436.12,438.4 1 1
github.com/unionj-cloud/go-doudou/cast/caste.go:441.12,443.4 1 1
github.com/unionj-cloud/go-doudou/cast/caste.go:446.12,448.4 1 1
github.com/unionj-cloud/go-doudou/cast/caste.go:451.12,453.4 1 1
github.com/unionj-cloud/go-doudou/cast/caste.go:466.12,468.4 1 1
github.com/unionj-cloud/go-doudou/cast/caste.go:471.12,473.4 1 1
github.com/unionj-cloud/go-doudou/cast/caste.go:476.8,478.4 1 2
github.com/unionj-cloud/go-doudou/cast/caste.go:488.47,491.23 2 42
github.com/unionj-cloud/go-doudou/cast/caste.go:492.14,494.17 2 4
github.com/unionj-cloud/go-doudou/cast/caste.go:497.3,497.67 1 2
github.com/unionj-cloud/go-doudou/cast/caste.go:498.11,499.12 1 3
github.com/unionj-cloud/go-doudou/cast/caste.go:502.3,502.24 1 2
github.com/unionj-cloud/go-doudou/cast/caste.go:503.13,504.12 1 3
github.com/unionj-cloud/go-doudou/cast/caste.go:507.3,507.24 1 2
github.com/unionj-cloud/go-doudou/cast/caste.go:508.13,509.12 1 3
github.com/unionj-cloud/go-doudou/cast/caste.go:512.3,512.24 1 2
github.com/unionj-cloud/go-doudou/cast/caste.go:513.13,514.12 1 3
github.com/unionj-cloud/go-doudou/cast/caste.go:517.3,517.24 1 2
github.com/unionj-cloud/go-doudou/cast/caste.go:518.12,519.12 1 3
github.com/unionj-cloud/go-doudou/cast/caste.go:522.3,522.24 1 2
github.com/unionj-cloud/go-doudou/cast/caste.go:523.12,524.24 1 2
github.com/unionj-cloud/go-doudou/cast/caste.go:525.14,526.16 1 2
github.com/unionj-cloud/go-doudou/cast/caste.go:527.14,528.24 1 2
github.com/unionj-cloud/go-doudou/cast/caste.go:529.14,530.24 1 2
github.com/unionj-cloud/go-doudou/cast/caste.go:531.13,532.24 1 2
github.com/unionj-cloud/go-doudou/cast/caste.go:533.15,534.12 1 3
github.com/unionj-cloud/go-doudou/cast/caste.go:537.3,537.24 1 2
github.com/unionj-cloud/go-doudou/cast/caste.go:538.15,539.12 1 3
github.com/unionj-cloud/go-doudou/cast/caste.go:542.3,542.24 1 2
github.com/unionj-cloud/go-doudou/cast/caste.go:543.12,544.8 1 4
github.com/unionj-cloud/go-doudou/cast/caste.go:547.3,547.16 1 2
github.com/unionj-cloud/go-doudou/cast/caste.go:548.11,549.16 1 2
github.com/unionj-cloud/go-doudou/cast/caste.go:550.10,551.72 1 1
github.com/unionj-cloud/go-doudou/cast/caste.go:494.17,496.4 1 2
github.com/unionj-cloud/go-doudou/cast/caste.go:499.12,501.4 1 1
github.com/unionj-cloud/go-doudou/cast/caste.go:504.12,506.4 1 1
github.com/unionj-cloud/go-doudou/cast/caste.go:509.12,511.4 1 1
github.com/unionj-cloud/go-doudou/cast/caste.go:514.12,516.4 1 1
github.com/unionj-cloud/go-doudou/cast/caste.go:519.12,521.4 1 1
github.com/unionj-cloud/go-doudou/cast/caste.go:534.12,536.4 1 1
github.com/unionj-cloud/go-doudou/cast/caste.go:539.12,541.4 1 1
github.com/unionj-cloud/go-doudou/cast/caste.go:544.8,546.4 1 2
github.com/unionj-cloud/go-doudou/cast/caste.go:556.47,559.23 2 42
github.com/unionj-cloud/go-doudou/cast/caste.go:560.14,562.17 2 4
github.com/unionj-cloud/go-doudou/cast/caste.go:565.3,565.67 1 2
github.com/unionj-cloud/go-doudou/cast/caste.go:566.11,567.12 1 3
github.com/unionj-cloud/go-doudou/cast/caste.go:570.3,570.24 1 2
github.com/unionj-cloud/go-doudou/cast/caste.go:571.13,572.12 1 3
github.com/unionj-cloud/go-doudou/cast/caste.go:575.3,575.24 1 2
github.com/unionj-cloud/go-doudou/cast/caste.go:576.13,577.12 1 3
github.com/unionj-cloud/go-doudou/cast/caste.go:580.3,580.24 1 2
github.com/unionj-cloud/go-doudou/cast/caste.go:581.13,582.12 1 3
github.com/unionj-cloud/go-doudou/cast/caste.go:585.3,585.24 1 2
github.com/unionj-cloud/go-doudou/cast/caste.go:586.12,587.12 1 3
github.com/unionj-cloud/go-doudou/cast/caste.go:590.3,590.24 1 2
github.com/unionj-cloud/go-doudou/cast/caste.go:591.12,592.24 1 2
github.com/unionj-cloud/go-doudou/cast/caste.go:593.14,594.24 1 2
github.com/unionj-cloud/go-doudou/cast/caste.go:595.14,596.16 1 2
github.com/unionj-cloud/go-doudou/cast/caste.go:597.14,598.24 1 2
github.com/unionj-cloud/go-doudou/cast/caste.go:599.13,600.24 1 2
github.com/unionj-cloud/go-doudou/cast/caste.go:601.15,602.12 1 3
github.com/unionj-cloud/go-doudou/cast/caste.go:605.3,605.24 1 2
github.com/unionj-cloud/go-doudou/cast/caste.go:606.15,607.12 1 3
github.com/unionj-cloud/go-doudou/cast/caste.go:610.3,610.24 1 2
github.com/unionj-cloud/go-doudou/cast/caste.go:611.12,612.8 1 4
github.com/unionj-cloud/go-doudou/cast/caste.go:615.3,615.16 1 2
github.com/unionj-cloud/go-doudou/cast/caste.go:616.11,617.16 1 2
github.com/unionj-cloud/go-doudou/cast/caste.go:618.10,619.72 1 1
github.com/unionj-cloud/go-doudou/cast/caste.go:562.17,564.4 1 2
github.com/unionj-cloud/go-doudou/cast/caste.go:567.12,569.4 1 1
github.com/unionj-cloud/go-doudou/cast/caste.go:572.12,574.4 1 1
github.com/unionj-cloud/go-doudou/cast/caste.go:577.12,579.4 1 1
github.com/unionj-cloud/go-doudou/cast/caste.go:582.12,584.4 1 1
github.com/unionj-cloud/go-doudou/cast/caste.go:587.12,589.4 1 1
github.com/unionj-cloud/go-doudou/cast/caste.go:602.12,604.4 1 1
github.com/unionj-cloud/go-doudou/cast/caste.go:607.12,609.4 1 1
github.com/unionj-cloud/go-doudou/cast/caste.go:612.8,614.4 1 2
github.com/unionj-cloud/go-doudou/cast/caste.go:624.47,627.23 2 42
github.com/unionj-cloud/go-doudou/cast/caste.go:628.14,630.17 2 4
github.com/unionj-cloud/go-doudou/cast/caste.go:633.3,633.67 1 2
github.com/unionj-cloud/go-doudou/cast/caste.go:634.11,635.12 1 3
github.com/unionj-cloud/go-doudou/cast/caste.go:638.3,638.24 1 2
github.com/unionj-cloud/go-doudou/cast/caste.go:639.13,640.12 1 3
github.com/unionj-cloud/go-doudou/cast/caste.go:643.3,643.24 1 2
github.com/unionj-cloud/go-doudou/cast/caste.go:644.13,645.12 1 3
github.com/unionj-cloud/go-doudou/cast/caste.go:648.3,648.24 1 2
github.com/unionj-cloud/go-doudou/cast/caste.go:649.13,650.12 1 3
github.com/unionj-cloud/go-doudou/cast/caste.go:653.3,653.24 1 2
github.com/unionj-cloud/go-doudou/cast/caste.go:654.12,655.12 1 3
github.com/unionj-cloud/go-doudou/cast/caste.go:658.3,658.24 1 2
github.com/unionj-cloud/go-doudou/cast/caste.go:659.12,660.24 1 2
github.com/unionj-cloud/go-doudou/cast/caste.go:661.14,662.24 1 2
github.com/unionj-cloud/go-doudou/cast/caste.go:663.14,664.24 1 2
github.com/unionj-cloud/go-doudou/cast/caste.go:665.14,666.16 1 2
github.com/unionj-cloud/go-doudou/cast/caste.go:667.13,668.24 1 2
github.com/unionj-cloud/go-doudou/cast/caste.go:669.15,670.12 1 3
github.com/unionj-cloud/go-doudou/cast/caste.go:673.3,673.24 1 2
github.com/unionj-cloud/go-doudou/cast/caste.go:674.15,675.12 1 3
github.com/unionj-cloud/go-doudou/cast/caste.go:678.3,678.24 1 2
github.com/unionj-cloud/go-doudou/cast/caste.go:679.12,680.8 1 4
github.com/unionj-cloud/go-doudou/cast/caste.go:683.3,683.16 1 2
github.com/unionj-cloud/go-doudou/cast/caste.go:684.11,685.16 1 2
github.com/unionj-cloud/go-doudou/cast/caste.go:686.10,687.72 1 1
github.com/unionj-cloud/go-doudou/cast/caste.go:630.17,632.4 1 2
github.com/unionj-cloud/go-doudou/cast/caste.go:635.12,637.4 1 1
github.com/unionj-cloud/go-doudou/cast/caste.go:640.12,642.4 1 1
github.com/unionj-cloud/go-doudou/cast/caste.go:645.12,647.4 1 1
github.com/unionj-cloud/go-doudou/cast/caste.go:650.12,652.4 1 1
github.com/unionj-cloud/go-doudou/cast/caste.go:655.12,657.4 1 1
github.com/unionj-cloud/go-doudou/cast/caste.go:670.12,672.4 1 1
github.com/unionj-cloud/go-doudou/cast/caste.go:675.12,677.4 1 1
github.com/unionj-cloud/go-doudou/cast/caste.go:680.8,682.4 1 2
github.com/unionj-cloud/go-doudou/cast/caste.go:692.45,695.23 2 42
github.com/unionj-cloud/go-doudou/cast/caste.go:696.14,698.17 2 4
github.com/unionj-cloud/go-doudou/cast/caste.go:701.3,701.66 1 2
github.com/unionj-cloud/go-doudou/cast/caste.go:702.11,703.12 1 3
github.com/unionj-cloud/go-doudou/cast/caste.go:706.3,706.23 1 2
github.com/unionj-cloud/go-doudou/cast/caste.go:707.13,708.12 1 3
github.com/unionj-cloud/go-doudou/cast/caste.go:711.3,711.23 1 2
github.com/unionj-cloud/go-doudou/cast/caste.go:712.13,713.12 1 3
github.com/unionj-cloud/go-doudou/cast/caste.go:716.3,716.23 1 2
github.com/unionj-cloud/go-doudou/cast/caste.go:717.13,718.12 1 3
github.com/unionj-cloud/go-doudou/cast/caste.go:721.3,721.23 1 2
github.com/unionj-cloud/go-doudou/cast/caste.go:722.12,723.12 1 3
github.com/unionj-cloud/go-doudou/cast/caste.go:726.3,726.23 1 2
github.com/unionj-cloud/go-doudou/cast/caste.go:727.12,728.23 1 2
github.com/unionj-cloud/go-doudou/cast/caste.go:729.14,730.23 1 2
github.com/unionj-cloud/go-doudou/cast/caste.go:731.14,732.23 1 2
github.com/unionj-cloud/go-doudou/cast/caste.go:733.14,734.23 1 2
github.com/unionj-cloud/go-doudou/cast/caste.go:735.13,736.16 1 2
github.com/unionj-cloud/go-doudou/cast/caste.go:737.15,738.12 1 3
github.com/unionj-cloud/go-doudou/cast/caste.go:741.3,741.23 1 2
github.com/unionj-cloud/go-doudou/cast/caste.go:742.15,743.12 1 3
github.com/unionj-cloud/go-doudou/cast/caste.go:746.3,746.23 1 2
github.com/unionj-cloud/go-doudou/cast/caste.go:747.12,748.8 1 4
github.com/unionj-cloud/go-doudou/cast/caste.go:751.3,751.16 1 2
github.com/unionj-cloud/go-doudou/cast/caste.go:752.11,753.16 1 2
github.com/unionj-cloud/go-doudou/cast/caste.go:754.10,755.71 1 1
github.com/unionj-cloud/go-doudou/cast/caste.go:698.17,700.4 1 2
github.com/unionj-cloud/go-doudou/cast/caste.go:703.12,705.4 1 1
github.com/unionj-cloud/go-doudou/cast/caste.go:708.12,710.4 1 1
github.com/unionj-cloud/go-doudou/cast/caste.go:713.12,715.4 1 1
github.com/unionj-cloud/go-doudou/cast/caste.go:718.12,720.4 1 1
github.com/unionj-cloud/go-doudou/cast/caste.go:723.12,725.4 1 1
github.com/unionj-cloud/go-doudou/cast/caste.go:738.12,740.4 1 1
github.com/unionj-cloud/go-doudou/cast/caste.go:743.12,745.4 1 1
github.com/unionj-cloud/go-doudou/cast/caste.go:748.8,750.4 1 2
github.com/unionj-cloud/go-doudou/cast/caste.go:763.42,764.14 1 719
github.com/unionj-cloud/go-doudou/cast/caste.go:767.2,767.53 1 697
github.com/unionj-cloud/go-doudou/cast/caste.go:771.2,772.44 2 2
github.com/unionj-cloud/go-doudou/cast/caste.go:775.2,775.22 1 2
github.com/unionj-cloud/go-doudou/cast/caste.go:764.14,766.3 1 22
github.com/unionj-cloud/go-doudou/cast/caste.go:767.53,770.3 1 695
github.com/unionj-cloud/go-doudou/cast/caste.go:772.44,774.3 1 3
github.com/unionj-cloud/go-doudou/cast/caste.go:783.59,784.14 1 250
github.com/unionj-cloud/go-doudou/cast/caste.go:788.2,792.120 4 248
github.com/unionj-cloud/go-doudou/cast/caste.go:795.2,795.22 1 248
github.com/unionj-cloud/go-doudou/cast/caste.go:784.14,786.3 1 2
github.com/unionj-cloud/go-doudou/cast/caste.go:792.120,794.3 1 1
github.com/unionj-cloud/go-doudou/cast/caste.go:799.47,802.23 2 250
github.com/unionj-cloud/go-doudou/cast/caste.go:803.14,804.16 1 171
github.com/unionj-cloud/go-doudou/cast/caste.go:805.12,806.36 1 4
github.com/unionj-cloud/go-doudou/cast/caste.go:807.15,808.50 1 6
github.com/unionj-cloud/go-doudou/cast/caste.go:809.15,810.59 1 6
github.com/unionj-cloud/go-doudou/cast/caste.go:811.11,812.30 1 12
github.com/unionj-cloud/go-doudou/cast/caste.go:813.13,814.39 1 6
github.com/unionj-cloud/go-doudou/cast/caste.go:815.13,816.35 1 6
github.com/unionj-cloud/go-doudou/cast/caste.go:817.13,818.46 1 2
github.com/unionj-cloud/go-doudou/cast/caste.go:819.12,820.46 1 6
github.com/unionj-cloud/go-doudou/cast/caste.go:821.12,822.48 1 2
github.com/unionj-cloud/go-doudou/cast/caste.go:823.14,824.48 1 2
github.com/unionj-cloud/go-doudou/cast/caste.go:825.14,826.48 1 2
github.com/unionj-cloud/go-doudou/cast/caste.go:827.14,828.48 1 2
github.com/unionj-cloud/go-doudou/cast/caste.go:829.13,830.48 1 2
github.com/unionj-cloud/go-doudou/cast/caste.go:831.14,832.24 1 2
github.com/unionj-cloud/go-doudou/cast/caste.go:833.21,834.24 1 2
github.com/unionj-cloud/go-doudou/cast/caste.go:835.20,836.24 1 2
github.com/unionj-cloud/go-doudou/cast/caste.go:837.19,838.24 1 2
github.com/unionj-cloud/go-doudou/cast/caste.go:839.20,840.24 1 2
github.com/unionj-cloud/go-doudou/cast/caste.go:841.25,842.24 1 2
github.com/unionj-cloud/go-doudou/cast/caste.go:843.11,844.17 1 2
github.com/unionj-cloud/go-doudou/cast/caste.go:845.20,846.25 1 1
github.com/unionj-cloud/go-doudou/cast/caste.go:847.13,848.24 1 1
github.com/unionj-cloud/go-doudou/cast/caste.go:849.10,850.73 1 5
github.com/unionj-cloud/go-doudou/cast/caste.go:855.67,858.23 2 14
github.com/unionj-cloud/go-doudou/cast/caste.go:859.25,860.16 1 2
github.com/unionj-cloud/go-doudou/cast/caste.go:861.30,862.25 1 2
github.com/unionj-cloud/go-doudou/cast/caste.go:865.3,865.16 1 2
github.com/unionj-cloud/go-doudou/cast/caste.go:866.30,867.25 1 2
github.com/unionj-cloud/go-doudou/cast/caste.go:870.3,870.16 1 2
github.com/unionj-cloud/go-doudou/cast/caste.go:871.35,872.25 1 2
github.com/unionj-cloud/go-doudou/cast/caste.go:875.3,875.16 1 2
github.com/unionj-cloud/go-doudou/cast/caste.go:876.14,878.16 2 4
github.com/unionj-cloud/go-doudou/cast/caste.go:879.10,880.83 1 2
github.com/unionj-cloud/go-doudou/cast/caste.go:862.25,864.4 1 6
github.com/unionj-cloud/go-doudou/cast/caste.go:867.25,869.4 1 6
github.com/unionj-cloud/go-doudou/cast/caste.go:872.25,874.4 1 6
github.com/unionj-cloud/go-doudou/cast/caste.go:885.74,888.23 2 32
github.com/unionj-cloud/go-doudou/cast/caste.go:945.2,945.15 1 4
github.com/unionj-cloud/go-doudou/cast/caste.go:889.27,890.16 1 6
github.com/unionj-cloud/go-doudou/cast/caste.go:891.32,892.25 1 2
github.com/unionj-cloud/go-doudou/cast/caste.go:895.3,895.16 1 2
github.com/unionj-cloud/go-doudou/cast/caste.go:896.25,897.25 1 2
github.com/unionj-cloud/go-doudou/cast/caste.go:900.30,901.25 1 6
github.com/unionj-cloud/go-doudou/cast/caste.go:911.3,911.16 1 6
github.com/unionj-cloud/go-doudou/cast/caste.go:912.32,913.25 1 2
github.com/unionj-cloud/go-doudou/cast/caste.go:916.3,916.16 1 2
github.com/unionj-cloud/go-doudou/cast/caste.go:917.30,918.25 1 2
github.com/unionj-cloud/go-doudou/cast/caste.go:921.3,921.16 1 2
github.com/unionj-cloud/go-doudou/cast/caste.go:922.37,923.25 1 2
github.com/unionj-cloud/go-doudou/cast/caste.go:926.3,926.16 1 2
github.com/unionj-cloud/go-doudou/cast/caste.go:927.35,928.25 1 4
github.com/unionj-cloud/go-doudou/cast/caste.go:939.14,941.16 2 4
github.com/unionj-cloud/go-doudou/cast/caste.go:942.10,943.85 1 2
github.com/unionj-cloud/go-doudou/cast/caste.go:892.25,894.4 1 6
github.com/unionj-cloud/go-doudou/cast/caste.go:897.25,899.4 1 6
github.com/unionj-cloud/go-doudou/cast/caste.go:901.25,902.28 1 16
github.com/unionj-cloud/go-doudou/cast/caste.go:903.23,904.39 1 6
github.com/unionj-cloud/go-doudou/cast/caste.go:905.18,906.24 1 4
github.com/unionj-cloud/go-doudou/cast/caste.go:907.12,908.45 1 6
github.com/unionj-cloud/go-doudou/cast/caste.go:913.25,915.4 1 6
github.com/unionj-cloud/go-doudou/cast/caste.go:918.25,920.4 1 6
github.com/unionj-cloud/go-doudou/cast/caste.go:923.25,925.4 1 6
github.com/unionj-cloud/go-doudou/cast/caste.go:928.25,930.18 2 8
github.com/unionj-cloud/go-doudou/cast/caste.go:933.4,934.18 2 7
github.com/unionj-cloud/go-doudou/cast/caste.go:937.4,937.18 1 6
github.com/unionj-cloud/go-doudou/cast/caste.go:930.18,932.5 1 1
github.com/unionj-cloud/go-doudou/cast/caste.go:934.18,936.5 1 1
github.com/unionj-cloud/go-doudou/cast/caste.go:949.63,952.23 2 11
github.com/unionj-cloud/go-doudou/cast/caste.go:953.35,954.25 1 2
github.com/unionj-cloud/go-doudou/cast/caste.go:957.3,957.16 1 2
github.com/unionj-cloud/go-doudou/cast/caste.go:958.30,959.25 1 2
github.com/unionj-cloud/go-doudou/cast/caste.go:962.3,962.16 1 2
github.com/unionj-cloud/go-doudou/cast/caste.go:963.23,964.16 1 2
github.com/unionj-cloud/go-doudou/cast/caste.go:965.14,967.16 2 3
github.com/unionj-cloud/go-doudou/cast/caste.go:968.10,969.81 1 2
github.com/unionj-cloud/go-doudou/cast/caste.go:954.25,956.4 1 4
github.com/unionj-cloud/go-doudou/cast/caste.go:959.25,961.4 1 4
github.com/unionj-cloud/go-doudou/cast/caste.go:974.66,977.23 2 11
github.com/unionj-cloud/go-doudou/cast/caste.go:978.35,979.25 1 2
github.com/unionj-cloud/go-doudou/cast/caste.go:982.3,982.16 1 2
github.com/unionj-cloud/go-doudou/cast/caste.go:983.30,984.16 1 2
github.com/unionj-cloud/go-doudou/cast/caste.go:985.14,987.16 2 5
github.com/unionj-cloud/go-doudou/cast/caste.go:988.10,989.88 1 2
github.com/unionj-cloud/go-doudou/cast/caste.go:979.25,981.4 1 4
github.com/unionj-cloud/go-doudou/cast/caste.go:994.61,996.14 2 17
github.com/unionj-cloud/go-doudou/cast/caste.go:1000.2,1000.23 1 16
github.com/unionj-cloud/go-doudou/cast/caste.go:1018.2,1018.45 1 7
github.com/unionj-cloud/go-doudou/cast/caste.go:1022.2,1024.37 3 6
github.com/unionj-cloud/go-doudou/cast/caste.go:1031.2,1031.15 1 6
github.com/unionj-cloud/go-doudou/cast/caste.go:996.14,998.3 1 1
github.com/unionj-cloud/go-doudou/cast/caste.go:1001.35,1002.25 1 2
github.com/unionj-cloud/go-doudou/cast/caste.go:1005.3,1005.16 1 2
github.com/unionj-cloud/go-doudou/cast/caste.go:1006.30,1007.25 1 2
github.com/unionj-cloud/go-doudou/cast/caste.go:1010.3,1010.16 1 2
github.com/unionj-cloud/go-doudou/cast/caste.go:1011.22,1012.16 1 2
github.com/unionj-cloud/go-doudou/cast/caste.go:1013.14,1015.16 2 3
github.com/unionj-cloud/go-doudou/cast/caste.go:1002.25,1004.4 1 4
github.com/unionj-cloud/go-doudou/cast/caste.go:1007.25,1009.4 1 4
github.com/unionj-cloud/go-doudou/cast/caste.go:1018.45,1020.3 1 1
github.com/unionj-cloud/go-doudou/cast/caste.go:1024.37,1026.17 2 12
github.com/unionj-cloud/go-doudou/cast/caste.go:1029.3,1029.49 1 12
github.com/unionj-cloud/go-doudou/cast/caste.go:1026.17,1028.4 1 0
github.com/unionj-cloud/go-doudou/cast/caste.go:1035.65,1037.14 2 19
github.com/unionj-cloud/go-doudou/cast/caste.go:1041.2,1041.23 1 18
github.com/unionj-cloud/go-doudou/cast/caste.go:1059.2,1059.45 1 9
github.com/unionj-cloud/go-doudou/cast/caste.go:1062.2,1064.37 3 8
github.com/unionj-cloud/go-doudou/cast/caste.go:1071.2,1071.15 1 8
github.com/unionj-cloud/go-doudou/cast/caste.go:1037.14,1039.3 1 1
github.com/unionj-cloud/go-doudou/cast/caste.go:1042.35,1043.25 1 2
github.com/unionj-cloud/go-doudou/cast/caste.go:1046.3,1046.16 1 2
github.com/unionj-cloud/go-doudou/cast/caste.go:1047.30,1048.25 1 2
github.com/unionj-cloud/go-doudou/cast/caste.go:1051.3,1051.16 1 2
github.com/unionj-cloud/go-doudou/cast/caste.go:1052.24,1053.16 1 2
github.com/unionj-cloud/go-doudou/cast/caste.go:1054.14,1056.16 2 3
github.com/unionj-cloud/go-doudou/cast/caste.go:1043.25,1045.4 1 4
github.com/unionj-cloud/go-doudou/cast/caste.go:1048.25,1050.4 1 4
github.com/unionj-cloud/go-doudou/cast/caste.go:1059.45,1061.3 1 1
github.com/unionj-cloud/go-doudou/cast/caste.go:1064.37,1066.17 2 16
github.com/unionj-cloud/go-doudou/cast/caste.go:1069.3,1069.49 1 16
github.com/unionj-cloud/go-doudou/cast/caste.go:1066.17,1068.4 1 0
github.com/unionj-cloud/go-doudou/cast/caste.go:1075.53,1078.23 2 6
github.com/unionj-cloud/go-doudou/cast/caste.go:1079.21,1080.30 1 2
github.com/unionj-cloud/go-doudou/cast/caste.go:1081.32,1082.23 1 2
github.com/unionj-cloud/go-doudou/cast/caste.go:1085.3,1085.16 1 2
github.com/unionj-cloud/go-doudou/cast/caste.go:1086.10,1087.79 1 2
github.com/unionj-cloud/go-doudou/cast/caste.go:1082.23,1084.4 1 4
github.com/unionj-cloud/go-doudou/cast/caste.go:1092.50,1093.14 1 11
github.com/unionj-cloud/go-doudou/cast/caste.go:1097.2,1097.23 1 10
github.com/unionj-cloud/go-doudou/cast/caste.go:1102.2,1103.14 2 8
github.com/unionj-cloud/go-doudou/cast/caste.go:1093.14,1095.3 1 1
github.com/unionj-cloud/go-doudou/cast/caste.go:1098.14,1099.16 1 2
github.com/unionj-cloud/go-doudou/cast/caste.go:1104.36,1107.32 3 7
github.com/unionj-cloud/go-doudou/cast/caste.go:1114.3,1114.16 1 6
github.com/unionj-cloud/go-doudou/cast/caste.go:1115.10,1116.79 1 1
github.com/unionj-cloud/go-doudou/cast/caste.go:1107.32,1109.18 2 19
github.com/unionj-cloud/go-doudou/cast/caste.go:1112.4,1112.14 1 18
github.com/unionj-cloud/go-doudou/cast/caste.go:1109.18,1111.5 1 1
github.com/unionj-cloud/go-doudou/cast/caste.go:1121.54,1124.23 2 59
github.com/unionj-cloud/go-doudou/cast/caste.go:1125.21,1126.23 1 20
github.com/unionj-cloud/go-doudou/cast/caste.go:1129.3,1129.16 1 20
github.com/unionj-cloud/go-doudou/cast/caste.go:1130.16,1131.16 1 8
github.com/unionj-cloud/go-doudou/cast/caste.go:1132.14,1133.23 1 2
github.com/unionj-cloud/go-doudou/cast/caste.go:1136.3,1136.16 1 2
github.com/unionj-cloud/go-doudou/cast/caste.go:1137.13,1138.23 1 2
github.com/unionj-cloud/go-doudou/cast/caste.go:1141.3,1141.16 1 2
github.com/unionj-cloud/go-doudou/cast/caste.go:1142.15,1143.23 1 2
github.com/unionj-cloud/go-doudou/cast/caste.go:1146.3,1146.16 1 2
github.com/unionj-cloud/go-doudou/cast/caste.go:1147.15,1148.23 1 2
github.com/unionj-cloud/go-doudou/cast/caste.go:1151.3,1151.16 1 2
github.com/unionj-cloud/go-doudou/cast/caste.go:1152.17,1153.23 1 2
github.com/unionj-cloud/go-doudou/cast/caste.go:1156.3,1156.16 1 2
github.com/unionj-cloud/go-doudou/cast/caste.go:1157.17,1158.23 1 2
github.com/unionj-cloud/go-doudou/cast/caste.go:1161.3,1161.16 1 2
github.com/unionj-cloud/go-doudou/cast/caste.go:1162.14,1163.32 1 12
github.com/unionj-cloud/go-doudou/cast/caste.go:1164.15,1165.35 1 2
github.com/unionj-cloud/go-doudou/cast/caste.go:1168.3,1168.16 1 2
github.com/unionj-cloud/go-doudou/cast/caste.go:1169.19,1171.17 2 4
github.com/unionj-cloud/go-doudou/cast/caste.go:1174.3,1174.28 1 2
github.com/unionj-cloud/go-doudou/cast/caste.go:1175.10,1176.74 1 1
github.com/unionj-cloud/go-doudou/cast/caste.go:1126.23,1128.4 1 58
github.com/unionj-cloud/go-doudou/cast/caste.go:1133.23,1135.4 1 4
github.com/unionj-cloud/go-doudou/cast/caste.go:1138.23,1140.4 1 4
github.com/unionj-cloud/go-doudou/cast/caste.go:1143.23,1145.4 1 4
github.com/unionj-cloud/go-doudou/cast/caste.go:1148.23,1150.4 1 4
github.com/unionj-cloud/go-doudou/cast/caste.go:1153.23,1155.4 1 4
github.com/unionj-cloud/go-doudou/cast/caste.go:1158.23,1160.4 1 4
github.com/unionj-cloud/go-doudou/cast/caste.go:1165.35,1167.4 1 4
github.com/unionj-cloud/go-doudou/cast/caste.go:1171.17,1173.4 1 2
github.com/unionj-cloud/go-doudou/cast/caste.go:1181.48,1182.14 1 11
github.com/unionj-cloud/go-doudou/cast/caste.go:1186.2,1186.23 1 10
github.com/unionj-cloud/go-doudou/cast/caste.go:1191.2,1192.14 2 8
github.com/unionj-cloud/go-doudou/cast/caste.go:1182.14,1184.3 1 1
github.com/unionj-cloud/go-doudou/cast/caste.go:1187.13,1188.16 1 2
github.com/unionj-cloud/go-doudou/cast/caste.go:1193.36,1196.32 3 7
github.com/unionj-cloud/go-doudou/cast/caste.go:1203.3,1203.16 1 6
github.com/unionj-cloud/go-doudou/cast/caste.go:1204.10,1205.77 1 1
github.com/unionj-cloud/go-doudou/cast/caste.go:1196.32,1198.18 2 13
github.com/unionj-cloud/go-doudou/cast/caste.go:1201.4,1201.14 1 12
github.com/unionj-cloud/go-doudou/cast/caste.go:1198.18,1200.5 1 1
github.com/unionj-cloud/go-doudou/cast/caste.go:1210.63,1211.14 1 11
github.com/unionj-cloud/go-doudou/cast/caste.go:1215.2,1215.23 1 10
github.com/unionj-cloud/go-doudou/cast/caste.go:1220.2,1221.14 2 8
github.com/unionj-cloud/go-doudou/cast/caste.go:1211.14,1213.3 1 1
github.com/unionj-cloud/go-doudou/cast/caste.go:1216.23,1217.16 1 2
github.com/unionj-cloud/go-doudou/cast/caste.go:1222.36,1225.32 3 7
github.com/unionj-cloud/go-doudou/cast/caste.go:1232.3,1232.16 1 6
github.com/unionj-cloud/go-doudou/cast/caste.go:1233.10,1234.97 1 1
github.com/unionj-cloud/go-doudou/cast/caste.go:1225.32,1227.18 2 13
github.com/unionj-cloud/go-doudou/cast/caste.go:1230.4,1230.14 1 12
github.com/unionj-cloud/go-doudou/cast/caste.go:1227.18,1229.5 1 1
github.com/unionj-cloud/go-doudou/cast/caste.go:1241.48,1268.2 1 49
github.com/unionj-cloud/go-doudou/cast/caste.go:1270.69,1271.33 1 49
github.com/unionj-cloud/go-doudou/cast/caste.go:1276.2,1276.53 1 1
github.com/unionj-cloud/go-doudou/cast/caste.go:1271.33,1272.47 1 608
github.com/unionj-cloud/go-doudou/cast/caste.go:1272.47,1274.4 1 48
github.com/unionj-cloud/go-doudou/cast/caste.go:1281.56,1284.2 2 22
github.com/unionj-cloud/go-doudou/name/exec.go:23.29,24.40 1 1
github.com/unionj-cloud/go-doudou/name/exec.go:28.2,30.16 3 1
github.com/unionj-cloud/go-doudou/name/exec.go:33.2,39.16 6 1
github.com/unionj-cloud/go-doudou/name/exec.go:42.2,54.48 5 1
github.com/unionj-cloud/go-doudou/name/exec.go:24.40,26.3 1 0
github.com/unionj-cloud/go-doudou/name/exec.go:30.16,31.13 1 0
github.com/unionj-cloud/go-doudou/name/exec.go:39.16,40.13 1 0
github.com/unionj-cloud/go-doudou/ddl/codegen/base.go:12.59,21.21 3 1
github.com/unionj-cloud/go-doudou/ddl/codegen/base.go:24.2,25.57 2 1
github.com/unionj-cloud/go-doudou/ddl/codegen/base.go:29.2,30.52 2 1
github.com/unionj-cloud/go-doudou/ddl/codegen/base.go:44.2,44.12 1 1
github.com/unionj-cloud/go-doudou/ddl/codegen/base.go:21.21,23.3 1 0
github.com/unionj-cloud/go-doudou/ddl/codegen/base.go:25.57,27.3 1 0
github.com/unionj-cloud/go-doudou/ddl/codegen/base.go:30.52,31.47 1 1
github.com/unionj-cloud/go-doudou/ddl/codegen/base.go:34.3,35.100 2 1
github.com/unionj-cloud/go-doudou/ddl/codegen/base.go:38.3,38.44 1 1
github.com/unionj-cloud/go-doudou/ddl/codegen/base.go:31.47,33.4 1 0
github.com/unionj-cloud/go-doudou/ddl/codegen/base.go:35.100,37.4 1 0
github.com/unionj-cloud/go-doudou/ddl/codegen/base.go:38.44,40.4 1 0
github.com/unionj-cloud/go-doudou/ddl/codegen/base.go:41.8,43.3 1 0
github.com/unionj-cloud/go-doudou/ddl/codegen/dao.go:14.73,23.21 3 2
github.com/unionj-cloud/go-doudou/ddl/codegen/dao.go:26.2,27.57 2 2
github.com/unionj-cloud/go-doudou/ddl/codegen/dao.go:30.2,31.51 2 2
github.com/unionj-cloud/go-doudou/ddl/codegen/dao.go:50.2,50.12 1 2
github.com/unionj-cloud/go-doudou/ddl/codegen/dao.go:23.21,25.3 1 0
github.com/unionj-cloud/go-doudou/ddl/codegen/dao.go:27.57,29.3 1 0
github.com/unionj-cloud/go-doudou/ddl/codegen/dao.go:31.51,32.46 1 2
github.com/unionj-cloud/go-doudou/ddl/codegen/dao.go:35.3,37.98 2 2
github.com/unionj-cloud/go-doudou/ddl/codegen/dao.go:40.3,44.18 1 2
github.com/unionj-cloud/go-doudou/ddl/codegen/dao.go:32.46,34.4 1 0
github.com/unionj-cloud/go-doudou/ddl/codegen/dao.go:37.98,39.4 1 0
github.com/unionj-cloud/go-doudou/ddl/codegen/dao.go:44.18,46.4 1 0
github.com/unionj-cloud/go-doudou/ddl/codegen/dao.go:47.8,49.3 1 0
github.com/unionj-cloud/go-doudou/ddl/codegen/dao.sql.go:15.74,28.21 3 1
github.com/unionj-cloud/go-doudou/ddl/codegen/dao.sql.go:31.2,32.57 2 1
github.com/unionj-cloud/go-doudou/ddl/codegen/dao.sql.go:36.2,37.51 2 1
github.com/unionj-cloud/go-doudou/ddl/codegen/dao.sql.go:87.2,87.12 1 1
github.com/unionj-cloud/go-doudou/ddl/codegen/dao.sql.go:28.21,30.3 1 0
github.com/unionj-cloud/go-doudou/ddl/codegen/dao.sql.go:32.57,34.3 1 0
github.com/unionj-cloud/go-doudou/ddl/codegen/dao.sql.go:37.51,38.46 1 1
github.com/unionj-cloud/go-doudou/ddl/codegen/dao.sql.go:41.3,46.93 5 1
github.com/unionj-cloud/go-doudou/ddl/codegen/dao.sql.go:50.3,50.32 1 1
github.com/unionj-cloud/go-doudou/ddl/codegen/dao.sql.go:59.3,60.32 2 1
github.com/unionj-cloud/go-doudou/ddl/codegen/dao.sql.go:67.3,81.18 1 1
github.com/unionj-cloud/go-doudou/ddl/codegen/dao.sql.go:38.46,40.4 1 0
github.com/unionj-cloud/go-doudou/ddl/codegen/dao.sql.go:46.93,48.4 1 0
github.com/unionj-cloud/go-doudou/ddl/codegen/dao.sql.go:50.32,51.19 1 10
github.com/unionj-cloud/go-doudou/ddl/codegen/dao.sql.go:54.4,54.29 1 10
github.com/unionj-cloud/go-doudou/ddl/codegen/dao.sql.go:51.19,53.5 1 8
github.com/unionj-cloud/go-doudou/ddl/codegen/dao.sql.go:54.29,56.5 1 7
github.com/unionj-cloud/go-doudou/ddl/codegen/dao.sql.go:60.32,61.13 1 1
github.com/unionj-cloud/go-doudou/ddl/codegen/dao.sql.go:61.13,63.10 2 1
github.com/unionj-cloud/go-doudou/ddl/codegen/dao.sql.go:81.18,83.4 1 0
github.com/unionj-cloud/go-doudou/ddl/codegen/dao.sql.go:84.8,86.3 1 0
github.com/unionj-cloud/go-doudou/ddl/codegen/daoimpl.go:16.77,29.21 3 1
github.com/unionj-cloud/go-doudou/ddl/codegen/daoimpl.go:32.2,33.57 2 1
github.com/unionj-cloud/go-doudou/ddl/codegen/daoimpl.go:37.2,38.51 2 1
github.com/unionj-cloud/go-doudou/ddl/codegen/daoimpl.go:77.2,77.12 1 1
github.com/unionj-cloud/go-doudou/ddl/codegen/daoimpl.go:29.21,31.3 1 0
github.com/unionj-cloud/go-doudou/ddl/codegen/daoimpl.go:33.57,35.3 1 0
github.com/unionj-cloud/go-doudou/ddl/codegen/daoimpl.go:38.51,39.46 1 1
github.com/unionj-cloud/go-doudou/ddl/codegen/daoimpl.go:42.3,49.96 7 1
github.com/unionj-cloud/go-doudou/ddl/codegen/daoimpl.go:53.3,53.36 1 1
github.com/unionj-cloud/go-doudou/ddl/codegen/daoimpl.go:59.3,71.18 1 1
github.com/unionj-cloud/go-doudou/ddl/codegen/daoimpl.go:39.46,41.4 1 0
github.com/unionj-cloud/go-doudou/ddl/codegen/daoimpl.go:49.96,51.4 1 0
github.com/unionj-cloud/go-doudou/ddl/codegen/daoimpl.go:53.36,54.17 1 1
github.com/unionj-cloud/go-doudou/ddl/codegen/daoimpl.go:54.17,56.10 2 1
github.com/unionj-cloud/go-doudou/ddl/codegen/daoimpl.go:71.18,73.4 1 0
github.com/unionj-cloud/go-doudou/ddl/codegen/daoimpl.go:74.8,76.3 1 0
github.com/unionj-cloud/go-doudou/ddl/codegen/domain.go:14.66,21.55 2 1
github.com/unionj-cloud/go-doudou/ddl/codegen/domain.go:25.2,26.49 2 1
github.com/unionj-cloud/go-doudou/ddl/codegen/domain.go:42.2,42.12 1 1
github.com/unionj-cloud/go-doudou/ddl/codegen/domain.go:21.55,23.3 1 0
github.com/unionj-cloud/go-doudou/ddl/codegen/domain.go:26.49,27.44 1 1
github.com/unionj-cloud/go-doudou/ddl/codegen/domain.go:30.3,34.70 4 1
github.com/unionj-cloud/go-doudou/ddl/codegen/domain.go:38.3,38.44 1 1
github.com/unionj-cloud/go-doudou/ddl/codegen/domain.go:27.44,29.4 1 0
github.com/unionj-cloud/go-doudou/ddl/codegen/domain.go:34.70,36.4 1 0
github.com/unionj-cloud/go-doudou/ddl/codegen/domain.go:39.8,41.3 1 0
github.com/unionj-cloud/go-doudou/timeutils/timeutils.go:10.71,15.31 2 2
github.com/unionj-cloud/go-doudou/timeutils/timeutils.go:20.2,20.14 1 2
github.com/unionj-cloud/go-doudou/timeutils/timeutils.go:23.2,23.17 1 2
github.com/unionj-cloud/go-doudou/timeutils/timeutils.go:15.31,16.49 1 2
github.com/unionj-cloud/go-doudou/timeutils/timeutils.go:16.49,18.4 1 1
github.com/unionj-cloud/go-doudou/timeutils/timeutils.go:20.14,22.3 1 1
github.com/unionj-cloud/go-doudou/svc/config.go:7.45,8.19 1 2
github.com/unionj-cloud/go-doudou/svc/config.go:11.2,11.12 1 2
github.com/unionj-cloud/go-doudou/svc/config.go:8.19,10.3 1 1
github.com/unionj-cloud/go-doudou/svc/config.go:16.48,17.15 1 7
github.com/unionj-cloud/go-doudou/svc/config.go:33.2,33.12 1 7
github.com/unionj-cloud/go-doudou/svc/config.go:18.15,19.36 1 1
github.com/unionj-cloud/go-doudou/svc/config.go:20.15,21.36 1 1
github.com/unionj-cloud/go-doudou/svc/config.go:22.15,23.36 1 1
github.com/unionj-cloud/go-doudou/svc/config.go:24.14,25.35 1 1
github.com/unionj-cloud/go-doudou/svc/config.go:26.15,27.36 1 1
github.com/unionj-cloud/go-doudou/svc/config.go:28.15,29.36 1 1
github.com/unionj-cloud/go-doudou/svc/config.go:30.10,31.35 1 1
github.com/unionj-cloud/go-doudou/svc/svc.go:26.28,33.30 3 1
github.com/unionj-cloud/go-doudou/svc/svc.go:39.2,49.28 8 1
github.com/unionj-cloud/go-doudou/svc/svc.go:33.30,34.40 1 0
github.com/unionj-cloud/go-doudou/svc/svc.go:34.40,35.14 1 0
github.com/unionj-cloud/go-doudou/svc/svc.go:49.28,52.23 3 1
github.com/unionj-cloud/go-doudou/svc/svc.go:57.3,57.46 1 1
github.com/unionj-cloud/go-doudou/svc/svc.go:63.3,64.26 2 1
github.com/unionj-cloud/go-doudou/svc/svc.go:52.23,54.4 1 0
github.com/unionj-cloud/go-doudou/svc/svc.go:54.9,56.4 1 1
github.com/unionj-cloud/go-doudou/svc/svc.go:57.46,58.27 1 0
github.com/unionj-cloud/go-doudou/svc/svc.go:59.14,60.33 1 0
github.com/unionj-cloud/go-doudou/svc/svc.go:68.46,69.29 1 3
github.com/unionj-cloud/go-doudou/svc/svc.go:72.2,73.42 2 3
github.com/unionj-cloud/go-doudou/svc/svc.go:69.29,70.51 1 0
github.com/unionj-cloud/go-doudou/svc/svc.go:73.42,78.39 4 12
github.com/unionj-cloud/go-doudou/svc/svc.go:108.3,108.28 1 12
github.com/unionj-cloud/go-doudou/svc/svc.go:78.39,79.39 1 36
github.com/unionj-cloud/go-doudou/svc/svc.go:82.4,82.87 1 24
github.com/unionj-cloud/go-doudou/svc/svc.go:85.4,85.32 1 24
github.com/unionj-cloud/go-doudou/svc/svc.go:79.39,80.13 1 12
github.com/unionj-cloud/go-doudou/svc/svc.go:82.87,83.163 1 0
github.com/unionj-cloud/go-doudou/svc/svc.go:85.32,88.72 3 7
github.com/unionj-cloud/go-doudou/svc/svc.go:98.5,98.41 1 4
github.com/unionj-cloud/go-doudou/svc/svc.go:105.5,105.52 1 4
github.com/unionj-cloud/go-doudou/svc/svc.go:88.72,90.41 2 3
github.com/unionj-cloud/go-doudou/svc/svc.go:90.41,91.44 1 3
github.com/unionj-cloud/go-doudou/svc/svc.go:95.7,95.15 1 3
github.com/unionj-cloud/go-doudou/svc/svc.go:91.44,94.8 2 3
github.com/unionj-cloud/go-doudou/svc/svc.go:98.41,99.44 1 0
github.com/unionj-cloud/go-doudou/svc/svc.go:103.6,103.14 1 0
github.com/unionj-cloud/go-doudou/svc/svc.go:99.44,102.7 2 0
github.com/unionj-cloud/go-doudou/svc/svc.go:108.28,109.122 1 1
github.com/unionj-cloud/go-doudou/svc/svc.go:114.28,116.2 1 2
github.com/unionj-cloud/go-doudou/svc/internal/codegen/config.go:32.28,41.59 3 1
github.com/unionj-cloud/go-doudou/svc/internal/codegen/config.go:45.2,46.54 2 1
github.com/unionj-cloud/go-doudou/svc/internal/codegen/config.go:41.59,42.13 1 0
github.com/unionj-cloud/go-doudou/svc/internal/codegen/config.go:46.54,47.49 1 1
github.com/unionj-cloud/go-doudou/svc/internal/codegen/config.go:50.3,52.78 2 1
github.com/unionj-cloud/go-doudou/svc/internal/codegen/config.go:55.3,55.44 1 1
github.com/unionj-cloud/go-doudou/svc/internal/codegen/config.go:47.49,48.14 1 0
github.com/unionj-cloud/go-doudou/svc/internal/codegen/config.go:52.78,53.14 1 0
github.com/unionj-cloud/go-doudou/svc/internal/codegen/config.go:55.44,56.14 1 0
github.com/unionj-cloud/go-doudou/svc/internal/codegen/config.go:58.8,60.3 1 0
github.com/unionj-cloud/go-doudou/svc/internal/codegen/httphandlerimpl.go:45.69,59.57 3 1
github.com/unionj-cloud/go-doudou/svc/internal/codegen/httphandlerimpl.go:63.2,64.59 2 1
github.com/unionj-cloud/go-doudou/svc/internal/codegen/httphandlerimpl.go:59.57,60.13 1 0
github.com/unionj-cloud/go-doudou/svc/internal/codegen/httphandlerimpl.go:64.59,66.44 2 1
github.com/unionj-cloud/go-doudou/svc/internal/codegen/httphandlerimpl.go:69.3,70.59 2 1
github.com/unionj-cloud/go-doudou/svc/internal/codegen/httphandlerimpl.go:73.3,75.54 2 1
github.com/unionj-cloud/go-doudou/svc/internal/codegen/httphandlerimpl.go:78.3,83.103 5 1
github.com/unionj-cloud/go-doudou/svc/internal/codegen/httphandlerimpl.go:86.3,96.18 1 1
github.com/unionj-cloud/go-doudou/svc/internal/codegen/httphandlerimpl.go:100.3,101.54 2 1
github.com/unionj-cloud/go-doudou/svc/internal/codegen/httphandlerimpl.go:66.44,67.14 1 0
github.com/unionj-cloud/go-doudou/svc/internal/codegen/httphandlerimpl.go:70.59,71.14 1 0
github.com/unionj-cloud/go-doudou/svc/internal/codegen/httphandlerimpl.go:75.54,76.14 1 0
github.com/unionj-cloud/go-doudou/svc/internal/codegen/httphandlerimpl.go:83.103,84.14 1 0
github.com/unionj-cloud/go-doudou/svc/internal/codegen/httphandlerimpl.go:96.18,97.14 1 0
github.com/unionj-cloud/go-doudou/svc/internal/codegen/httphandlerimpl.go:102.8,104.3 1 0
github.com/unionj-cloud/go-doudou/svc/internal/codegen/httphandlerimpl.go:272.31,275.2 2 10
github.com/unionj-cloud/go-doudou/svc/internal/codegen/httphandlerimpl.go:277.32,279.2 1 4
github.com/unionj-cloud/go-doudou/svc/internal/codegen/httphandlerimpl.go:283.93,300.57 3 3
github.com/unionj-cloud/go-doudou/svc/internal/codegen/httphandlerimpl.go:304.2,306.39 3 3
github.com/unionj-cloud/go-doudou/svc/internal/codegen/httphandlerimpl.go:310.2,311.16 2 3
github.com/unionj-cloud/go-doudou/svc/internal/codegen/httphandlerimpl.go:314.2,314.15 1 3
github.com/unionj-cloud/go-doudou/svc/internal/codegen/httphandlerimpl.go:359.2,360.46 2 3
github.com/unionj-cloud/go-doudou/svc/internal/codegen/httphandlerimpl.go:363.2,364.58 2 3
github.com/unionj-cloud/go-doudou/svc/internal/codegen/httphandlerimpl.go:367.2,376.91 9 3
github.com/unionj-cloud/go-doudou/svc/internal/codegen/httphandlerimpl.go:379.2,391.17 1 3
github.com/unionj-cloud/go-doudou/svc/internal/codegen/httphandlerimpl.go:395.2,396.16 2 3
github.com/unionj-cloud/go-doudou/svc/internal/codegen/httphandlerimpl.go:400.2,402.47 2 3
github.com/unionj-cloud/go-doudou/svc/internal/codegen/httphandlerimpl.go:300.57,301.13 1 0
github.com/unionj-cloud/go-doudou/svc/internal/codegen/httphandlerimpl.go:306.39,307.13 1 0
github.com/unionj-cloud/go-doudou/svc/internal/codegen/httphandlerimpl.go:311.16,312.13 1 0
github.com/unionj-cloud/go-doudou/svc/internal/codegen/httphandlerimpl.go:314.15,316.75 2 1
github.com/unionj-cloud/go-doudou/svc/internal/codegen/httphandlerimpl.go:319.3,324.17 5 1
github.com/unionj-cloud/go-doudou/svc/internal/codegen/httphandlerimpl.go:327.3,331.70 4 1
github.com/unionj-cloud/go-doudou/svc/internal/codegen/httphandlerimpl.go:316.75,317.14 1 0
github.com/unionj-cloud/go-doudou/svc/internal/codegen/httphandlerimpl.go:324.17,325.14 1 0
github.com/unionj-cloud/go-doudou/svc/internal/codegen/httphandlerimpl.go:331.70,333.38 2 1
github.com/unionj-cloud/go-doudou/svc/internal/codegen/httphandlerimpl.go:349.4,349.33 1 1
github.com/unionj-cloud/go-doudou/svc/internal/codegen/httphandlerimpl.go:333.38,334.38 1 5
github.com/unionj-cloud/go-doudou/svc/internal/codegen/httphandlerimpl.go:344.5,346.4 2 0
github.com/unionj-cloud/go-doudou/svc/internal/codegen/httphandlerimpl.go:334.38,335.34 1 15
github.com/unionj-cloud/go-doudou/svc/internal/codegen/httphandlerimpl.go:338.6,338.102 1 15
github.com/unionj-cloud/go-doudou/svc/internal/codegen/httphandlerimpl.go:335.34,336.15 1 0
github.com/unionj-cloud/go-doudou/svc/internal/codegen/httphandlerimpl.go:338.102,339.36 1 15
github.com/unionj-cloud/go-doudou/svc/internal/codegen/httphandlerimpl.go:339.36,340.14 1 5
github.com/unionj-cloud/go-doudou/svc/internal/codegen/httphandlerimpl.go:351.8,352.54 1 2
github.com/unionj-cloud/go-doudou/svc/internal/codegen/httphandlerimpl.go:355.3,356.33 2 2
github.com/unionj-cloud/go-doudou/svc/internal/codegen/httphandlerimpl.go:352.54,353.14 1 0
github.com/unionj-cloud/go-doudou/svc/internal/codegen/httphandlerimpl.go:360.46,361.13 1 0
github.com/unionj-cloud/go-doudou/svc/internal/codegen/httphandlerimpl.go:364.58,365.13 1 0
github.com/unionj-cloud/go-doudou/svc/internal/codegen/httphandlerimpl.go:376.91,377.13 1 0
github.com/unionj-cloud/go-doudou/svc/internal/codegen/httphandlerimpl.go:391.17,392.13 1 0
github.com/unionj-cloud/go-doudou/svc/internal/codegen/httphandlerimpl.go:396.16,397.13 1 0
github.com/unionj-cloud/go-doudou/svc/internal/codegen/svcimpl.go:46.61,59.55 3 1
github.com/unionj-cloud/go-doudou/svc/internal/codegen/svcimpl.go:59.55,61.44 2 1
github.com/unionj-cloud/go-doudou/svc/internal/codegen/svcimpl.go:64.3,65.59 2 1
github.com/unionj-cloud/go-doudou/svc/internal/codegen/svcimpl.go:68.3,70.50 2 1
github.com/unionj-cloud/go-doudou/svc/internal/codegen/svcimpl.go:73.3,75.80 2 1
github.com/unionj-cloud/go-doudou/svc/internal/codegen/svcimpl.go:78.3,88.18 1 1
github.com/unionj-cloud/go-doudou/svc/internal/codegen/svcimpl.go:92.3,93.50 2 1
github.com/unionj-cloud/go-doudou/svc/internal/codegen/svcimpl.go:61.44,62.14 1 0
github.com/unionj-cloud/go-doudou/svc/internal/codegen/svcimpl.go:65.59,66.14 1 0
github.com/unionj-cloud/go-doudou/svc/internal/codegen/svcimpl.go:70.50,71.14 1 0
github.com/unionj-cloud/go-doudou/svc/internal/codegen/svcimpl.go:75.80,76.14 1 0
github.com/unionj-cloud/go-doudou/svc/internal/codegen/svcimpl.go:88.18,89.14 1 0
github.com/unionj-cloud/go-doudou/svc/internal/codegen/svcimpl.go:94.8,96.3 1 0
github.com/unionj-cloud/go-doudou/svc/internal/codegen/httpclient.go:241.40,243.2 1 1
github.com/unionj-cloud/go-doudou/svc/internal/codegen/httpclient.go:245.62,262.59 3 1
github.com/unionj-cloud/go-doudou/svc/internal/codegen/httpclient.go:266.2,268.39 3 1
github.com/unionj-cloud/go-doudou/svc/internal/codegen/httpclient.go:271.2,271.15 1 1
github.com/unionj-cloud/go-doudou/svc/internal/codegen/httpclient.go:274.2,274.48 1 1
github.com/unionj-cloud/go-doudou/svc/internal/codegen/httpclient.go:277.2,280.16 3 1
github.com/unionj-cloud/go-doudou/svc/internal/codegen/httpclient.go:284.2,285.46 2 1
github.com/unionj-cloud/go-doudou/svc/internal/codegen/httpclient.go:288.2,289.58 2 1
github.com/unionj-cloud/go-doudou/svc/internal/codegen/httpclient.go:292.2,303.86 11 1
github.com/unionj-cloud/go-doudou/svc/internal/codegen/httpclient.go:306.2,316.17 1 1
github.com/unionj-cloud/go-doudou/svc/internal/codegen/httpclient.go:320.2,321.48 2 1
github.com/unionj-cloud/go-doudou/svc/internal/codegen/httpclient.go:262.59,263.13 1 0
github.com/unionj-cloud/go-doudou/svc/internal/codegen/httpclient.go:268.39,269.13 1 0
github.com/unionj-cloud/go-doudou/svc/internal/codegen/httpclient.go:271.15,273.3 1 0
github.com/unionj-cloud/go-doudou/svc/internal/codegen/httpclient.go:274.48,275.13 1 0
github.com/unionj-cloud/go-doudou/svc/internal/codegen/httpclient.go:280.16,281.13 1 0
github.com/unionj-cloud/go-doudou/svc/internal/codegen/httpclient.go:285.46,286.13 1 0
github.com/unionj-cloud/go-doudou/svc/internal/codegen/httpclient.go:289.58,290.13 1 0
github.com/unionj-cloud/go-doudou/svc/internal/codegen/httpclient.go:303.86,304.13 1 0
github.com/unionj-cloud/go-doudou/svc/internal/codegen/httpclient.go:316.17,317.13 1 0
github.com/unionj-cloud/go-doudou/svc/internal/codegen/httphandler.go:42.36,47.32 5 5
github.com/unionj-cloud/go-doudou/svc/internal/codegen/httphandler.go:52.2,52.32 1 4
github.com/unionj-cloud/go-doudou/svc/internal/codegen/httphandler.go:47.32,48.16 1 17
github.com/unionj-cloud/go-doudou/svc/internal/codegen/httphandler.go:48.16,50.4 1 1
github.com/unionj-cloud/go-doudou/svc/internal/codegen/httphandler.go:55.38,60.32 5 3
github.com/unionj-cloud/go-doudou/svc/internal/codegen/httphandler.go:65.2,65.15 1 2
github.com/unionj-cloud/go-doudou/svc/internal/codegen/httphandler.go:60.32,61.16 1 9
github.com/unionj-cloud/go-doudou/svc/internal/codegen/httphandler.go:61.16,63.4 1 1
github.com/unionj-cloud/go-doudou/svc/internal/codegen/httphandler.go:68.39,73.32 5 4
github.com/unionj-cloud/go-doudou/svc/internal/codegen/httphandler.go:78.2,78.15 1 4
github.com/unionj-cloud/go-doudou/svc/internal/codegen/httphandler.go:73.32,74.16 1 16
github.com/unionj-cloud/go-doudou/svc/internal/codegen/httphandler.go:74.16,76.4 1 0
github.com/unionj-cloud/go-doudou/svc/internal/codegen/httphandler.go:81.65,93.57 3 1
github.com/unionj-cloud/go-doudou/svc/internal/codegen/httphandler.go:97.2,99.39 3 1
github.com/unionj-cloud/go-doudou/svc/internal/codegen/httphandler.go:102.2,102.15 1 1
github.com/unionj-cloud/go-doudou/svc/internal/codegen/httphandler.go:105.2,105.49 1 1
github.com/unionj-cloud/go-doudou/svc/internal/codegen/httphandler.go:108.2,115.98 7 1
github.com/unionj-cloud/go-doudou/svc/internal/codegen/httphandler.go:118.2,118.62 1 1
github.com/unionj-cloud/go-doudou/svc/internal/codegen/httphandler.go:121.2,122.49 2 1
github.com/unionj-cloud/go-doudou/svc/internal/codegen/httphandler.go:93.57,94.13 1 0
github.com/unionj-cloud/go-doudou/svc/internal/codegen/httphandler.go:99.39,100.13 1 0
github.com/unionj-cloud/go-doudou/svc/internal/codegen/httphandler.go:102.15,104.3 1 0
github.com/unionj-cloud/go-doudou/svc/internal/codegen/httphandler.go:105.49,106.13 1 0
github.com/unionj-cloud/go-doudou/svc/internal/codegen/httphandler.go:115.98,116.13 1 0
github.com/unionj-cloud/go-doudou/svc/internal/codegen/httphandler.go:118.62,119.13 1 0
github.com/unionj-cloud/go-doudou/svc/internal/codegen/httpmiddleware.go:12.36,21.57 3 1
github.com/unionj-cloud/go-doudou/svc/internal/codegen/httpmiddleware.go:25.2,26.50 2 1
github.com/unionj-cloud/go-doudou/svc/internal/codegen/httpmiddleware.go:21.57,22.13 1 0
github.com/unionj-cloud/go-doudou/svc/internal/codegen/httpmiddleware.go:26.50,27.45 1 1
github.com/unionj-cloud/go-doudou/svc/internal/codegen/httpmiddleware.go:30.3,32.82 2 1
github.com/unionj-cloud/go-doudou/svc/internal/codegen/httpmiddleware.go:35.3,35.44 1 1
github.com/unionj-cloud/go-doudou/svc/internal/codegen/httpmiddleware.go:27.45,28.14 1 0
github.com/unionj-cloud/go-doudou/svc/internal/codegen/httpmiddleware.go:32.82,33.14 1 0
github.com/unionj-cloud/go-doudou/svc/internal/codegen/httpmiddleware.go:35.44,36.14 1 0
github.com/unionj-cloud/go-doudou/svc/internal/codegen/httpmiddleware.go:38.8,40.3 1 0
github.com/unionj-cloud/go-doudou/svc/internal/codegen/init.go:121.26,137.30 2 12
github.com/unionj-cloud/go-doudou/svc/internal/codegen/init.go:143.2,143.53 1 12
github.com/unionj-cloud/go-doudou/svc/internal/codegen/init.go:148.2,152.48 4 12
github.com/unionj-cloud/go-doudou/svc/internal/codegen/init.go:157.2,158.57 2 12
github.com/unionj-cloud/go-doudou/svc/internal/codegen/init.go:174.2,179.51 6 12
github.com/unionj-cloud/go-doudou/svc/internal/codegen/init.go:201.2,202.51 2 12
github.com/unionj-cloud/go-doudou/svc/internal/codegen/init.go:218.2,219.55 2 12
github.com/unionj-cloud/go-doudou/svc/internal/codegen/init.go:222.2,223.50 2 12
github.com/unionj-cloud/go-doudou/svc/internal/codegen/init.go:239.2,241.51 3 12
github.com/unionj-cloud/go-doudou/svc/internal/codegen/init.go:137.30,138.40 1 0
github.com/unionj-cloud/go-doudou/svc/internal/codegen/init.go:138.40,139.14 1 0
github.com/unionj-cloud/go-doudou/svc/internal/codegen/init.go:143.53,144.13 1 0
github.com/unionj-cloud/go-doudou/svc/internal/codegen/init.go:152.48,153.26 1 0
github.com/unionj-cloud/go-doudou/svc/internal/codegen/init.go:158.57,159.52 1 12
github.com/unionj-cloud/go-doudou/svc/internal/codegen/init.go:162.3,164.82 2 12
github.com/unionj-cloud/go-doudou/svc/internal/codegen/init.go:167.3,167.44 1 12
[...]
github.com/unionj-cloud/go-doudou/svc/internal/codegen/main.go:88.47,89.14 1 0
github.com/unionj-cloud/go-doudou/svc/internal/codegen/main.go:93.74,94.14 1 0
github.com/unionj-cloud/go-doudou/svc/internal/codegen/main.go:110.18,111.14 1 0
github.com/unionj-cloud/go-doudou/svc/internal/codegen/main.go:113.8,115.3 1 0
github.com/unionj-cloud/go-doudou/svc/internal/codegen/db.go:42.24,54.55 3 1
github.com/unionj-cloud/go-doudou/svc/internal/codegen/db.go:58.2,59.50 2 1
github.com/unionj-cloud/go-doudou/svc/internal/codegen/db.go:54.55,55.13 1 0
github.com/unionj-cloud/go-doudou/svc/internal/codegen/db.go:59.50,61.44 2 1
github.com/unionj-cloud/go-doudou/svc/internal/codegen/db.go:64.3,65.59 2 1
github.com/unionj-cloud/go-doudou/svc/internal/codegen/db.go:68.3,70.45 2 1
github.com/unionj-cloud/go-doudou/svc/internal/codegen/db.go:73.3,75.70 2 1
github.com/unionj-cloud/go-doudou/svc/internal/codegen/db.go:78.3,82.18 1 1
github.com/unionj-cloud/go-doudou/svc/internal/codegen/db.go:61.44,62.14 1 0
github.com/unionj-cloud/go-doudou/svc/internal/codegen/db.go:65.59,66.14 1 0
github.com/unionj-cloud/go-doudou/svc/internal/codegen/db.go:70.45,71.14 1 0
github.com/unionj-cloud/go-doudou/svc/internal/codegen/db.go:75.70,76.14 1 0
github.com/unionj-cloud/go-doudou/svc/internal/codegen/db.go:82.18,83.14 1 0
github.com/unionj-cloud/go-doudou/svc/internal/codegen/db.go:85.8,87.3 1 0
github.com/unionj-cloud/go-doudou/svc/internal/codegen/doc.go:48.52,50.12 2 58
github.com/unionj-cloud/go-doudou/svc/internal/codegen/doc.go:51.92,52.16 1 16
github.com/unionj-cloud/go-doudou/svc/internal/codegen/doc.go:53.36,54.18 1 0
github.com/unionj-cloud/go-doudou/svc/internal/codegen/doc.go:55.14,56.17 1 3
github.com/unionj-cloud/go-doudou/svc/internal/codegen/doc.go:57.25,58.19 1 18
github.com/unionj-cloud/go-doudou/svc/internal/codegen/doc.go:59.17,60.20 1 0
github.com/unionj-cloud/go-doudou/svc/internal/codegen/doc.go:61.17,62.20 1 1
github.com/unionj-cloud/go-doudou/svc/internal/codegen/doc.go:63.33,64.16 1 0
github.com/unionj-cloud/go-doudou/svc/internal/codegen/doc.go:65.30,66.17 1 0
github.com/unionj-cloud/go-doudou/svc/internal/codegen/doc.go:67.10,68.16 1 0
github.com/unionj-cloud/go-doudou/svc/internal/codegen/doc.go:69.10,70.35 1 20
github.com/unionj-cloud/go-doudou/svc/internal/codegen/doc.go:80.3,80.32 1 20
github.com/unionj-cloud/go-doudou/svc/internal/codegen/doc.go:90.3,91.33 2 18
github.com/unionj-cloud/go-doudou/svc/internal/codegen/doc.go:99.3,99.35 1 11
github.com/unionj-cloud/go-doudou/svc/internal/codegen/doc.go:105.3,105.16 1 3
github.com/unionj-cloud/go-doudou/svc/internal/codegen/doc.go:70.35,79.4 3 0
github.com/unionj-cloud/go-doudou/svc/internal/codegen/doc.go:80.32,89.4 3 2
github.com/unionj-cloud/go-doudou/svc/internal/codegen/doc.go:91.33,93.39 2 9
github.com/unionj-cloud/go-doudou/svc/internal/codegen/doc.go:93.39,97.5 1 7
github.com/unionj-cloud/go-doudou/svc/internal/codegen/doc.go:99.35,104.4 2 8
github.com/unionj-cloud/go-doudou/svc/internal/codegen/doc.go:109.53,112.16 3 41
github.com/unionj-cloud/go-doudou/svc/internal/codegen/doc.go:115.2,115.15 1 41
github.com/unionj-cloud/go-doudou/svc/internal/codegen/doc.go:112.16,113.13 1 0
github.com/unionj-cloud/go-doudou/svc/internal/codegen/doc.go:118.43,121.16 3 2
github.com/unionj-cloud/go-doudou/svc/internal/codegen/doc.go:124.2,127.34 4 2
github.com/unionj-cloud/go-doudou/svc/internal/codegen/doc.go:144.2,144.12 1 2
github.com/unionj-cloud/go-doudou/svc/internal/codegen/doc.go:121.16,122.13 1 0
github.com/unionj-cloud/go-doudou/svc/internal/codegen/doc.go:127.34,128.42 1 12
github.com/unionj-cloud/go-doudou/svc/internal/codegen/doc.go:131.3,132.37 2 12
github.com/unionj-cloud/go-doudou/svc/internal/codegen/doc.go:137.3,142.5 1 12
github.com/unionj-cloud/go-doudou/svc/internal/codegen/doc.go:128.42,129.12 1 0
github.com/unionj-cloud/go-doudou/svc/internal/codegen/doc.go:132.37,136.4 3 37
github.com/unionj-cloud/go-doudou/svc/internal/codegen/doc.go:154.46,158.2 3 14
github.com/unionj-cloud/go-doudou/svc/internal/codegen/doc.go:160.78,170.37 5 1
github.com/unionj-cloud/go-doudou/svc/internal/codegen/doc.go:175.2,175.59 1 1
github.com/unionj-cloud/go-doudou/svc/internal/codegen/doc.go:246.2,250.38 5 1
github.com/unionj-cloud/go-doudou/svc/internal/codegen/doc.go:257.2,257.13 1 1
github.com/unionj-cloud/go-doudou/svc/internal/codegen/doc.go:288.2,293.12 2 1
github.com/unionj-cloud/go-doudou/svc/internal/codegen/doc.go:170.37,171.55 1 2
github.com/unionj-cloud/go-doudou/svc/internal/codegen/doc.go:171.55,173.4 1 1
github.com/unionj-cloud/go-doudou/svc/internal/codegen/doc.go:175.59,182.38 3 0
github.com/unionj-cloud/go-doudou/svc/internal/codegen/doc.go:191.3,202.4 5 0
github.com/unionj-cloud/go-doudou/svc/internal/codegen/doc.go:182.38,183.38 1 0
github.com/unionj-cloud/go-doudou/svc/internal/codegen/doc.go:186.4,189.62 4 0
github.com/unionj-cloud/go-doudou/svc/internal/codegen/doc.go:183.38,184.13 1 0
github.com/unionj-cloud/go-doudou/svc/internal/codegen/doc.go:203.8,209.38 1 1
github.com/unionj-cloud/go-doudou/svc/internal/codegen/doc.go:209.38,210.38 1 2
github.com/unionj-cloud/go-doudou/svc/internal/codegen/doc.go:213.4,216.78 4 1
github.com/unionj-cloud/go-doudou/svc/internal/codegen/doc.go:210.38,211.13 1 1
github.com/unionj-cloud/go-doudou/svc/internal/codegen/doc.go:216.78,226.5 4 0
github.com/unionj-cloud/go-doudou/svc/internal/codegen/doc.go:226.10,226.29 1 1
github.com/unionj-cloud/go-doudou/svc/internal/codegen/doc.go:226.29,232.5 1 0
github.com/unionj-cloud/go-doudou/svc/internal/codegen/doc.go:232.10,242.5 4 1
github.com/unionj-cloud/go-doudou/svc/internal/codegen/doc.go:250.38,251.30 1 3
github.com/unionj-cloud/go-doudou/svc/internal/codegen/doc.go:251.30,254.9 3 0
github.com/unionj-cloud/go-doudou/svc/internal/codegen/doc.go:257.13,265.3 1 0
github.com/unionj-cloud/go-doudou/svc/internal/codegen/doc.go:265.8,272.39 3 1
github.com/unionj-cloud/go-doudou/svc/internal/codegen/doc.go:281.3,286.4 2 1
github.com/unionj-cloud/go-doudou/svc/internal/codegen/doc.go:272.39,274.32 2 3
github.com/unionj-cloud/go-doudou/svc/internal/codegen/doc.go:277.4,279.63 3 3
github.com/unionj-cloud/go-doudou/svc/internal/codegen/doc.go:274.32,276.5 1 0
github.com/unionj-cloud/go-doudou/svc/internal/codegen/doc.go:296.49,302.2 5 1
github.com/unionj-cloud/go-doudou/svc/internal/codegen/doc.go:304.65,305.29 1 1
github.com/unionj-cloud/go-doudou/svc/internal/codegen/doc.go:308.2,310.39 3 1
github.com/unionj-cloud/go-doudou/svc/internal/codegen/doc.go:315.2,315.16 1 1
github.com/unionj-cloud/go-doudou/svc/internal/codegen/doc.go:305.29,307.3 1 0
github.com/unionj-cloud/go-doudou/svc/internal/codegen/doc.go:310.39,314.3 3 1
github.com/unionj-cloud/go-doudou/svc/internal/codegen/doc.go:319.57,335.39 6 1
github.com/unionj-cloud/go-doudou/svc/internal/codegen/doc.go:338.2,338.15 1 1
github.com/unionj-cloud/go-doudou/svc/internal/codegen/doc.go:341.2,343.27 3 1
github.com/unionj-cloud/go-doudou/svc/internal/codegen/doc.go:346.2,364.16 5 1
github.com/unionj-cloud/go-doudou/svc/internal/codegen/doc.go:335.39,336.13 1 0
github.com/unionj-cloud/go-doudou/svc/internal/codegen/doc.go:338.15,340.3 1 0
github.com/unionj-cloud/go-doudou/svc/internal/codegen/doc.go:343.27,345.3 1 6
github.com/unionj-cloud/go-doudou/svc/internal/codegen/doc.go:364.16,365.13 1 0
github.com/unionj-cloud/go-doudou/svc/internal/codegen/dotenv.go:51.28,60.59 3 1
github.com/unionj-cloud/go-doudou/svc/internal/codegen/dotenv.go:64.2,65.54 2 1
github.com/unionj-cloud/go-doudou/svc/internal/codegen/dotenv.go:60.59,61.13 1 0
github.com/unionj-cloud/go-doudou/svc/internal/codegen/dotenv.go:65.54,66.49 1 1
github.com/unionj-cloud/go-doudou/svc/internal/codegen/dotenv.go:69.3,71.78 2 1
github.com/unionj-cloud/go-doudou/svc/internal/codegen/dotenv.go:74.3,74.44 1 1
github.com/unionj-cloud/go-doudou/svc/internal/codegen/dotenv.go:66.49,67.14 1 0
github.com/unionj-cloud/go-doudou/svc/internal/codegen/dotenv.go:71.78,72.14 1 0
github.com/unionj-cloud/go-doudou/svc/internal/codegen/dotenv.go:74.44,75.14 1 0
github.com/unionj-cloud/go-doudou/svc/internal/codegen/dotenv.go:77.8,79.3 1 0
github.com/unionj-cloud/go-doudou/cmd/root.go:53.16,55.2 1 0
github.com/unionj-cloud/go-doudou/cmd/root.go:57.13,74.2 7 1
github.com/unionj-cloud/go-doudou/cmd/root.go:77.19,78.19 1 4
github.com/unionj-cloud/go-doudou/cmd/root.go:91.2,94.45 2 4
github.com/unionj-cloud/go-doudou/cmd/root.go:78.19,81.3 1 0
github.com/unionj-cloud/go-doudou/cmd/root.go:81.8,89.3 4 4
github.com/unionj-cloud/go-doudou/cmd/root.go:94.45,96.3 1 0
github.com/unionj-cloud/go-doudou/cmd/svc.go:38.48,39.3 0 0
github.com/unionj-cloud/go-doudou/cmd/svc.go:42.13,54.2 1 1
github.com/unionj-cloud/go-doudou/cmd/ddl.go:52.47,54.60 2 1
github.com/unionj-cloud/go-doudou/cmd/ddl.go:57.3,57.40 1 1
github.com/unionj-cloud/go-doudou/cmd/ddl.go:62.3,62.62 1 1
github.com/unionj-cloud/go-doudou/cmd/ddl.go:65.3,67.17 3 1
github.com/unionj-cloud/go-doudou/cmd/ddl.go:70.3,71.11 2 1
github.com/unionj-cloud/go-doudou/cmd/ddl.go:54.60,56.4 1 0
github.com/unionj-cloud/go-doudou/cmd/ddl.go:57.40,58.44 1 1
github.com/unionj-cloud/go-doudou/cmd/ddl.go:58.44,60.5 1 0
github.com/unionj-cloud/go-doudou/cmd/ddl.go:62.62,64.4 1 0
github.com/unionj-cloud/go-doudou/cmd/ddl.go:67.17,69.4 1 0
github.com/unionj-cloud/go-doudou/cmd/ddl.go:75.13,92.2 7 1
github.com/unionj-cloud/go-doudou/cmd/http.go:46.47,48.20 2 1
github.com/unionj-cloud/go-doudou/cmd/http.go:51.3,52.62 2 1
github.com/unionj-cloud/go-doudou/cmd/http.go:55.3,56.11 2 1
github.com/unionj-cloud/go-doudou/cmd/http.go:48.20,50.4 1 0
github.com/unionj-cloud/go-doudou/cmd/http.go:52.62,54.4 1 0
github.com/unionj-cloud/go-doudou/cmd/http.go:60.13,74.2 4 1
github.com/unionj-cloud/go-doudou/cmd/init.go:41.47,43.20 2 1
github.com/unionj-cloud/go-doudou/cmd/init.go:46.3,47.62 2 1
github.com/unionj-cloud/go-doudou/cmd/init.go:50.3,54.11 2 1
github.com/unionj-cloud/go-doudou/cmd/init.go:43.20,45.4 1 1
github.com/unionj-cloud/go-doudou/cmd/init.go:47.62,49.4 1 0
github.com/unionj-cloud/go-doudou/cmd/init.go:58.13,70.2 1 1
github.com/unionj-cloud/go-doudou/cmd/name.go:43.47,46.3 2 1
github.com/unionj-cloud/go-doudou/cmd/name.go:49.13,63.2 4 1
github.com/unionj-cloud/go-doudou/ddl/table/ddl.go:8.46,13.48 2 1
github.com/unionj-cloud/go-doudou/ddl/table/ddl.go:16.2,17.45 2 1
github.com/unionj-cloud/go-doudou/ddl/table/ddl.go:20.2,20.12 1 1
github.com/unionj-cloud/go-doudou/ddl/table/ddl.go:13.48,15.3 1 0
github.com/unionj-cloud/go-doudou/ddl/table/ddl.go:17.45,19.3 1 0
github.com/unionj-cloud/go-doudou/ddl/table/ddl.go:23.50,28.56 2 3
github.com/unionj-cloud/go-doudou/ddl/table/ddl.go:31.2,32.45 2 3
github.com/unionj-cloud/go-doudou/ddl/table/ddl.go:35.2,35.12 1 1
github.com/unionj-cloud/go-doudou/ddl/table/ddl.go:28.56,30.3 1 0
github.com/unionj-cloud/go-doudou/ddl/table/ddl.go:32.45,34.3 1 2
github.com/unionj-cloud/go-doudou/ddl/table/ddl.go:38.47,43.53 2 1
github.com/unionj-cloud/go-doudou/ddl/table/ddl.go:46.2,47.45 2 1
github.com/unionj-cloud/go-doudou/ddl/table/ddl.go:50.2,50.12 1 1
github.com/unionj-cloud/go-doudou/ddl/table/ddl.go:43.53,45.3 1 0
github.com/unionj-cloud/go-doudou/ddl/table/ddl.go:47.45,49.3 1 0
github.com/unionj-cloud/go-doudou/ddl/table/table.go:36.32,38.2 1 3
github.com/unionj-cloud/go-doudou/ddl/table/table.go:39.42,41.2 1 1
github.com/unionj-cloud/go-doudou/ddl/table/table.go:42.37,44.2 1 1
github.com/unionj-cloud/go-doudou/ddl/table/table.go:52.56,53.16 1 17
github.com/unionj-cloud/go-doudou/ddl/table/table.go:69.2,69.52 1 0
github.com/unionj-cloud/go-doudou/ddl/table/table.go:54.31,55.28 1 4
github.com/unionj-cloud/go-doudou/ddl/table/table.go:56.15,57.31 1 1
github.com/unionj-cloud/go-doudou/ddl/table/table.go:58.17,59.30 1 1
github.com/unionj-cloud/go-doudou/ddl/table/table.go:60.17,61.31 1 1
github.com/unionj-cloud/go-doudou/ddl/table/table.go:62.16,63.32 1 4
github.com/unionj-cloud/go-doudou/ddl/table/table.go:64.22,65.32 1 2
github.com/unionj-cloud/go-doudou/ddl/table/table.go:66.19,67.33 1 4
github.com/unionj-cloud/go-doudou/ddl/table/table.go:72.68,74.14 2 10
github.com/unionj-cloud/go-doudou/ddl/table/table.go:77.2,77.90 1 10
github.com/unionj-cloud/go-doudou/ddl/table/table.go:96.2,96.15 1 10
github.com/unionj-cloud/go-doudou/ddl/table/table.go:74.14,76.3 1 1
github.com/unionj-cloud/go-doudou/ddl/table/table.go:77.90,79.3 1 1
github.com/unionj-cloud/go-doudou/ddl/table/table.go:79.8,79.100 1 9
github.com/unionj-cloud/go-doudou/ddl/table/table.go:79.100,81.3 1 1
github.com/unionj-cloud/go-doudou/ddl/table/table.go:81.8,81.99 1 8
github.com/unionj-cloud/go-doudou/ddl/table/table.go:81.99,83.3 1 1
github.com/unionj-cloud/go-doudou/ddl/table/table.go:83.8,83.100 1 7
github.com/unionj-cloud/go-doudou/ddl/table/table.go:83.100,85.3 1 1
github.com/unionj-cloud/go-doudou/ddl/table/table.go:85.8,85.63 1 6
github.com/unionj-cloud/go-doudou/ddl/table/table.go:85.63,87.3 1 3
github.com/unionj-cloud/go-doudou/ddl/table/table.go:87.8,87.98 1 3
github.com/unionj-cloud/go-doudou/ddl/table/table.go:87.98,89.3 1 1
github.com/unionj-cloud/go-doudou/ddl/table/table.go:89.8,89.101 1 2
github.com/unionj-cloud/go-doudou/ddl/table/table.go:89.101,91.3 1 1
github.com/unionj-cloud/go-doudou/ddl/table/table.go:91.8,91.102 1 1
github.com/unionj-cloud/go-doudou/ddl/table/table.go:91.102,93.3 1 1
github.com/unionj-cloud/go-doudou/ddl/table/table.go:93.8,94.54 1 0
github.com/unionj-cloud/go-doudou/ddl/table/table.go:99.36,101.2 1 1
github.com/unionj-cloud/go-doudou/ddl/table/table.go:103.41,105.2 1 1
github.com/unionj-cloud/go-doudou/ddl/table/table.go:107.43,109.22 2 1
github.com/unionj-cloud/go-doudou/ddl/table/table.go:112.2,112.32 1 1
github.com/unionj-cloud/go-doudou/ddl/table/table.go:109.22,111.3 1 0
github.com/unionj-cloud/go-doudou/ddl/table/table.go:115.44,117.2 1 1
github.com/unionj-cloud/go-doudou/ddl/table/table.go:119.44,121.2 1 1
github.com/unionj-cloud/go-doudou/ddl/table/table.go:138.52,140.2 1 4
github.com/unionj-cloud/go-doudou/ddl/table/table.go:142.49,144.2 1 2
github.com/unionj-cloud/go-doudou/ddl/table/table.go:174.81,183.21 3 1
github.com/unionj-cloud/go-doudou/ddl/table/table.go:186.2,186.42 1 1
github.com/unionj-cloud/go-doudou/ddl/table/table.go:355.2,355.33 1 1
github.com/unionj-cloud/go-doudou/ddl/table/table.go:362.2,365.39 3 1
github.com/unionj-cloud/go-doudou/ddl/table/table.go:374.2,374.32 1 1
github.com/unionj-cloud/go-doudou/ddl/table/table.go:383.2,385.30 2 1
github.com/unionj-cloud/go-doudou/ddl/table/table.go:395.2,395.29 1 1
github.com/unionj-cloud/go-doudou/ddl/table/table.go:404.2,412.3 2 1
github.com/unionj-cloud/go-doudou/ddl/table/table.go:183.21,185.3 1 0
github.com/unionj-cloud/go-doudou/ddl/table/table.go:186.42,201.40 3 10
github.com/unionj-cloud/go-doudou/ddl/table/table.go:322.3,322.41 1 10
github.com/unionj-cloud/go-doudou/ddl/table/table.go:326.3,326.46 1 10
github.com/unionj-cloud/go-doudou/ddl/table/table.go:330.3,330.47 1 10
github.com/unionj-cloud/go-doudou/ddl/table/table.go:335.3,335.41 1 10
github.com/unionj-cloud/go-doudou/ddl/table/table.go:340.3,352.5 1 10
github.com/unionj-cloud/go-doudou/ddl/table/table.go:201.40,204.29 3 8
github.com/unionj-cloud/go-doudou/ddl/table/table.go:210.4,210.37 1 8
github.com/unionj-cloud/go-doudou/ddl/table/table.go:204.29,205.79 1 8
github.com/unionj-cloud/go-doudou/ddl/table/table.go:205.79,207.11 2 8
github.com/unionj-cloud/go-doudou/ddl/table/table.go:210.37,212.28 2 8
github.com/unionj-cloud/go-doudou/ddl/table/table.go:212.28,214.23 2 15
github.com/unionj-cloud/go-doudou/ddl/table/table.go:214.23,217.18 3 10
github.com/unionj-cloud/go-doudou/ddl/table/table.go:218.19,220.13 2 0
github.com/unionj-cloud/go-doudou/ddl/table/table.go:221.22,223.24 2 5
github.com/unionj-cloud/go-doudou/ddl/table/table.go:226.8,226.13 1 5
github.com/unionj-cloud/go-doudou/ddl/table/table.go:227.20,229.13 2 3
github.com/unionj-cloud/go-doudou/ddl/table/table.go:230.20,235.22 5 2
github.com/unionj-cloud/go-doudou/ddl/table/table.go:238.8,239.59 2 2
github.com/unionj-cloud/go-doudou/ddl/table/table.go:244.8,253.13 2 2
github.com/unionj-cloud/go-doudou/ddl/table/table.go:254.21,259.22 5 0
github.com/unionj-cloud/go-doudou/ddl/table/table.go:262.8,263.59 2 0
github.com/unionj-cloud/go-doudou/ddl/table/table.go:268.8,277.13 2 0
github.com/unionj-cloud/go-doudou/ddl/table/table.go:223.24,225.9 1 2
github.com/unionj-cloud/go-doudou/ddl/table/table.go:235.22,236.19 1 0
github.com/unionj-cloud/go-doudou/ddl/table/table.go:239.59,241.9 1 2
github.com/unionj-cloud/go-doudou/ddl/table/table.go:241.14,243.9 1 0
github.com/unionj-cloud/go-doudou/ddl/table/table.go:259.22,260.19 1 0
github.com/unionj-cloud/go-doudou/ddl/table/table.go:263.59,265.9 1 0
github.com/unionj-cloud/go-doudou/ddl/table/table.go:265.14,267.9 1 0
github.com/unionj-cloud/go-doudou/ddl/table/table.go:279.12,281.18 2 5
github.com/unionj-cloud/go-doudou/ddl/table/table.go:282.17,284.13 2 1
github.com/unionj-cloud/go-doudou/ddl/table/table.go:285.19,287.13 2 1
github.com/unionj-cloud/go-doudou/ddl/table/table.go:288.23,290.13 2 0
github.com/unionj-cloud/go-doudou/ddl/table/table.go:291.19,293.13 2 1
github.com/unionj-cloud/go-doudou/ddl/table/table.go:294.20,304.13 2 1
github.com/unionj-cloud/go-doudou/ddl/table/table.go:305.21,315.13 2 1
github.com/unionj-cloud/go-doudou/ddl/table/table.go:322.41,324.4 1 3
github.com/unionj-cloud/go-doudou/ddl/table/table.go:326.46,328.4 1 10
github.com/unionj-cloud/go-doudou/ddl/table/table.go:330.47,333.4 2 1
github.com/unionj-cloud/go-doudou/ddl/table/table.go:335.41,338.4 2 3
github.com/unionj-cloud/go-doudou/ddl/table/table.go:355.33,356.16 1 1
github.com/unionj-cloud/go-doudou/ddl/table/table.go:356.16,358.9 2 1
github.com/unionj-cloud/go-doudou/ddl/table/table.go:365.39,366.54 1 1
github.com/unionj-cloud/go-doudou/ddl/table/table.go:366.54,369.4 2 0
github.com/unionj-cloud/go-doudou/ddl/table/table.go:369.9,371.4 1 1
github.com/unionj-cloud/go-doudou/ddl/table/table.go:374.32,375.52 1 3
github.com/unionj-cloud/go-doudou/ddl/table/table.go:375.52,378.4 2 1
github.com/unionj-cloud/go-doudou/ddl/table/table.go:378.9,380.4 1 2
github.com/unionj-cloud/go-doudou/ddl/table/table.go:385.30,393.3 3 1
github.com/unionj-cloud/go-doudou/ddl/table/table.go:395.29,402.3 3 2
github.com/unionj-cloud/go-doudou/ddl/table/table.go:415.56,418.12 3 2
github.com/unionj-cloud/go-doudou/ddl/table/table.go:421.2,421.23 1 2
github.com/unionj-cloud/go-doudou/ddl/table/table.go:424.2,425.53 2 2
github.com/unionj-cloud/go-doudou/ddl/table/table.go:428.2,428.46 1 2
github.com/unionj-cloud/go-doudou/ddl/table/table.go:431.2,431.44 1 2
github.com/unionj-cloud/go-doudou/ddl/table/table.go:444.2,444.47 1 2
github.com/unionj-cloud/go-doudou/ddl/table/table.go:447.2,447.34 1 2
github.com/unionj-cloud/go-doudou/ddl/table/table.go:461.2,465.3 1 2
github.com/unionj-cloud/go-doudou/ddl/table/table.go:418.12,420.3 1 0
github.com/unionj-cloud/go-doudou/ddl/table/table.go:421.23,423.3 1 1
github.com/unionj-cloud/go-doudou/ddl/table/table.go:425.53,427.3 1 0
github.com/unionj-cloud/go-doudou/ddl/table/table.go:428.46,430.3 1 2
github.com/unionj-cloud/go-doudou/ddl/table/table.go:431.44,432.43 1 2
github.com/unionj-cloud/go-doudou/ddl/table/table.go:432.43,436.57 4 0
github.com/unionj-cloud/go-doudou/ddl/table/table.go:441.4,441.40 1 0
github.com/unionj-cloud/go-doudou/ddl/table/table.go:436.57,438.5 1 0
github.com/unionj-cloud/go-doudou/ddl/table/table.go:438.10,440.5 1 0
github.com/unionj-cloud/go-doudou/ddl/table/table.go:444.47,446.3 1 2
github.com/unionj-cloud/go-doudou/ddl/table/table.go:447.34,449.28 2 1
github.com/unionj-cloud/go-doudou/ddl/table/table.go:452.3,452.17 1 1
github.com/unionj-cloud/go-doudou/ddl/table/table.go:457.3,458.37 2 1
github.com/unionj-cloud/go-doudou/ddl/table/table.go:449.28,450.12 1 0
github.com/unionj-cloud/go-doudou/ddl/table/table.go:452.17,454.4 1 0
github.com/unionj-cloud/go-doudou/ddl/table/table.go:454.9,456.4 1 1
github.com/unionj-cloud/go-doudou/ddl/table/table.go:468.45,470.2 1 2
