mode: atomic
github.com/unionj-cloud/go-doudou/cmd/name.go:43.47,46.3 2 1
github.com/unionj-cloud/go-doudou/cmd/name.go:49.13,63.2 4 1
github.com/unionj-cloud/go-doudou/cmd/root.go:53.16,55.2 1 0
github.com/unionj-cloud/go-doudou/cmd/root.go:57.13,74.2 7 1
github.com/unionj-cloud/go-doudou/cmd/root.go:77.19,78.19 1 4
github.com/unionj-cloud/go-doudou/cmd/root.go:91.2,94.45 2 4
github.com/unionj-cloud/go-doudou/cmd/root.go:78.19,81.3 1 0
github.com/unionj-cloud/go-doudou/cmd/root.go:81.8,89.3 4 4
github.com/unionj-cloud/go-doudou/cmd/root.go:94.45,96.3 1 0
github.com/unionj-cloud/go-doudou/cmd/svc.go:38.48,39.3 0 0
github.com/unionj-cloud/go-doudou/cmd/svc.go:42.13,54.2 1 1
github.com/unionj-cloud/go-doudou/cmd/ddl.go:51.47,53.60 2 1
github.com/unionj-cloud/go-doudou/cmd/ddl.go:56.3,56.40 1 1
github.com/unionj-cloud/go-doudou/cmd/ddl.go:61.3,61.62 1 1
github.com/unionj-cloud/go-doudou/cmd/ddl.go:64.3,66.17 3 1
github.com/unionj-cloud/go-doudou/cmd/ddl.go:69.3,70.11 2 1
github.com/unionj-cloud/go-doudou/cmd/ddl.go:53.60,55.4 1 0
github.com/unionj-cloud/go-doudou/cmd/ddl.go:56.40,57.44 1 1
github.com/unionj-cloud/go-doudou/cmd/ddl.go:57.44,59.5 1 0
github.com/unionj-cloud/go-doudou/cmd/ddl.go:61.62,63.4 1 0
github.com/unionj-cloud/go-doudou/cmd/ddl.go:66.17,68.4 1 0
github.com/unionj-cloud/go-doudou/cmd/ddl.go:74.13,91.2 7 1
github.com/unionj-cloud/go-doudou/cmd/http.go:46.47,48.20 2 1
github.com/unionj-cloud/go-doudou/cmd/http.go:51.3,52.62 2 1
github.com/unionj-cloud/go-doudou/cmd/http.go:55.3,56.11 2 1
github.com/unionj-cloud/go-doudou/cmd/http.go:48.20,50.4 1 0
github.com/unionj-cloud/go-doudou/cmd/http.go:52.62,54.4 1 0
github.com/unionj-cloud/go-doudou/cmd/http.go:60.13,74.2 4 1
github.com/unionj-cloud/go-doudou/cmd/init.go:41.47,43.20 2 1
github.com/unionj-cloud/go-doudou/cmd/init.go:46.3,47.62 2 1
github.com/unionj-cloud/go-doudou/cmd/init.go:50.3,54.11 2 1
github.com/unionj-cloud/go-doudou/cmd/init.go:43.20,45.4 1 1
github.com/unionj-cloud/go-doudou/cmd/init.go:47.62,49.4 1 0
github.com/unionj-cloud/go-doudou/cmd/init.go:58.13,70.2 1 1
