mode: atomic
github.com/unionj-cloud/go-doudou/svc/config.go:7.45,8.19 1 2
github.com/unionj-cloud/go-doudou/svc/config.go:11.2,11.12 1 2
github.com/unionj-cloud/go-doudou/svc/config.go:8.19,10.3 1 1
github.com/unionj-cloud/go-doudou/svc/config.go:16.48,17.15 1 7
github.com/unionj-cloud/go-doudou/svc/config.go:33.2,33.12 1 7
github.com/unionj-cloud/go-doudou/svc/config.go:18.15,19.36 1 1
github.com/unionj-cloud/go-doudou/svc/config.go:20.15,21.36 1 1
github.com/unionj-cloud/go-doudou/svc/config.go:22.15,23.36 1 1
github.com/unionj-cloud/go-doudou/svc/config.go:24.14,25.35 1 1
github.com/unionj-cloud/go-doudou/svc/config.go:26.15,27.36 1 1
github.com/unionj-cloud/go-doudou/svc/config.go:28.15,29.36 1 1
github.com/unionj-cloud/go-doudou/svc/config.go:30.10,31.35 1 1
github.com/unionj-cloud/go-doudou/svc/svc.go:26.28,33.30 3 1
github.com/unionj-cloud/go-doudou/svc/svc.go:39.2,49.28 8 1
github.com/unionj-cloud/go-doudou/svc/svc.go:33.30,34.40 1 0
github.com/unionj-cloud/go-doudou/svc/svc.go:34.40,35.14 1 0
github.com/unionj-cloud/go-doudou/svc/svc.go:49.28,52.23 3 1
github.com/unionj-cloud/go-doudou/svc/svc.go:57.3,57.46 1 1
github.com/unionj-cloud/go-doudou/svc/svc.go:63.3,64.26 2 1
github.com/unionj-cloud/go-doudou/svc/svc.go:52.23,54.4 1 0
github.com/unionj-cloud/go-doudou/svc/svc.go:54.9,56.4 1 1
github.com/unionj-cloud/go-doudou/svc/svc.go:57.46,58.27 1 0
github.com/unionj-cloud/go-doudou/svc/svc.go:59.14,60.33 1 0
github.com/unionj-cloud/go-doudou/svc/svc.go:68.46,69.29 1 3
github.com/unionj-cloud/go-doudou/svc/svc.go:72.2,73.42 2 3
github.com/unionj-cloud/go-doudou/svc/svc.go:69.29,70.51 1 0
github.com/unionj-cloud/go-doudou/svc/svc.go:73.42,78.39 4 12
github.com/unionj-cloud/go-doudou/svc/svc.go:108.3,108.28 1 12
github.com/unionj-cloud/go-doudou/svc/svc.go:78.39,79.39 1 36
github.com/unionj-cloud/go-doudou/svc/svc.go:82.4,82.87 1 24
github.com/unionj-cloud/go-doudou/svc/svc.go:85.4,85.32 1 24
github.com/unionj-cloud/go-doudou/svc/svc.go:79.39,80.13 1 12
github.com/unionj-cloud/go-doudou/svc/svc.go:82.87,83.163 1 0
github.com/unionj-cloud/go-doudou/svc/svc.go:85.32,88.72 3 7
github.com/unionj-cloud/go-doudou/svc/svc.go:98.5,98.41 1 4
github.com/unionj-cloud/go-doudou/svc/svc.go:105.5,105.52 1 4
github.com/unionj-cloud/go-doudou/svc/svc.go:88.72,90.41 2 3
github.com/unionj-cloud/go-doudou/svc/svc.go:90.41,91.44 1 3
github.com/unionj-cloud/go-doudou/svc/svc.go:95.7,95.15 1 3
github.com/unionj-cloud/go-doudou/svc/svc.go:91.44,94.8 2 3
github.com/unionj-cloud/go-doudou/svc/svc.go:98.41,99.44 1 0
github.com/unionj-cloud/go-doudou/svc/svc.go:103.6,103.14 1 0
github.com/unionj-cloud/go-doudou/svc/svc.go:99.44,102.7 2 0
github.com/unionj-cloud/go-doudou/svc/svc.go:108.28,109.122 1 1
github.com/unionj-cloud/go-doudou/svc/svc.go:114.28,116.2 1 2
github.com/unionj-cloud/go-doudou/svc/internal/codegen/httpmiddleware.go:12.36,21.57 3 1
github.com/unionj-cloud/go-doudou/svc/internal/codegen/httpmiddleware.go:25.2,26.50 2 1
github.com/unionj-cloud/go-doudou/svc/internal/codegen/httpmiddleware.go:21.57,22.13 1 0
github.com/unionj-cloud/go-doudou/svc/internal/codegen/httpmiddleware.go:26.50,27.45 1 1
github.com/unionj-cloud/go-doudou/svc/internal/codegen/httpmiddleware.go:30.3,32.82 2 1
github.com/unionj-cloud/go-doudou/svc/internal/codegen/httpmiddleware.go:35.3,35.44 1 1
github.com/unionj-cloud/go-doudou/svc/internal/codegen/httpmiddleware.go:27.45,28.14 1 0
github.com/unionj-cloud/go-doudou/svc/internal/codegen/httpmiddleware.go:32.82,33.14 1 0
github.com/unionj-cloud/go-doudou/svc/internal/codegen/httpmiddleware.go:35.44,36.14 1 0
github.com/unionj-cloud/go-doudou/svc/internal/codegen/httpmiddleware.go:38.8,40.3 1 0
github.com/unionj-cloud/go-doudou/svc/internal/codegen/config.go:32.28,41.59 3 1
github.com/unionj-cloud/go-doudou/svc/internal/codegen/config.go:45.2,46.54 2 1
github.com/unionj-cloud/go-doudou/svc/internal/codegen/config.go:41.59,42.13 1 0
github.com/unionj-cloud/go-doudou/svc/internal/codegen/config.go:46.54,47.49 1 1
github.com/unionj-cloud/go-doudou/svc/internal/codegen/config.go:50.3,52.78 2 1
github.com/unionj-cloud/go-doudou/svc/internal/codegen/config.go:55.3,55.44 1 1
github.com/unionj-cloud/go-doudou/svc/internal/codegen/config.go:47.49,48.14 1 0
github.com/unionj-cloud/go-doudou/svc/internal/codegen/config.go:52.78,53.14 1 0
github.com/unionj-cloud/go-doudou/svc/internal/codegen/config.go:55.44,56.14 1 0
github.com/unionj-cloud/go-doudou/svc/internal/codegen/config.go:58.8,60.3 1 0
github.com/unionj-cloud/go-doudou/svc/internal/codegen/db.go:42.24,54.55 3 1
github.com/unionj-cloud/go-doudou/svc/internal/codegen/db.go:58.2,59.50 2 1
github.com/unionj-cloud/go-doudou/svc/internal/codegen/db.go:54.55,55.13 1 0
github.com/unionj-cloud/go-doudou/svc/internal/codegen/db.go:59.50,61.44 2 1
github.com/unionj-cloud/go-doudou/svc/internal/codegen/db.go:64.3,65.59 2 1
github.com/unionj-cloud/go-doudou/svc/internal/codegen/db.go:68.3,70.45 2 1
github.com/unionj-cloud/go-doudou/svc/internal/codegen/db.go:73.3,75.70 2 1
github.com/unionj-cloud/go-doudou/svc/internal/codegen/db.go:78.3,82.18 1 1
github.com/unionj-cloud/go-doudou/svc/internal/codegen/db.go:61.44,62.14 1 0
github.com/unionj-cloud/go-doudou/svc/internal/codegen/db.go:65.59,66.14 1 0
github.com/unionj-cloud/go-doudou/svc/internal/codegen/db.go:70.45,71.14 1 0
github.com/unionj-cloud/go-doudou/svc/internal/codegen/db.go:75.70,76.14 1 0
github.com/unionj-cloud/go-doudou/svc/internal/codegen/db.go:82.18,83.14 1 0
github.com/unionj-cloud/go-doudou/svc/internal/codegen/db.go:85.8,87.3 1 0
github.com/unionj-cloud/go-doudou/svc/internal/codegen/doc.go:48.52,50.12 2 58
github.com/unionj-cloud/go-doudou/svc/internal/codegen/doc.go:51.92,52.16 1 16
github.com/unionj-cloud/go-doudou/svc/internal/codegen/doc.go:53.36,54.18 1 0
github.com/unionj-cloud/go-doudou/svc/internal/codegen/doc.go:55.14,56.17 1 3
github.com/unionj-cloud/go-doudou/svc/internal/codegen/doc.go:57.25,58.19 1 18
github.com/unionj-cloud/go-doudou/svc/internal/codegen/doc.go:59.17,60.20 1 0
github.com/unionj-cloud/go-doudou/svc/internal/codegen/doc.go:61.17,62.20 1 1
github.com/unionj-cloud/go-doudou/svc/internal/codegen/doc.go:63.33,64.16 1 0
github.com/unionj-cloud/go-doudou/svc/internal/codegen/doc.go:65.30,66.17 1 0
github.com/unionj-cloud/go-doudou/svc/internal/codegen/doc.go:67.10,68.16 1 0
github.com/unionj-cloud/go-doudou/svc/internal/codegen/doc.go:69.10,70.35 1 20
github.com/unionj-cloud/go-doudou/svc/internal/codegen/doc.go:80.3,80.32 1 20
github.com/unionj-cloud/go-doudou/svc/internal/codegen/doc.go:90.3,91.33 2 18
github.com/unionj-cloud/go-doudou/svc/internal/codegen/doc.go:99.3,99.35 1 11
github.com/unionj-cloud/go-doudou/svc/internal/codegen/doc.go:105.3,105.16 1 3
github.com/unionj-cloud/go-doudou/svc/internal/codegen/doc.go:70.35,79.4 3 0
github.com/unionj-cloud/go-doudou/svc/internal/codegen/doc.go:80.32,89.4 3 2
github.com/unionj-cloud/go-doudou/svc/internal/codegen/doc.go:91.33,93.39 2 9
github.com/unionj-cloud/go-doudou/svc/internal/codegen/doc.go:93.39,97.5 1 7
github.com/unionj-cloud/go-doudou/svc/internal/codegen/doc.go:99.35,104.4 2 8
github.com/unionj-cloud/go-doudou/svc/internal/codegen/doc.go:109.53,112.16 3 41
github.com/unionj-cloud/go-doudou/svc/internal/codegen/doc.go:115.2,115.15 1 41
github.com/unionj-cloud/go-doudou/svc/internal/codegen/doc.go:112.16,113.13 1 0
github.com/unionj-cloud/go-doudou/svc/internal/codegen/doc.go:118.43,121.16 3 2
github.com/unionj-cloud/go-doudou/svc/internal/codegen/doc.go:124.2,127.34 4 2
github.com/unionj-cloud/go-doudou/svc/internal/codegen/doc.go:144.2,144.12 1 2
github.com/unionj-cloud/go-doudou/svc/internal/codegen/doc.go:121.16,122.13 1 0
github.com/unionj-cloud/go-doudou/svc/internal/codegen/doc.go:127.34,128.42 1 12
github.com/unionj-cloud/go-doudou/svc/internal/codegen/doc.go:131.3,132.37 2 12
github.com/unionj-cloud/go-doudou/svc/internal/codegen/doc.go:137.3,142.5 1 12
github.com/unionj-cloud/go-doudou/svc/internal/codegen/doc.go:128.42,129.12 1 0
github.com/unionj-cloud/go-doudou/svc/internal/codegen/doc.go:132.37,136.4 3 37
github.com/unionj-cloud/go-doudou/svc/internal/codegen/doc.go:154.46,158.2 3 14
github.com/unionj-cloud/go-doudou/svc/internal/codegen/doc.go:160.78,170.37 5 1
github.com/unionj-cloud/go-doudou/svc/internal/codegen/doc.go:175.2,175.59 1 1
github.com/unionj-cloud/go-doudou/svc/internal/codegen/doc.go:246.2,250.38 5 1
github.com/unionj-cloud/go-doudou/svc/internal/codegen/doc.go:257.2,257.13 1 1
github.com/unionj-cloud/go-doudou/svc/internal/codegen/doc.go:288.2,293.12 2 1
github.com/unionj-cloud/go-doudou/svc/internal/codegen/doc.go:170.37,171.55 1 2
github.com/unionj-cloud/go-doudou/svc/internal/codegen/doc.go:171.55,173.4 1 1
github.com/unionj-cloud/go-doudou/svc/internal/codegen/doc.go:175.59,182.38 3 0
github.com/unionj-cloud/go-doudou/svc/internal/codegen/doc.go:191.3,202.4 5 0
github.com/unionj-cloud/go-doudou/svc/internal/codegen/doc.go:182.38,183.38 1 0
github.com/unionj-cloud/go-doudou/svc/internal/codegen/doc.go:186.4,189.62 4 0
github.com/unionj-cloud/go-doudou/svc/internal/codegen/doc.go:183.38,184.13 1 0
github.com/unionj-cloud/go-doudou/svc/internal/codegen/doc.go:203.8,209.38 1 1
github.com/unionj-cloud/go-doudou/svc/internal/codegen/doc.go:209.38,210.38 1 2
github.com/unionj-cloud/go-doudou/svc/internal/codegen/doc.go:213.4,216.78 4 1
github.com/unionj-cloud/go-doudou/svc/internal/codegen/doc.go:210.38,211.13 1 1
github.com/unionj-cloud/go-doudou/svc/internal/codegen/doc.go:216.78,226.5 4 0
github.com/unionj-cloud/go-doudou/svc/internal/codegen/doc.go:226.10,226.29 1 1
github.com/unionj-cloud/go-doudou/svc/internal/codegen/doc.go:226.29,232.5 1 0
github.com/unionj-cloud/go-doudou/svc/internal/codegen/doc.go:232.10,242.5 4 1
github.com/unionj-cloud/go-doudou/svc/internal/codegen/doc.go:250.38,251.30 1 3
github.com/unionj-cloud/go-doudou/svc/internal/codegen/doc.go:251.30,254.9 3 0
github.com/unionj-cloud/go-doudou/svc/internal/codegen/doc.go:257.13,265.3 1 0
github.com/unionj-cloud/go-doudou/svc/internal/codegen/doc.go:265.8,272.39 3 1
github.com/unionj-cloud/go-doudou/svc/internal/codegen/doc.go:281.3,286.4 2 1
github.com/unionj-cloud/go-doudou/svc/internal/codegen/doc.go:272.39,274.32 2 3
github.com/unionj-cloud/go-doudou/svc/internal/codegen/doc.go:277.4,279.63 3 3
github.com/unionj-cloud/go-doudou/svc/internal/codegen/doc.go:274.32,276.5 1 0
github.com/unionj-cloud/go-doudou/svc/internal/codegen/doc.go:296.49,302.2 5 1
github.com/unionj-cloud/go-doudou/svc/internal/codegen/doc.go:304.65,305.29 1 1
github.com/unionj-cloud/go-doudou/svc/internal/codegen/doc.go:308.2,310.39 3 1
github.com/unionj-cloud/go-doudou/svc/internal/codegen/doc.go:315.2,315.16 1 1
github.com/unionj-cloud/go-doudou/svc/internal/codegen/doc.go:305.29,307.3 1 0
github.com/unionj-cloud/go-doudou/svc/internal/codegen/doc.go:310.39,314.3 3 1
github.com/unionj-cloud/go-doudou/svc/internal/codegen/doc.go:319.57,335.39 6 1
github.com/unionj-cloud/go-doudou/svc/internal/codegen/doc.go:338.2,338.15 1 1
github.com/unionj-cloud/go-doudou/svc/internal/codegen/doc.go:341.2,343.27 3 1
github.com/unionj-cloud/go-doudou/svc/internal/codegen/doc.go:346.2,364.16 5 1
github.com/unionj-cloud/go-doudou/svc/internal/codegen/doc.go:335.39,336.13 1 0
github.com/unionj-cloud/go-doudou/svc/internal/codegen/doc.go:338.15,340.3 1 0
github.com/unionj-cloud/go-doudou/svc/internal/codegen/doc.go:343.27,345.3 1 6
github.com/unionj-cloud/go-doudou/svc/internal/codegen/doc.go:364.16,365.13 1 0
github.com/unionj-cloud/go-doudou/svc/internal/codegen/httpclient.go:241.40,243.2 1 1
github.com/unionj-cloud/go-doudou/svc/internal/codegen/httpclient.go:245.62,262.59 3 1
github.com/unionj-cloud/go-doudou/svc/internal/codegen/httpclient.go:266.2,268.39 3 1
github.com/unionj-cloud/go-doudou/svc/internal/codegen/httpclient.go:271.2,271.15 1 1
github.com/unionj-cloud/go-doudou/svc/internal/codegen/httpclient.go:274.2,274.48 1 1
github.com/unionj-cloud/go-doudou/svc/internal/codegen/httpclient.go:277.2,280.16 3 1
github.com/unionj-cloud/go-doudou/svc/internal/codegen/httpclient.go:284.2,285.46 2 1
github.com/unionj-cloud/go-doudou/svc/internal/codegen/httpclient.go:288.2,289.58 2 1
github.com/unionj-cloud/go-doudou/svc/internal/codegen/httpclient.go:292.2,303.86 11 1
github.com/unionj-cloud/go-doudou/svc/internal/codegen/httpclient.go:306.2,316.17 1 1
github.com/unionj-cloud/go-doudou/svc/internal/codegen/httpclient.go:320.2,321.48 2 1
github.com/unionj-cloud/go-doudou/svc/internal/codegen/httpclient.go:262.59,263.13 1 0
github.com/unionj-cloud/go-doudou/svc/internal/codegen/httpclient.go:268.39,269.13 1 0
github.com/unionj-cloud/go-doudou/svc/internal/codegen/httpclient.go:271.15,273.3 1 0
github.com/unionj-cloud/go-doudou/svc/internal/codegen/httpclient.go:274.48,275.13 1 0
github.com/unionj-cloud/go-doudou/svc/internal/codegen/httpclient.go:280.16,281.13 1 0
github.com/unionj-cloud/go-doudou/svc/internal/codegen/httpclient.go:285.46,286.13 1 0
github.com/unionj-cloud/go-doudou/svc/internal/codegen/httpclient.go:289.58,290.13 1 0
github.com/unionj-cloud/go-doudou/svc/internal/codegen/httpclient.go:303.86,304.13 1 0
github.com/unionj-cloud/go-doudou/svc/internal/codegen/httpclient.go:316.17,317.13 1 0
github.com/unionj-cloud/go-doudou/svc/internal/codegen/httphandlerimpl.go:45.69,59.57 3 1
github.com/unionj-cloud/go-doudou/svc/internal/codegen/httphandlerimpl.go:63.2,64.59 2 1
github.com/unionj-cloud/go-doudou/svc/internal/codegen/httphandlerimpl.go:59.57,60.13 1 0
github.com/unionj-cloud/go-doudou/svc/internal/codegen/httphandlerimpl.go:64.59,66.44 2 1
github.com/unionj-cloud/go-doudou/svc/internal/codegen/httphandlerimpl.go:69.3,70.59 2 1
github.com/unionj-cloud/go-doudou/svc/internal/codegen/httphandlerimpl.go:73.3,75.54 2 1
github.com/unionj-cloud/go-doudou/svc/internal/codegen/httphandlerimpl.go:78.3,83.103 5 1
github.com/unionj-cloud/go-doudou/svc/internal/codegen/httphandlerimpl.go:86.3,96.18 1 1
github.com/unionj-cloud/go-doudou/svc/internal/codegen/httphandlerimpl.go:100.3,101.54 2 1
github.com/unionj-cloud/go-doudou/svc/internal/codegen/httphandlerimpl.go:66.44,67.14 1 0
github.com/unionj-cloud/go-doudou/svc/internal/codegen/httphandlerimpl.go:70.59,71.14 1 0
github.com/unionj-cloud/go-doudou/svc/internal/codegen/httphandlerimpl.go:75.54,76.14 1 0
github.com/unionj-cloud/go-doudou/svc/internal/codegen/httphandlerimpl.go:83.103,84.14 1 0
github.com/unionj-cloud/go-doudou/svc/internal/codegen/httphandlerimpl.go:96.18,97.14 1 0
github.com/unionj-cloud/go-doudou/svc/internal/codegen/httphandlerimpl.go:102.8,104.3 1 0
github.com/unionj-cloud/go-doudou/svc/internal/codegen/httphandlerimpl.go:272.31,275.2 2 10
github.com/unionj-cloud/go-doudou/svc/internal/codegen/httphandlerimpl.go:277.32,279.2 1 4
github.com/unionj-cloud/go-doudou/svc/internal/codegen/httphandlerimpl.go:283.93,300.57 3 3
github.com/unionj-cloud/go-doudou/svc/internal/codegen/httphandlerimpl.go:304.2,306.39 3 3
github.com/unionj-cloud/go-doudou/svc/internal/codegen/httphandlerimpl.go:310.2,311.16 2 3
github.com/unionj-cloud/go-doudou/svc/internal/codegen/httphandlerimpl.go:314.2,314.15 1 3
github.com/unionj-cloud/go-doudou/svc/internal/codegen/httphandlerimpl.go:359.2,360.46 2 3
github.com/unionj-cloud/go-doudou/svc/internal/codegen/httphandlerimpl.go:363.2,364.58 2 3
github.com/unionj-cloud/go-doudou/svc/internal/codegen/httphandlerimpl.go:367.2,376.91 9 3
github.com/unionj-cloud/go-doudou/svc/internal/codegen/httphandlerimpl.go:379.2,391.17 1 3
github.com/unionj-cloud/go-doudou/svc/internal/codegen/httphandlerimpl.go:395.2,396.16 2 3
github.com/unionj-cloud/go-doudou/svc/internal/codegen/httphandlerimpl.go:400.2,402.47 2 3
github.com/unionj-cloud/go-doudou/svc/internal/codegen/httphandlerimpl.go:300.57,301.13 1 0
github.com/unionj-cloud/go-doudou/svc/internal/codegen/httphandlerimpl.go:306.39,307.13 1 0
github.com/unionj-cloud/go-doudou/svc/internal/codegen/httphandlerimpl.go:311.16,312.13 1 0
github.com/unionj-cloud/go-doudou/svc/internal/codegen/httphandlerimpl.go:314.15,316.75 2 1
github.com/unionj-cloud/go-doudou/svc/internal/codegen/httphandlerimpl.go:319.3,324.17 5 1
github.com/unionj-cloud/go-doudou/svc/internal/codegen/httphandlerimpl.go:327.3,331.70 4 1
github.com/unionj-cloud/go-doudou/svc/internal/codegen/httphandlerimpl.go:316.75,317.14 1 0
github.com/unionj-cloud/go-doudou/svc/internal/codegen/httphandlerimpl.go:324.17,325.14 1 0
github.com/unionj-cloud/go-doudou/svc/internal/codegen/httphandlerimpl.go:331.70,333.38 2 1
github.com/unionj-cloud/go-doudou/svc/internal/codegen/httphandlerimpl.go:349.4,349.33 1 1
github.com/unionj-cloud/go-doudou/svc/internal/codegen/httphandlerimpl.go:333.38,334.38 1 5
github.com/unionj-cloud/go-doudou/svc/internal/codegen/httphandlerimpl.go:344.5,346.4 2 0
github.com/unionj-cloud/go-doudou/svc/internal/codegen/httphandlerimpl.go:334.38,335.34 1 15
github.com/unionj-cloud/go-doudou/svc/internal/codegen/httphandlerimpl.go:338.6,338.102 1 15
github.com/unionj-cloud/go-doudou/svc/internal/codegen/httphandlerimpl.go:335.34,336.15 1 0
github.com/unionj-cloud/go-doudou/svc/internal/codegen/httphandlerimpl.go:338.102,339.36 1 15
github.com/unionj-cloud/go-doudou/svc/internal/codegen/httphandlerimpl.go:339.36,340.14 1 5
github.com/unionj-cloud/go-doudou/svc/internal/codegen/httphandlerimpl.go:351.8,352.54 1 2
github.com/unionj-cloud/go-doudou/svc/internal/codegen/httphandlerimpl.go:355.3,356.33 2 2
github.com/unionj-cloud/go-doudou/svc/internal/codegen/httphandlerimpl.go:352.54,353.14 1 0
github.com/unionj-cloud/go-doudou/svc/internal/codegen/httphandlerimpl.go:360.46,361.13 1 0
github.com/unionj-cloud/go-doudou/svc/internal/codegen/httphandlerimpl.go:364.58,365.13 1 0
github.com/unionj-cloud/go-doudou/svc/internal/codegen/httphandlerimpl.go:376.91,377.13 1 0
github.com/unionj-cloud/go-doudou/svc/internal/codegen/httphandlerimpl.go:391.17,392.13 1 0
github.com/unionj-cloud/go-doudou/svc/internal/codegen/httphandlerimpl.go:396.16,397.13 1 0
github.com/unionj-cloud/go-doudou/svc/internal/codegen/dotenv.go:51.28,60.59 3 1
github.com/unionj-cloud/go-doudou/svc/internal/codegen/dotenv.go:64.2,65.54 2 1
github.com/unionj-cloud/go-doudou/svc/internal/codegen/dotenv.go:60.59,61.13 1 0
github.com/unionj-cloud/go-doudou/svc/internal/codegen/dotenv.go:65.54,66.49 1 1
github.com/unionj-cloud/go-doudou/svc/internal/codegen/dotenv.go:69.3,71.78 2 1
github.com/unionj-cloud/go-doudou/svc/internal/codegen/dotenv.go:74.3,74.44 1 1
github.com/unionj-cloud/go-doudou/svc/internal/codegen/dotenv.go:66.49,67.14 1 0
github.com/unionj-cloud/go-doudou/svc/internal/codegen/dotenv.go:71.78,72.14 1 0
github.com/unionj-cloud/go-doudou/svc/internal/codegen/dotenv.go:74.44,75.14 1 0
github.com/unionj-cloud/go-doudou/svc/internal/codegen/dotenv.go:77.8,79.3 1 0
github.com/unionj-cloud/go-doudou/svc/internal/codegen/httphandler.go:42.36,47.32 5 5
github.com/unionj-cloud/go-doudou/svc/internal/codegen/httphandler.go:52.2,52.32 1 4
github.com/unionj-cloud/go-doudou/svc/internal/codegen/httphandler.go:47.32,48.16 1 17
github.com/unionj-cloud/go-doudou/svc/internal/codegen/httphandler.go:48.16,50.4 1 1
github.com/unionj-cloud/go-doudou/svc/internal/codegen/httphandler.go:55.38,60.32 5 3
github.com/unionj-cloud/go-doudou/svc/internal/codegen/httphandler.go:65.2,65.15 1 2
github.com/unionj-cloud/go-doudou/svc/internal/codegen/httphandler.go:60.32,61.16 1 9
github.com/unionj-cloud/go-doudou/svc/internal/codegen/httphandler.go:61.16,63.4 1 1
github.com/unionj-cloud/go-doudou/svc/internal/codegen/httphandler.go:68.39,73.32 5 4
github.com/unionj-cloud/go-doudou/svc/internal/codegen/httphandler.go:78.2,78.15 1 4
github.com/unionj-cloud/go-doudou/svc/internal/codegen/httphandler.go:73.32,74.16 1 16
github.com/unionj-cloud/go-doudou/svc/internal/codegen/httphandler.go:74.16,76.4 1 0
github.com/unionj-cloud/go-doudou/svc/internal/codegen/httphandler.go:81.65,93.57 3 1
github.com/unionj-cloud/go-doudou/svc/internal/codegen/httphandler.go:97.2,99.39 3 1
github.com/unionj-cloud/go-doudou/svc/internal/codegen/httphandler.go:102.2,102.15 1 1
github.com/unionj-cloud/go-doudou/svc/internal/codegen/httphandler.go:105.2,105.49 1 1
github.com/unionj-cloud/go-doudou/svc/internal/codegen/httphandler.go:108.2,115.98 7 1
github.com/unionj-cloud/go-doudou/svc/internal/codegen/httphandler.go:118.2,118.62 1 1
github.com/unionj-cloud/go-doudou/svc/internal/codegen/httphandler.go:121.2,122.49 2 1
github.com/unionj-cloud/go-doudou/svc/internal/codegen/httphandler.go:93.57,94.13 1 0
github.com/unionj-cloud/go-doudou/svc/internal/codegen/httphandler.go:99.39,100.13 1 0
github.com/unionj-cloud/go-doudou/svc/internal/codegen/httphandler.go:102.15,104.3 1 0
github.com/unionj-cloud/go-doudou/svc/internal/codegen/httphandler.go:105.49,106.13 1 0
github.com/unionj-cloud/go-doudou/svc/internal/codegen/httphandler.go:115.98,116.13 1 0
github.com/unionj-cloud/go-doudou/svc/internal/codegen/httphandler.go:118.62,119.13 1 0
github.com/unionj-cloud/go-doudou/svc/internal/codegen/init.go:121.26,137.30 2 12
github.com/unionj-cloud/go-doudou/svc/internal/codegen/init.go:143.2,143.53 1 12
github.com/unionj-cloud/go-doudou/svc/internal/codegen/init.go:148.2,152.48 4 12
github.com/unionj-cloud/go-doudou/svc/internal/codegen/init.go:157.2,158.57 2 12
github.com/unionj-cloud/go-doudou/svc/internal/codegen/init.go:174.2,179.51 6 12
github.com/unionj-cloud/go-doudou/svc/internal/codegen/init.go:201.2,202.51 2 12
github.com/unionj-cloud/go-doudou/svc/internal/codegen/init.go:218.2,219.55 2 12
github.com/unionj-cloud/go-doudou/svc/internal/codegen/init.go:222.2,223.50 2 12
github.com/unionj-cloud/go-doudou/svc/internal/codegen/init.go:239.2,241.51 3 12
github.com/unionj-cloud/go-doudou/svc/internal/codegen/init.go:137.30,138.40 1 0
github.com/unionj-cloud/go-doudou/svc/internal/codegen/init.go:138.40,139.14 1 0
github.com/unionj-cloud/go-doudou/svc/internal/codegen/init.go:143.53,144.13 1 0
github.com/unionj-cloud/go-doudou/svc/internal/codegen/init.go:152.48,153.26 1 0
github.com/unionj-cloud/go-doudou/svc/internal/codegen/init.go:158.57,159.52 1 12
github.com/unionj-cloud/go-doudou/svc/internal/codegen/init.go:162.3,164.82 2 12
github.com/unionj-cloud/go-doudou/svc/internal/codegen/init.go:167.3,167.44 1 12
github.com/unionj-cloud/go-doudou/svc/internal/codegen/init.go:159.52,160.14 1 0
github.com/unionj-cloud/go-doudou/svc/internal/codegen/init.go:164.82,165.14 1 0
github.com/unionj-cloud/go-doudou/svc/internal/codegen/init.go:167.44,168.14 1 0
github.com/unionj-cloud/go-doudou/svc/internal/codegen/init.go:170.8,172.3 1 0
github.com/unionj-cloud/go-doudou/svc/internal/codegen/init.go:179.51,180.46 1 12
github.com/unionj-cloud/go-doudou/svc/internal/codegen/init.go:183.3,185.72 2 12
github.com/unionj-cloud/go-doudou/svc/internal/codegen/init.go:188.3,194.18 1 12
github.com/unionj-cloud/go-doudou/svc/internal/codegen/init.go:180.46,181.14 1 0
github.com/unionj-cloud/go-doudou/svc/internal/codegen/init.go:185.72,186.14 1 0
github.com/unionj-cloud/go-doudou/svc/internal/codegen/init.go:194.18,195.14 1 0
github.com/unionj-cloud/go-doudou/svc/internal/codegen/init.go:197.8,199.3 1 0
github.com/unionj-cloud/go-doudou/svc/internal/codegen/init.go:202.51,203.46 1 12
github.com/unionj-cloud/go-doudou/svc/internal/codegen/init.go:206.3,208.70 2 12
github.com/unionj-cloud/go-doudou/svc/internal/codegen/init.go:211.3,211.44 1 12
github.com/unionj-cloud/go-doudou/svc/internal/codegen/init.go:203.46,204.14 1 0
github.com/unionj-cloud/go-doudou/svc/internal/codegen/init.go:208.70,209.14 1 0
github.com/unionj-cloud/go-doudou/svc/internal/codegen/init.go:211.44,212.14 1 0
github.com/unionj-cloud/go-doudou/svc/internal/codegen/init.go:214.8,216.3 1 0
github.com/unionj-cloud/go-doudou/svc/internal/codegen/init.go:219.55,220.13 1 0
github.com/unionj-cloud/go-doudou/svc/internal/codegen/init.go:223.50,224.45 1 12
github.com/unionj-cloud/go-doudou/svc/internal/codegen/init.go:227.3,229.70 2 12
github.com/unionj-cloud/go-doudou/svc/internal/codegen/init.go:232.3,232.44 1 12
github.com/unionj-cloud/go-doudou/svc/internal/codegen/init.go:224.45,225.14 1 0
github.com/unionj-cloud/go-doudou/svc/internal/codegen/init.go:229.70,230.14 1 0
github.com/unionj-cloud/go-doudou/svc/internal/codegen/init.go:232.44,233.14 1 0
github.com/unionj-cloud/go-doudou/svc/internal/codegen/init.go:235.8,237.3 1 0
github.com/unionj-cloud/go-doudou/svc/internal/codegen/init.go:241.51,242.44 1 12
github.com/unionj-cloud/go-doudou/svc/internal/codegen/init.go:245.3,246.59 2 12
github.com/unionj-cloud/go-doudou/svc/internal/codegen/init.go:249.3,252.46 3 12
github.com/unionj-cloud/go-doudou/svc/internal/codegen/init.go:255.3,257.72 2 12
github.com/unionj-cloud/go-doudou/svc/internal/codegen/init.go:260.3,266.18 1 12
github.com/unionj-cloud/go-doudou/svc/internal/codegen/init.go:242.44,243.14 1 0
github.com/unionj-cloud/go-doudou/svc/internal/codegen/init.go:246.59,247.14 1 0
github.com/unionj-cloud/go-doudou/svc/internal/codegen/init.go:252.46,253.14 1 0
github.com/unionj-cloud/go-doudou/svc/internal/codegen/init.go:257.72,258.14 1 0
github.com/unionj-cloud/go-doudou/svc/internal/codegen/init.go:266.18,267.14 1 0
github.com/unionj-cloud/go-doudou/svc/internal/codegen/init.go:269.8,271.3 1 0
github.com/unionj-cloud/go-doudou/svc/internal/codegen/init.go:274.58,275.52 1 8
github.com/unionj-cloud/go-doudou/svc/internal/codegen/init.go:278.2,281.16 4 8
github.com/unionj-cloud/go-doudou/svc/internal/codegen/init.go:284.2,285.11 2 8
github.com/unionj-cloud/go-doudou/svc/internal/codegen/init.go:275.52,277.3 1 0
github.com/unionj-cloud/go-doudou/svc/internal/codegen/init.go:281.16,283.3 1 0
github.com/unionj-cloud/go-doudou/svc/internal/codegen/main.go:56.58,70.56 3 1
github.com/unionj-cloud/go-doudou/svc/internal/codegen/main.go:74.2,77.52 4 1
github.com/unionj-cloud/go-doudou/svc/internal/codegen/main.go:70.56,71.13 1 0
github.com/unionj-cloud/go-doudou/svc/internal/codegen/main.go:77.52,79.44 2 1
github.com/unionj-cloud/go-doudou/svc/internal/codegen/main.go:82.3,83.59 2 1
github.com/unionj-cloud/go-doudou/svc/internal/codegen/main.go:86.3,88.47 2 1
github.com/unionj-cloud/go-doudou/svc/internal/codegen/main.go:91.3,93.74 2 1
github.com/unionj-cloud/go-doudou/svc/internal/codegen/main.go:96.3,110.18 1 1
github.com/unionj-cloud/go-doudou/svc/internal/codegen/main.go:79.44,80.14 1 0
github.com/unionj-cloud/go-doudou/svc/internal/codegen/main.go:83.59,84.14 1 0
github.com/unionj-cloud/go-doudou/svc/internal/codegen/main.go:88.47,89.14 1 0
github.com/unionj-cloud/go-doudou/svc/internal/codegen/main.go:93.74,94.14 1 0
github.com/unionj-cloud/go-doudou/svc/internal/codegen/main.go:110.18,111.14 1 0
github.com/unionj-cloud/go-doudou/svc/internal/codegen/main.go:113.8,115.3 1 0
github.com/unionj-cloud/go-doudou/svc/internal/codegen/svcimpl.go:46.61,59.55 3 1
github.com/unionj-cloud/go-doudou/svc/internal/codegen/svcimpl.go:59.55,61.44 2 1
github.com/unionj-cloud/go-doudou/svc/internal/codegen/svcimpl.go:64.3,65.59 2 1
github.com/unionj-cloud/go-doudou/svc/internal/codegen/svcimpl.go:68.3,70.50 2 1
github.com/unionj-cloud/go-doudou/svc/internal/codegen/svcimpl.go:73.3,75.80 2 1
github.com/unionj-cloud/go-doudou/svc/internal/codegen/svcimpl.go:78.3,88.18 1 1
github.com/unionj-cloud/go-doudou/svc/internal/codegen/svcimpl.go:92.3,93.50 2 1
github.com/unionj-cloud/go-doudou/svc/internal/codegen/svcimpl.go:61.44,62.14 1 0
github.com/unionj-cloud/go-doudou/svc/internal/codegen/svcimpl.go:65.59,66.14 1 0
github.com/unionj-cloud/go-doudou/svc/internal/codegen/svcimpl.go:70.50,71.14 1 0
github.com/unionj-cloud/go-doudou/svc/internal/codegen/svcimpl.go:75.80,76.14 1 0
github.com/unionj-cloud/go-doudou/svc/internal/codegen/svcimpl.go:88.18,89.14 1 0
github.com/unionj-cloud/go-doudou/svc/internal/codegen/svcimpl.go:94.8,96.3 1 0
