mode: atomic
github.com/unionj-cloud/go-doudou/ddl/query/query.go:25.36,30.2 1 19
github.com/unionj-cloud/go-doudou/ddl/query/query.go:32.28,37.2 1 4
github.com/unionj-cloud/go-doudou/ddl/query/query.go:39.17,44.2 1 4
github.com/unionj-cloud/go-doudou/ddl/query/query.go:52.32,53.30 1 27
github.com/unionj-cloud/go-doudou/ddl/query/query.go:53.30,58.44 4 3
github.com/unionj-cloud/go-doudou/ddl/query/query.go:76.3,79.21 3 3
github.com/unionj-cloud/go-doudou/ddl/query/query.go:59.22,61.36 2 2
github.com/unionj-cloud/go-doudou/ddl/query/query.go:68.11,69.41 1 1
github.com/unionj-cloud/go-doudou/ddl/query/query.go:61.36,62.42 1 4
github.com/unionj-cloud/go-doudou/ddl/query/query.go:62.42,64.6 1 0
github.com/unionj-cloud/go-doudou/ddl/query/query.go:64.11,66.6 1 4
github.com/unionj-cloud/go-doudou/ddl/query/query.go:69.41,71.5 1 0
github.com/unionj-cloud/go-doudou/ddl/query/query.go:71.10,73.5 1 1
github.com/unionj-cloud/go-doudou/ddl/query/query.go:80.8,81.40 1 24
github.com/unionj-cloud/go-doudou/ddl/query/query.go:84.3,84.86 1 16
github.com/unionj-cloud/go-doudou/ddl/query/query.go:81.40,83.4 1 8
github.com/unionj-cloud/go-doudou/ddl/query/query.go:88.19,90.2 1 27
github.com/unionj-cloud/go-doudou/ddl/query/query.go:92.44,95.2 2 27
github.com/unionj-cloud/go-doudou/ddl/query/query.go:97.40,101.2 3 11
github.com/unionj-cloud/go-doudou/ddl/query/query.go:103.40,107.2 3 4
github.com/unionj-cloud/go-doudou/ddl/query/query.go:109.40,113.2 3 1
github.com/unionj-cloud/go-doudou/ddl/query/query.go:115.40,119.2 3 1
github.com/unionj-cloud/go-doudou/ddl/query/query.go:121.41,125.2 3 2
github.com/unionj-cloud/go-doudou/ddl/query/query.go:127.41,131.2 3 1
github.com/unionj-cloud/go-doudou/ddl/query/query.go:133.37,137.2 3 0
github.com/unionj-cloud/go-doudou/ddl/query/query.go:139.40,143.2 3 4
github.com/unionj-cloud/go-doudou/ddl/query/query.go:145.40,149.2 3 3
github.com/unionj-cloud/go-doudou/ddl/query/query.go:151.32,158.2 4 0
github.com/unionj-cloud/go-doudou/ddl/query/query.go:160.31,167.2 4 10
github.com/unionj-cloud/go-doudou/ddl/query/query.go:174.29,176.2 1 17
github.com/unionj-cloud/go-doudou/ddl/query/query.go:178.29,185.2 4 6
github.com/unionj-cloud/go-doudou/ddl/query/query.go:187.28,194.2 4 1
github.com/unionj-cloud/go-doudou/ddl/query/query.go:207.15,211.2 1 1
github.com/unionj-cloud/go-doudou/ddl/query/query.go:213.35,216.2 2 2
github.com/unionj-cloud/go-doudou/ddl/query/query.go:218.44,222.2 3 2
github.com/unionj-cloud/go-doudou/ddl/query/query.go:225.28,228.23 2 2
github.com/unionj-cloud/go-doudou/ddl/query/query.go:239.2,241.16 2 2
github.com/unionj-cloud/go-doudou/ddl/query/query.go:245.2,245.39 1 2
github.com/unionj-cloud/go-doudou/ddl/query/query.go:228.23,231.34 2 2
github.com/unionj-cloud/go-doudou/ddl/query/query.go:231.34,232.13 1 3
github.com/unionj-cloud/go-doudou/ddl/query/query.go:235.4,235.63 1 3
github.com/unionj-cloud/go-doudou/ddl/query/query.go:232.13,234.5 1 1
github.com/unionj-cloud/go-doudou/ddl/query/query.go:241.16,243.3 1 2
github.com/unionj-cloud/go-doudou/ddl/query/query.go:256.36,262.2 2 1
github.com/unionj-cloud/go-doudou/ddl/codegen/daoimpl.go:16.77,29.21 3 1
github.com/unionj-cloud/go-doudou/ddl/codegen/daoimpl.go:32.2,33.57 2 1
github.com/unionj-cloud/go-doudou/ddl/codegen/daoimpl.go:37.2,38.51 2 1
github.com/unionj-cloud/go-doudou/ddl/codegen/daoimpl.go:77.2,77.12 1 1
github.com/unionj-cloud/go-doudou/ddl/codegen/daoimpl.go:29.21,31.3 1 0
github.com/unionj-cloud/go-doudou/ddl/codegen/daoimpl.go:33.57,35.3 1 0
github.com/unionj-cloud/go-doudou/ddl/codegen/daoimpl.go:38.51,39.46 1 1
github.com/unionj-cloud/go-doudou/ddl/codegen/daoimpl.go:42.3,49.96 7 1
github.com/unionj-cloud/go-doudou/ddl/codegen/daoimpl.go:53.3,53.36 1 1
github.com/unionj-cloud/go-doudou/ddl/codegen/daoimpl.go:59.3,71.18 1 1
github.com/unionj-cloud/go-doudou/ddl/codegen/daoimpl.go:39.46,41.4 1 0
github.com/unionj-cloud/go-doudou/ddl/codegen/daoimpl.go:49.96,51.4 1 0
github.com/unionj-cloud/go-doudou/ddl/codegen/daoimpl.go:53.36,54.17 1 1
github.com/unionj-cloud/go-doudou/ddl/codegen/daoimpl.go:54.17,56.10 2 1
github.com/unionj-cloud/go-doudou/ddl/codegen/daoimpl.go:71.18,73.4 1 0
github.com/unionj-cloud/go-doudou/ddl/codegen/daoimpl.go:74.8,76.3 1 0
github.com/unionj-cloud/go-doudou/ddl/codegen/domain.go:14.66,21.55 2 1
github.com/unionj-cloud/go-doudou/ddl/codegen/domain.go:25.2,26.49 2 1
github.com/unionj-cloud/go-doudou/ddl/codegen/domain.go:42.2,42.12 1 1
github.com/unionj-cloud/go-doudou/ddl/codegen/domain.go:21.55,23.3 1 0
github.com/unionj-cloud/go-doudou/ddl/codegen/domain.go:26.49,27.44 1 1
github.com/unionj-cloud/go-doudou/ddl/codegen/domain.go:30.3,34.70 4 1
github.com/unionj-cloud/go-doudou/ddl/codegen/domain.go:38.3,38.44 1 1
github.com/unionj-cloud/go-doudou/ddl/codegen/domain.go:27.44,29.4 1 0
github.com/unionj-cloud/go-doudou/ddl/codegen/domain.go:34.70,36.4 1 0
github.com/unionj-cloud/go-doudou/ddl/codegen/domain.go:39.8,41.3 1 0
github.com/unionj-cloud/go-doudou/ddl/codegen/base.go:12.59,21.21 3 1
github.com/unionj-cloud/go-doudou/ddl/codegen/base.go:24.2,25.57 2 1
github.com/unionj-cloud/go-doudou/ddl/codegen/base.go:29.2,30.52 2 1
github.com/unionj-cloud/go-doudou/ddl/codegen/base.go:44.2,44.12 1 1
github.com/unionj-cloud/go-doudou/ddl/codegen/base.go:21.21,23.3 1 0
github.com/unionj-cloud/go-doudou/ddl/codegen/base.go:25.57,27.3 1 0
github.com/unionj-cloud/go-doudou/ddl/codegen/base.go:30.52,31.47 1 1
github.com/unionj-cloud/go-doudou/ddl/codegen/base.go:34.3,35.100 2 1
github.com/unionj-cloud/go-doudou/ddl/codegen/base.go:38.3,38.44 1 1
github.com/unionj-cloud/go-doudou/ddl/codegen/base.go:31.47,33.4 1 0
github.com/unionj-cloud/go-doudou/ddl/codegen/base.go:35.100,37.4 1 0
github.com/unionj-cloud/go-doudou/ddl/codegen/base.go:38.44,40.4 1 0
github.com/unionj-cloud/go-doudou/ddl/codegen/base.go:41.8,43.3 1 0
github.com/unionj-cloud/go-doudou/ddl/codegen/dao.go:14.73,23.21 3 2
github.com/unionj-cloud/go-doudou/ddl/codegen/dao.go:26.2,27.57 2 2
github.com/unionj-cloud/go-doudou/ddl/codegen/dao.go:30.2,31.51 2 2
github.com/unionj-cloud/go-doudou/ddl/codegen/dao.go:50.2,50.12 1 2
github.com/unionj-cloud/go-doudou/ddl/codegen/dao.go:23.21,25.3 1 0
github.com/unionj-cloud/go-doudou/ddl/codegen/dao.go:27.57,29.3 1 0
github.com/unionj-cloud/go-doudou/ddl/codegen/dao.go:31.51,32.46 1 2
github.com/unionj-cloud/go-doudou/ddl/codegen/dao.go:35.3,37.98 2 2
github.com/unionj-cloud/go-doudou/ddl/codegen/dao.go:40.3,44.18 1 2
github.com/unionj-cloud/go-doudou/ddl/codegen/dao.go:32.46,34.4 1 0
github.com/unionj-cloud/go-doudou/ddl/codegen/dao.go:37.98,39.4 1 0
github.com/unionj-cloud/go-doudou/ddl/codegen/dao.go:44.18,46.4 1 0
github.com/unionj-cloud/go-doudou/ddl/codegen/dao.go:47.8,49.3 1 0
github.com/unionj-cloud/go-doudou/ddl/codegen/dao.sql.go:15.74,28.21 3 1
github.com/unionj-cloud/go-doudou/ddl/codegen/dao.sql.go:31.2,32.57 2 1
github.com/unionj-cloud/go-doudou/ddl/codegen/dao.sql.go:36.2,37.51 2 1
github.com/unionj-cloud/go-doudou/ddl/codegen/dao.sql.go:87.2,87.12 1 1
github.com/unionj-cloud/go-doudou/ddl/codegen/dao.sql.go:28.21,30.3 1 0
github.com/unionj-cloud/go-doudou/ddl/codegen/dao.sql.go:32.57,34.3 1 0
github.com/unionj-cloud/go-doudou/ddl/codegen/dao.sql.go:37.51,38.46 1 1
github.com/unionj-cloud/go-doudou/ddl/codegen/dao.sql.go:41.3,46.93 5 1
github.com/unionj-cloud/go-doudou/ddl/codegen/dao.sql.go:50.3,50.32 1 1
github.com/unionj-cloud/go-doudou/ddl/codegen/dao.sql.go:59.3,60.32 2 1
github.com/unionj-cloud/go-doudou/ddl/codegen/dao.sql.go:67.3,81.18 1 1
github.com/unionj-cloud/go-doudou/ddl/codegen/dao.sql.go:38.46,40.4 1 0
github.com/unionj-cloud/go-doudou/ddl/codegen/dao.sql.go:46.93,48.4 1 0
github.com/unionj-cloud/go-doudou/ddl/codegen/dao.sql.go:50.32,51.19 1 10
github.com/unionj-cloud/go-doudou/ddl/codegen/dao.sql.go:54.4,54.29 1 10
github.com/unionj-cloud/go-doudou/ddl/codegen/dao.sql.go:51.19,53.5 1 8
github.com/unionj-cloud/go-doudou/ddl/codegen/dao.sql.go:54.29,56.5 1 7
github.com/unionj-cloud/go-doudou/ddl/codegen/dao.sql.go:60.32,61.13 1 1
github.com/unionj-cloud/go-doudou/ddl/codegen/dao.sql.go:61.13,63.10 2 1
github.com/unionj-cloud/go-doudou/ddl/codegen/dao.sql.go:81.18,83.4 1 0
github.com/unionj-cloud/go-doudou/ddl/codegen/dao.sql.go:84.8,86.3 1 0
github.com/unionj-cloud/go-doudou/ddl/table/ddl.go:8.46,13.48 2 1
github.com/unionj-cloud/go-doudou/ddl/table/ddl.go:16.2,17.45 2 1
github.com/unionj-cloud/go-doudou/ddl/table/ddl.go:20.2,20.12 1 1
github.com/unionj-cloud/go-doudou/ddl/table/ddl.go:13.48,15.3 1 0
github.com/unionj-cloud/go-doudou/ddl/table/ddl.go:17.45,19.3 1 0
github.com/unionj-cloud/go-doudou/ddl/table/ddl.go:23.50,28.56 2 3
github.com/unionj-cloud/go-doudou/ddl/table/ddl.go:31.2,32.45 2 3
github.com/unionj-cloud/go-doudou/ddl/table/ddl.go:35.2,35.12 1 1
github.com/unionj-cloud/go-doudou/ddl/table/ddl.go:28.56,30.3 1 0
github.com/unionj-cloud/go-doudou/ddl/table/ddl.go:32.45,34.3 1 2
github.com/unionj-cloud/go-doudou/ddl/table/ddl.go:38.47,43.53 2 1
github.com/unionj-cloud/go-doudou/ddl/table/ddl.go:46.2,47.45 2 1
github.com/unionj-cloud/go-doudou/ddl/table/ddl.go:50.2,50.12 1 1
github.com/unionj-cloud/go-doudou/ddl/table/ddl.go:43.53,45.3 1 0
github.com/unionj-cloud/go-doudou/ddl/table/ddl.go:47.45,49.3 1 0
github.com/unionj-cloud/go-doudou/ddl/table/table.go:36.32,38.2 1 3
github.com/unionj-cloud/go-doudou/ddl/table/table.go:39.42,41.2 1 1
github.com/unionj-cloud/go-doudou/ddl/table/table.go:42.37,44.2 1 1
github.com/unionj-cloud/go-doudou/ddl/table/table.go:52.56,53.16 1 17
github.com/unionj-cloud/go-doudou/ddl/table/table.go:69.2,69.52 1 0
github.com/unionj-cloud/go-doudou/ddl/table/table.go:54.31,55.28 1 4
github.com/unionj-cloud/go-doudou/ddl/table/table.go:56.15,57.31 1 1
github.com/unionj-cloud/go-doudou/ddl/table/table.go:58.17,59.30 1 1
github.com/unionj-cloud/go-doudou/ddl/table/table.go:60.17,61.31 1 1
github.com/unionj-cloud/go-doudou/ddl/table/table.go:62.16,63.32 1 4
github.com/unionj-cloud/go-doudou/ddl/table/table.go:64.22,65.32 1 2
github.com/unionj-cloud/go-doudou/ddl/table/table.go:66.19,67.33 1 4
github.com/unionj-cloud/go-doudou/ddl/table/table.go:72.68,74.14 2 10
github.com/unionj-cloud/go-doudou/ddl/table/table.go:77.2,77.90 1 10
github.com/unionj-cloud/go-doudou/ddl/table/table.go:96.2,96.15 1 10
github.com/unionj-cloud/go-doudou/ddl/table/table.go:74.14,76.3 1 1
github.com/unionj-cloud/go-doudou/ddl/table/table.go:77.90,79.3 1 1
github.com/unionj-cloud/go-doudou/ddl/table/table.go:79.8,79.100 1 9
github.com/unionj-cloud/go-doudou/ddl/table/table.go:79.100,81.3 1 1
github.com/unionj-cloud/go-doudou/ddl/table/table.go:81.8,81.99 1 8
github.com/unionj-cloud/go-doudou/ddl/table/table.go:81.99,83.3 1 1
github.com/unionj-cloud/go-doudou/ddl/table/table.go:83.8,83.100 1 7
github.com/unionj-cloud/go-doudou/ddl/table/table.go:83.100,85.3 1 1
github.com/unionj-cloud/go-doudou/ddl/table/table.go:85.8,85.63 1 6
github.com/unionj-cloud/go-doudou/ddl/table/table.go:85.63,87.3 1 3
github.com/unionj-cloud/go-doudou/ddl/table/table.go:87.8,87.98 1 3
github.com/unionj-cloud/go-doudou/ddl/table/table.go:87.98,89.3 1 1
github.com/unionj-cloud/go-doudou/ddl/table/table.go:89.8,89.101 1 2
github.com/unionj-cloud/go-doudou/ddl/table/table.go:89.101,91.3 1 1
github.com/unionj-cloud/go-doudou/ddl/table/table.go:91.8,91.102 1 1
github.com/unionj-cloud/go-doudou/ddl/table/table.go:91.102,93.3 1 1
github.com/unionj-cloud/go-doudou/ddl/table/table.go:93.8,94.54 1 0
github.com/unionj-cloud/go-doudou/ddl/table/table.go:99.36,101.2 1 1
github.com/unionj-cloud/go-doudou/ddl/table/table.go:103.41,105.2 1 1
github.com/unionj-cloud/go-doudou/ddl/table/table.go:107.43,109.22 2 1
github.com/unionj-cloud/go-doudou/ddl/table/table.go:112.2,112.32 1 1
github.com/unionj-cloud/go-doudou/ddl/table/table.go:109.22,111.3 1 0
github.com/unionj-cloud/go-doudou/ddl/table/table.go:115.44,117.2 1 1
github.com/unionj-cloud/go-doudou/ddl/table/table.go:119.44,121.2 1 1
github.com/unionj-cloud/go-doudou/ddl/table/table.go:138.52,140.2 1 4
github.com/unionj-cloud/go-doudou/ddl/table/table.go:142.49,144.2 1 2
github.com/unionj-cloud/go-doudou/ddl/table/table.go:174.81,183.21 3 1
github.com/unionj-cloud/go-doudou/ddl/table/table.go:186.2,186.42 1 1
github.com/unionj-cloud/go-doudou/ddl/table/table.go:355.2,355.33 1 1
github.com/unionj-cloud/go-doudou/ddl/table/table.go:362.2,365.39 3 1
github.com/unionj-cloud/go-doudou/ddl/table/table.go:374.2,374.32 1 1
github.com/unionj-cloud/go-doudou/ddl/table/table.go:383.2,385.30 2 1
github.com/unionj-cloud/go-doudou/ddl/table/table.go:395.2,395.29 1 1
github.com/unionj-cloud/go-doudou/ddl/table/table.go:404.2,412.3 2 1
github.com/unionj-cloud/go-doudou/ddl/table/table.go:183.21,185.3 1 0
github.com/unionj-cloud/go-doudou/ddl/table/table.go:186.42,201.40 3 10
github.com/unionj-cloud/go-doudou/ddl/table/table.go:322.3,322.41 1 10
github.com/unionj-cloud/go-doudou/ddl/table/table.go:326.3,326.46 1 10
github.com/unionj-cloud/go-doudou/ddl/table/table.go:330.3,330.47 1 10
github.com/unionj-cloud/go-doudou/ddl/table/table.go:335.3,335.41 1 10
github.com/unionj-cloud/go-doudou/ddl/table/table.go:340.3,352.5 1 10
github.com/unionj-cloud/go-doudou/ddl/table/table.go:201.40,204.29 3 8
github.com/unionj-cloud/go-doudou/ddl/table/table.go:210.4,210.37 1 8
github.com/unionj-cloud/go-doudou/ddl/table/table.go:204.29,205.79 1 8
github.com/unionj-cloud/go-doudou/ddl/table/table.go:205.79,207.11 2 8
github.com/unionj-cloud/go-doudou/ddl/table/table.go:210.37,212.28 2 8
github.com/unionj-cloud/go-doudou/ddl/table/table.go:212.28,214.23 2 15
github.com/unionj-cloud/go-doudou/ddl/table/table.go:214.23,217.18 3 10
github.com/unionj-cloud/go-doudou/ddl/table/table.go:218.19,220.13 2 0
github.com/unionj-cloud/go-doudou/ddl/table/table.go:221.22,223.24 2 5
github.com/unionj-cloud/go-doudou/ddl/table/table.go:226.8,226.13 1 5
github.com/unionj-cloud/go-doudou/ddl/table/table.go:227.20,229.13 2 3
github.com/unionj-cloud/go-doudou/ddl/table/table.go:230.20,235.22 5 2
github.com/unionj-cloud/go-doudou/ddl/table/table.go:238.8,239.59 2 2
github.com/unionj-cloud/go-doudou/ddl/table/table.go:244.8,253.13 2 2
github.com/unionj-cloud/go-doudou/ddl/table/table.go:254.21,259.22 5 0
github.com/unionj-cloud/go-doudou/ddl/table/table.go:262.8,263.59 2 0
github.com/unionj-cloud/go-doudou/ddl/table/table.go:268.8,277.13 2 0
github.com/unionj-cloud/go-doudou/ddl/table/table.go:223.24,225.9 1 2
github.com/unionj-cloud/go-doudou/ddl/table/table.go:235.22,236.19 1 0
github.com/unionj-cloud/go-doudou/ddl/table/table.go:239.59,241.9 1 2
github.com/unionj-cloud/go-doudou/ddl/table/table.go:241.14,243.9 1 0
github.com/unionj-cloud/go-doudou/ddl/table/table.go:259.22,260.19 1 0
github.com/unionj-cloud/go-doudou/ddl/table/table.go:263.59,265.9 1 0
github.com/unionj-cloud/go-doudou/ddl/table/table.go:265.14,267.9 1 0
github.com/unionj-cloud/go-doudou/ddl/table/table.go:279.12,281.18 2 5
github.com/unionj-cloud/go-doudou/ddl/table/table.go:282.17,284.13 2 1
github.com/unionj-cloud/go-doudou/ddl/table/table.go:285.19,287.13 2 1
github.com/unionj-cloud/go-doudou/ddl/table/table.go:288.23,290.13 2 0
github.com/unionj-cloud/go-doudou/ddl/table/table.go:291.19,293.13 2 1
github.com/unionj-cloud/go-doudou/ddl/table/table.go:294.20,304.13 2 1
github.com/unionj-cloud/go-doudou/ddl/table/table.go:305.21,315.13 2 1
github.com/unionj-cloud/go-doudou/ddl/table/table.go:322.41,324.4 1 3
github.com/unionj-cloud/go-doudou/ddl/table/table.go:326.46,328.4 1 10
github.com/unionj-cloud/go-doudou/ddl/table/table.go:330.47,333.4 2 1
github.com/unionj-cloud/go-doudou/ddl/table/table.go:335.41,338.4 2 3
github.com/unionj-cloud/go-doudou/ddl/table/table.go:355.33,356.16 1 1
github.com/unionj-cloud/go-doudou/ddl/table/table.go:356.16,358.9 2 1
github.com/unionj-cloud/go-doudou/ddl/table/table.go:365.39,366.54 1 1
github.com/unionj-cloud/go-doudou/ddl/table/table.go:366.54,369.4 2 0
github.com/unionj-cloud/go-doudou/ddl/table/table.go:369.9,371.4 1 1
github.com/unionj-cloud/go-doudou/ddl/table/table.go:374.32,375.52 1 3
github.com/unionj-cloud/go-doudou/ddl/table/table.go:375.52,378.4 2 1
github.com/unionj-cloud/go-doudou/ddl/table/table.go:378.9,380.4 1 2
github.com/unionj-cloud/go-doudou/ddl/table/table.go:385.30,393.3 3 1
github.com/unionj-cloud/go-doudou/ddl/table/table.go:395.29,402.3 3 2
github.com/unionj-cloud/go-doudou/ddl/table/table.go:415.56,418.12 3 2
github.com/unionj-cloud/go-doudou/ddl/table/table.go:421.2,421.23 1 2
github.com/unionj-cloud/go-doudou/ddl/table/table.go:424.2,425.53 2 2
github.com/unionj-cloud/go-doudou/ddl/table/table.go:428.2,428.46 1 2
github.com/unionj-cloud/go-doudou/ddl/table/table.go:431.2,431.44 1 2
github.com/unionj-cloud/go-doudou/ddl/table/table.go:444.2,444.47 1 2
github.com/unionj-cloud/go-doudou/ddl/table/table.go:447.2,447.34 1 2
github.com/unionj-cloud/go-doudou/ddl/table/table.go:461.2,465.3 1 2
github.com/unionj-cloud/go-doudou/ddl/table/table.go:418.12,420.3 1 0
github.com/unionj-cloud/go-doudou/ddl/table/table.go:421.23,423.3 1 1
github.com/unionj-cloud/go-doudou/ddl/table/table.go:425.53,427.3 1 0
github.com/unionj-cloud/go-doudou/ddl/table/table.go:428.46,430.3 1 2
github.com/unionj-cloud/go-doudou/ddl/table/table.go:431.44,432.43 1 2
github.com/unionj-cloud/go-doudou/ddl/table/table.go:432.43,436.57 4 0
github.com/unionj-cloud/go-doudou/ddl/table/table.go:441.4,441.40 1 0
github.com/unionj-cloud/go-doudou/ddl/table/table.go:436.57,438.5 1 0
github.com/unionj-cloud/go-doudou/ddl/table/table.go:438.10,440.5 1 0
github.com/unionj-cloud/go-doudou/ddl/table/table.go:444.47,446.3 1 2
github.com/unionj-cloud/go-doudou/ddl/table/table.go:447.34,449.28 2 1
github.com/unionj-cloud/go-doudou/ddl/table/table.go:452.3,452.17 1 1
github.com/unionj-cloud/go-doudou/ddl/table/table.go:457.3,458.37 2 1
github.com/unionj-cloud/go-doudou/ddl/table/table.go:449.28,450.12 1 0
github.com/unionj-cloud/go-doudou/ddl/table/table.go:452.17,454.4 1 0
github.com/unionj-cloud/go-doudou/ddl/table/table.go:454.9,456.4 1 1
github.com/unionj-cloud/go-doudou/ddl/table/table.go:468.45,470.2 1 2
